#
# A fatal error has been detected by the Java Runtime Environment:
#
#  EXCEPTION_ACCESS_VIOLATION (0xc0000005) at pc=0x00000001800087dd, pid=4816, tid=7660
#
# JRE version: Java(TM) SE Runtime Environment (8.0_60-b27) (build 1.8.0_60-b27)
# Java VM: Java HotSpot(TM) 64-Bit Server VM (25.60-b23 mixed mode windows-amd64 compressed oops)
# Problematic frame:
# C  [rxtxSerial.dll+0x87dd]
#
# Failed to write core dump. Minidumps are not enabled by default on client versions of Windows
#
# If you would like to submit a bug report, please visit:
#   http://bugreport.java.com/bugreport/crash.jsp
# The crash happened outside the Java Virtual Machine in native code.
# See problematic frame for where to report the bug.
#

---------------  T H R E A D  ---------------

Current thread (0x000000005e737800):  JavaThread "VisualizarHorarioCommunicationSerial" [_thread_in_native, id=7660, stack(0x0000000067320000,0x0000000067420000)]

siginfo: ExceptionCode=0xc0000005, writing address 0x0000000000000100

Registers:
RAX=0x0000000000000000, RBX=0x00000000671f7eb0, RCX=0x0000000000000002, RDX=0x0000000000000000
RSP=0x000000006741ef90, RBP=0x000000006741f200, RSI=0x000000005e743579, RDI=0x00000000672e5610
R8 =0x0000000000000000, R9 =0x0000000000000000, R10=0x00000000672e4f70, R11=0x0000000000000001
R12=0x000000006741f208, R13=0x0000000068826150, R14=0x000000006741f208, R15=0x000000005e737800
RIP=0x00000001800087dd, EFLAGS=0x0000000000010202

Top of Stack: (sp=0x000000006741ef90)
0x000000006741ef90:   00000000671f7eb0 000000005e743570
0x000000006741efa0:   000000005e737800 0000000000000009
0x000000006741efb0:   000000005e743570 000000018000aab4
0x000000006741efc0:   000000005e7379f8 0000000000000106
0x000000006741efd0:   0000000068826150 000000006741f208
0x000000006741efe0:   000000005df95570 000000005e743570
0x000000006741eff0:   000000006741f200 000000018000b7fe
0x000000006741f000:   0000000000000008 0000000068826150
0x000000006741f010:   000000005e7379f8 0000000000000000
0x000000006741f020:   000000005e737800 0000000000000000
0x000000006741f030:   00004a38857d6b14 000000007fffffdc
0x000000006741f040:   000000006741f0d0 0000000000000042
0x000000006741f050:   000000005e7379f8 0000000000000000
0x000000006741f060:   000000005e743570 000000018000213d
0x000000006741f070:   000000006741f200 000000018001c0b0
0x000000006741f080:   0000000000000000 0000000180000000 

Instructions: (pc=0x00000001800087dd)
0x00000001800087bd:   00 00 7e 3d 48 8b 87 08 01 00 00 48 89 bb 00 01
0x00000001800087cd:   00 00 48 89 83 08 01 00 00 48 8b 87 08 01 00 00
0x00000001800087dd:   48 89 98 00 01 00 00 48 89 9f 08 01 00 00 48 8b
0x00000001800087ed:   c3 48 8b 5c 24 30 48 8b 74 24 38 48 83 c4 20 5f 


Register to memory mapping:

RAX=0x0000000000000000 is an unknown value
RBX=0x00000000671f7eb0 is an unknown value
RCX=0x0000000000000002 is an unknown value
RDX=0x0000000000000000 is an unknown value
RSP=0x000000006741ef90 is pointing into the stack for thread: 0x000000005e737800
RBP=0x000000006741f200 is pointing into the stack for thread: 0x000000005e737800
RSI=0x000000005e743579 is an unknown value
RDI=0x00000000672e5610 is an unknown value
R8 =0x0000000000000000 is an unknown value
R9 =0x0000000000000000 is an unknown value
R10=0x00000000672e4f70 is an unknown value
R11=0x0000000000000001 is an unknown value
R12=0x000000006741f208 is pointing into the stack for thread: 0x000000005e737800
R13=0x0000000068826150 is pointing into metadata
R14=0x000000006741f208 is pointing into the stack for thread: 0x000000005e737800
R15=0x000000005e737800 is a thread


Stack: [0x0000000067320000,0x0000000067420000],  sp=0x000000006741ef90,  free space=1019k
Native frames: (J=compiled Java code, j=interpreted, Vv=VM code, C=native code)
C  [rxtxSerial.dll+0x87dd]
C  [rxtxSerial.dll+0xaab4]
C  [rxtxSerial.dll+0x213d]
C  0x000000000296690b

Java frames: (J=compiled Java code, j=interpreted, Vv=VM code)
j  gnu.io.RXTXPort.open(Ljava/lang/String;)I+0
j  gnu.io.RXTXPort.<init>(Ljava/lang/String;)V+125
j  gnu.io.RXTXCommDriver.getCommPort(Ljava/lang/String;I)Lgnu/io/CommPort;+78
j  gnu.io.CommPortIdentifier.open(Ljava/lang/String;I)Lgnu/io/CommPort;+171
j  br.com.QuadroDeHorario.control.SerialConnection.abrirPorta(Lgnu/io/CommPortIdentifier;)Lgnu/io/SerialPort;+11
j  br.com.QuadroDeHorario.control.SerialCommunication.testarConexao(Lgnu/io/CommPortIdentifier;)V+11
j  br.com.QuadroDeHorario.control.SerialCommunication.encontrarPorta()V+34
j  br.com.QuadroDeHorario.control.SerialCommunication.encontrarPorta()V+58
j  br.com.QuadroDeHorario.control.SerialCommunication.run()V+35
j  java.lang.Thread.run()V+11
v  ~StubRoutines::call_stub

---------------  P R O C E S S  ---------------

Java Threads: ( => current thread )
  0x000000005e73d000 JavaThread "Thread-13" [_thread_in_native, id=6272, stack(0x000000005a220000,0x000000005a320000)]
  0x000000005e73c000 JavaThread "DestroyJavaVM" [_thread_blocked, id=1288, stack(0x0000000002580000,0x0000000002680000)]
  0x000000005e73b800 JavaThread "VisualizarHorarioCommunicationSerial" [_thread_blocked, id=3924, stack(0x00000000676b0000,0x00000000677b0000)]
=>0x000000005e737800 JavaThread "VisualizarHorarioCommunicationSerial" [_thread_in_native, id=7660, stack(0x0000000067320000,0x0000000067420000)]
  0x000000005e739000 JavaThread "Prism Font Disposer" daemon [_thread_blocked, id=7684, stack(0x0000000061dc0000,0x0000000061ec0000)]
  0x000000005e525000 JavaThread "C3P0PooledConnectionPoolManager[identityToken->2rvxxc9e9hgbgw1nkqih5|4a23cfb4]-HelperThread-#2" daemon [_thread_blocked, id=7872, stack(0x000000005d1d0000,0x000000005d2d0000)]
  0x000000005e51e800 JavaThread "C3P0PooledConnectionPoolManager[identityToken->2rvxxc9e9hgbgw1nkqih5|4a23cfb4]-HelperThread-#1" daemon [_thread_blocked, id=8048, stack(0x000000005c130000,0x000000005c230000)]
  0x000000005e74a800 JavaThread "C3P0PooledConnectionPoolManager[identityToken->2rvxxc9e9hgbgw1nkqih5|4a23cfb4]-HelperThread-#0" daemon [_thread_blocked, id=4824, stack(0x000000005ce60000,0x000000005cf60000)]
  0x000000005e74a000 JavaThread "C3P0PooledConnectionPoolManager[identityToken->2rvxxc9e9hgbgw1nkqih5|4a23cfb4]-AdminTaskTimer" daemon [_thread_blocked, id=6404, stack(0x000000005cfb0000,0x000000005d0b0000)]
  0x000000005e558800 JavaThread "Abandoned connection cleanup thread" daemon [_thread_blocked, id=7816, stack(0x000000005cb30000,0x000000005cc30000)]
  0x0000000059510000 JavaThread "Thread-3" daemon [_thread_in_native, id=1216, stack(0x000000005b9c0000,0x000000005bac0000)]
  0x0000000059449800 JavaThread "Thread-1" daemon [_thread_blocked, id=7444, stack(0x000000005a3e0000,0x000000005a4e0000)]
  0x0000000058582000 JavaThread "Service Thread" daemon [_thread_blocked, id=7100, stack(0x0000000059150000,0x0000000059250000)]
  0x000000005850b800 JavaThread "C1 CompilerThread2" daemon [_thread_blocked, id=5412, stack(0x0000000058fd0000,0x00000000590d0000)]
  0x000000005850a000 JavaThread "C2 CompilerThread1" daemon [_thread_blocked, id=7268, stack(0x0000000058ec0000,0x0000000058fc0000)]
  0x0000000058502800 JavaThread "C2 CompilerThread0" daemon [_thread_blocked, id=6428, stack(0x0000000058d90000,0x0000000058e90000)]
  0x0000000057247000 JavaThread "Attach Listener" daemon [_thread_blocked, id=3996, stack(0x0000000058ba0000,0x0000000058ca0000)]
  0x0000000057244800 JavaThread "Signal Dispatcher" daemon [_thread_blocked, id=6512, stack(0x0000000058950000,0x0000000058a50000)]
  0x00000000571ea000 JavaThread "Finalizer" daemon [_thread_blocked, id=7696, stack(0x0000000058400000,0x0000000058500000)]
  0x00000000571e3000 JavaThread "Reference Handler" daemon [_thread_blocked, id=7480, stack(0x0000000058090000,0x0000000058190000)]

Other Threads:
  0x00000000571dd800 VMThread [stack: 0x0000000058210000,0x0000000058310000] [id=7348]
  0x00000000585a0800 WatcherThread [stack: 0x00000000592d0000,0x00000000593d0000] [id=3524]

VM state:not at safepoint (normal execution)

VM Mutex/Monitor currently owned by a thread: None

Heap:
 PSYoungGen      total 129536K, used 71554K [0x00000000d8500000, 0x00000000e5000000, 0x0000000100000000)
  eden space 120320K, 59% used [0x00000000d8500000,0x00000000dcae0b20,0x00000000dfa80000)
  from space 9216K, 0% used [0x00000000dfa80000,0x00000000dfa80000,0x00000000e0380000)
  to   space 12288K, 0% used [0x00000000e4400000,0x00000000e4400000,0x00000000e5000000)
 ParOldGen       total 84992K, used 19587K [0x0000000088e00000, 0x000000008e100000, 0x00000000d8500000)
  object space 84992K, 23% used [0x0000000088e00000,0x000000008a120fc8,0x000000008e100000)
 Metaspace       used 40063K, capacity 41414K, committed 41472K, reserved 1085440K
  class space    used 5339K, capacity 5620K, committed 5632K, reserved 1048576K

Card table byte_map: [0x0000000011d10000,0x00000000120d0000] byte_map_base: 0x00000000118c9000

Marking Bits: (ParMarkBitMap*) 0x000000005de5a5b0
 Begin Bits: [0x0000000012900000, 0x00000000146c8000)
 End Bits:   [0x00000000146c8000, 0x0000000016490000)

Polling page: 0x0000000000140000

CodeCache: size=245760Kb used=14616Kb max_used=14700Kb free=231143Kb
 bounds [0x0000000002950000, 0x00000000037c0000, 0x0000000011950000]
 total_blobs=5819 nmethods=4946 adapters=783
 compilation: enabled

Compilation events (10 events):
Event: 9.255 Thread 0x0000000058502800 nmethod 5225 0x000000000379cb10 code [0x000000000379cc60, 0x000000000379cf68]
Event: 9.259 Thread 0x000000005850a000 nmethod 5219 0x00000000037b2c50 code [0x00000000037b3180, 0x00000000037b78b0]
Event: 9.268 Thread 0x000000005850b800 5269       3       java.util.Date::getTime (5 bytes)
Event: 9.268 Thread 0x000000005850b800 nmethod 5269 0x00000000037a0610 code [0x00000000037a0780, 0x00000000037a0a88]
Event: 9.268 Thread 0x000000005850b800 5270       3       java.util.Date::getTimeImpl (27 bytes)
Event: 9.268 Thread 0x000000005850b800 nmethod 5270 0x0000000002a5bf90 code [0x0000000002a5c100, 0x0000000002a5c3a8]
Event: 12.288 Thread 0x0000000058502800 5271       4       java.lang.StringBuffer::<init> (7 bytes)
Event: 12.290 Thread 0x0000000058502800 nmethod 5271 0x0000000002acced0 code [0x0000000002acd020, 0x0000000002acd0f8]
Event: 12.314 Thread 0x000000005850a000 5272       4       java.lang.String::indexOf (7 bytes)
Event: 12.325 Thread 0x000000005850a000 nmethod 5272 0x0000000002b3e010 code [0x0000000002b3e160, 0x0000000002b3e558]

GC Heap History (10 events):
Event: 3.017 GC heap before
{Heap before GC invocations=5 (full 0):
 PSYoungGen      total 66560K, used 11758K [0x00000000d8500000, 0x00000000dcb00000, 0x0000000100000000)
  eden space 61440K, 10% used [0x00000000d8500000,0x00000000d8b7e648,0x00000000dc100000)
  from space 5120K, 99% used [0x00000000dc600000,0x00000000dcafd4f8,0x00000000dcb00000)
  to   space 5120K, 0% used [0x00000000dc100000,0x00000000dc100000,0x00000000dc600000)
 ParOldGen       total 81920K, used 7212K [0x0000000088e00000, 0x000000008de00000, 0x00000000d8500000)
  object space 81920K, 8% used [0x0000000088e00000,0x000000008950b3b0,0x000000008de00000)
 Metaspace       used 20808K, capacity 21178K, committed 21296K, reserved 1069056K
  class space    used 2564K, capacity 2679K, committed 2688K, reserved 1048576K
Event: 3.021 GC heap after
Heap after GC invocations=5 (full 0):
 PSYoungGen      total 66560K, used 5110K [0x00000000d8500000, 0x00000000e0f00000, 0x0000000100000000)
  eden space 61440K, 0% used [0x00000000d8500000,0x00000000d8500000,0x00000000dc100000)
  from space 5120K, 99% used [0x00000000dc100000,0x00000000dc5fd8e8,0x00000000dc600000)
  to   space 9216K, 0% used [0x00000000e0600000,0x00000000e0600000,0x00000000e0f00000)
 ParOldGen       total 81920K, used 7652K [0x0000000088e00000, 0x000000008de00000, 0x00000000d8500000)
  object space 81920K, 9% used [0x0000000088e00000,0x00000000895791c8,0x000000008de00000)
 Metaspace       used 20808K, capacity 21178K, committed 21296K, reserved 1069056K
  class space    used 2564K, capacity 2679K, committed 2688K, reserved 1048576K
}
Event: 3.021 GC heap before
{Heap before GC invocations=6 (full 1):
 PSYoungGen      total 66560K, used 5110K [0x00000000d8500000, 0x00000000e0f00000, 0x0000000100000000)
  eden space 61440K, 0% used [0x00000000d8500000,0x00000000d8500000,0x00000000dc100000)
  from space 5120K, 99% used [0x00000000dc100000,0x00000000dc5fd8e8,0x00000000dc600000)
  to   space 9216K, 0% used [0x00000000e0600000,0x00000000e0600000,0x00000000e0f00000)
 ParOldGen       total 81920K, used 7652K [0x0000000088e00000, 0x000000008de00000, 0x00000000d8500000)
  object space 81920K, 9% used [0x0000000088e00000,0x00000000895791c8,0x000000008de00000)
 Metaspace       used 20808K, capacity 21178K, committed 21296K, reserved 1069056K
  class space    used 2564K, capacity 2679K, committed 2688K, reserved 1048576K
Event: 3.049 GC heap after
Heap after GC invocations=6 (full 1):
 PSYoungGen      total 66560K, used 0K [0x00000000d8500000, 0x00000000e0f00000, 0x0000000100000000)
  eden space 61440K, 0% used [0x00000000d8500000,0x00000000d8500000,0x00000000dc100000)
  from space 5120K, 0% used [0x00000000dc100000,0x00000000dc100000,0x00000000dc600000)
  to   space 9216K, 0% used [0x00000000e0600000,0x00000000e0600000,0x00000000e0f00000)
 ParOldGen       total 48128K, used 6438K [0x0000000088e00000, 0x000000008bd00000, 0x00000000d8500000)
  object space 48128K, 13% used [0x0000000088e00000,0x0000000089449bc8,0x000000008bd00000)
 Metaspace       used 20804K, capacity 21172K, committed 21296K, reserved 1069056K
  class space    used 2564K, capacity 2678K, committed 2688K, reserved 1048576K
}
Event: 3.571 GC heap before
{Heap before GC invocations=7 (full 1):
 PSYoungGen      total 66560K, used 61440K [0x00000000d8500000, 0x00000000e0f00000, 0x0000000100000000)
  eden space 61440K, 100% used [0x00000000d8500000,0x00000000dc100000,0x00000000dc100000)
  from space 5120K, 0% used [0x00000000dc100000,0x00000000dc100000,0x00000000dc600000)
  to   space 9216K, 0% used [0x00000000e0600000,0x00000000e0600000,0x00000000e0f00000)
 ParOldGen       total 48128K, used 6438K [0x0000000088e00000, 0x000000008bd00000, 0x00000000d8500000)
  object space 48128K, 13% used [0x0000000088e00000,0x0000000089449bc8,0x000000008bd00000)
 Metaspace       used 24886K, capacity 25256K, committed 25600K, reserved 1071104K
  class space    used 3098K, capacity 3236K, committed 3328K, reserved 1048576K
Event: 3.577 GC heap after
Heap after GC invocations=7 (full 1):
 PSYoungGen      total 114176K, used 6470K [0x00000000d8500000, 0x00000000e0c80000, 0x0000000100000000)
  eden space 107520K, 0% used [0x00000000d8500000,0x00000000d8500000,0x00000000dee00000)
  from space 6656K, 97% used [0x00000000e0600000,0x00000000e0c518e8,0x00000000e0c80000)
  to   space 9216K, 0% used [0x00000000dfa80000,0x00000000dfa80000,0x00000000e0380000)
 ParOldGen       total 48128K, used 6438K [0x0000000088e00000, 0x000000008bd00000, 0x00000000d8500000)
  object space 48128K, 13% used [0x0000000088e00000,0x0000000089449bc8,0x000000008bd00000)
 Metaspace       used 24886K, capacity 25256K, committed 25600K, reserved 1071104K
  class space    used 3098K, capacity 3236K, committed 3328K, reserved 1048576K
}
Event: 4.631 GC heap before
{Heap before GC invocations=8 (full 1):
 PSYoungGen      total 114176K, used 65930K [0x00000000d8500000, 0x00000000e0c80000, 0x0000000100000000)
  eden space 107520K, 55% used [0x00000000d8500000,0x00000000dbf111d8,0x00000000dee00000)
  from space 6656K, 97% used [0x00000000e0600000,0x00000000e0c518e8,0x00000000e0c80000)
  to   space 9216K, 0% used [0x00000000dfa80000,0x00000000dfa80000,0x00000000e0380000)
 ParOldGen       total 48128K, used 6438K [0x0000000088e00000, 0x000000008bd00000, 0x00000000d8500000)
  object space 48128K, 13% used [0x0000000088e00000,0x0000000089449bc8,0x000000008bd00000)
 Metaspace       used 34736K, capacity 35350K, committed 35456K, reserved 1079296K
  class space    used 4514K, capacity 4696K, committed 4736K, reserved 1048576K
Event: 4.639 GC heap after
Heap after GC invocations=8 (full 1):
 PSYoungGen      total 129536K, used 9184K [0x00000000d8500000, 0x00000000e5000000, 0x0000000100000000)
  eden space 120320K, 0% used [0x00000000d8500000,0x00000000d8500000,0x00000000dfa80000)
  from space 9216K, 99% used [0x00000000dfa80000,0x00000000e03781e8,0x00000000e0380000)
  to   space 12288K, 0% used [0x00000000e4400000,0x00000000e4400000,0x00000000e5000000)
 ParOldGen       total 48128K, used 11019K [0x0000000088e00000, 0x000000008bd00000, 0x00000000d8500000)
  object space 48128K, 22% used [0x0000000088e00000,0x00000000898c2f40,0x000000008bd00000)
 Metaspace       used 34736K, capacity 35350K, committed 35456K, reserved 1079296K
  class space    used 4514K, capacity 4696K, committed 4736K, reserved 1048576K
}
Event: 4.639 GC heap before
{Heap before GC invocations=9 (full 2):
 PSYoungGen      total 129536K, used 9184K [0x00000000d8500000, 0x00000000e5000000, 0x0000000100000000)
  eden space 120320K, 0% used [0x00000000d8500000,0x00000000d8500000,0x00000000dfa80000)
  from space 9216K, 99% used [0x00000000dfa80000,0x00000000e03781e8,0x00000000e0380000)
  to   space 12288K, 0% used [0x00000000e4400000,0x00000000e4400000,0x00000000e5000000)
 ParOldGen       total 48128K, used 11019K [0x0000000088e00000, 0x000000008bd00000, 0x00000000d8500000)
  object space 48128K, 22% used [0x0000000088e00000,0x00000000898c2f40,0x000000008bd00000)
 Metaspace       used 34736K, capacity 35350K, committed 35456K, reserved 1079296K
  class space    used 4514K, capacity 4696K, committed 4736K, reserved 1048576K
Event: 4.729 GC heap after
Heap after GC invocations=9 (full 2):
 PSYoungGen      total 129536K, used 0K [0x00000000d8500000, 0x00000000e5000000, 0x0000000100000000)
  eden space 120320K, 0% used [0x00000000d8500000,0x00000000d8500000,0x00000000dfa80000)
  from space 9216K, 0% used [0x00000000dfa80000,0x00000000dfa80000,0x00000000e0380000)
  to   space 12288K, 0% used [0x00000000e4400000,0x00000000e4400000,0x00000000e5000000)
 ParOldGen       total 84992K, used 19587K [0x0000000088e00000, 0x000000008e100000, 0x00000000d8500000)
  object space 84992K, 23% used [0x0000000088e00000,0x000000008a120fc8,0x000000008e100000)
 Metaspace       used 34736K, capacity 35350K, committed 35456K, reserved 1079296K
  class space    used 4514K, capacity 4696K, committed 4736K, reserved 1048576K
}

Deoptimization events (10 events):
Event: 4.892 Thread 0x000000005944b800 Uncommon trap: reason=class_check action=maybe_recompile pc=0x0000000003081f04 method=java.util.Hashtable.put(Ljava/lang/Object;Ljava/lang/Object;)Ljava/lang/Object; @ 60
Event: 5.774 Thread 0x000000005944b800 Uncommon trap: reason=unstable_if action=reinterpret pc=0x000000000344a1d0 method=java.net.URL.<init>(Ljava/net/URL;Ljava/lang/String;Ljava/net/URLStreamHandler;)V @ 347
Event: 5.920 Thread 0x000000005944b800 Uncommon trap: reason=unstable_if action=reinterpret pc=0x0000000002b1e0fc method=jdk.internal.org.objectweb.asm.Item.isEqualTo(Ljdk/internal/org/objectweb/asm/Item;)Z @ 331
Event: 7.474 Thread 0x0000000059425000 Uncommon trap: reason=unstable_if action=reinterpret pc=0x0000000002dfd944 method=java.lang.Math.round(F)I @ 36
Event: 9.140 Thread 0x000000005944b800 Uncommon trap: reason=unstable_if action=reinterpret pc=0x00000000034ffe7c method=com.sun.javafx.image.impl.ByteBgra$ToByteBgraPreConv.doConvert([BII[BIIII)V @ 31
Event: 9.140 Thread 0x000000005944b800 Uncommon trap: reason=unstable_if action=reinterpret pc=0x000000000350284c method=com.sun.javafx.image.impl.BaseByteToByteConverter$FourByteReorderer.doConvert([BII[BIIII)V @ 31
Event: 9.163 Thread 0x000000005944b800 Uncommon trap: reason=array_check action=maybe_recompile pc=0x00000000037131a4 method=com.sun.javafx.css.SimpleSelector.applies(Ljavafx/css/Styleable;[Ljava/util/Set;I)Z @ 37
Event: 9.163 Thread 0x000000005944b800 Uncommon trap: reason=array_check action=maybe_recompile pc=0x00000000037131a4 method=com.sun.javafx.css.SimpleSelector.applies(Ljavafx/css/Styleable;[Ljava/util/Set;I)Z @ 37
Event: 9.163 Thread 0x000000005944b800 Uncommon trap: reason=array_check action=maybe_recompile pc=0x00000000037131a4 method=com.sun.javafx.css.SimpleSelector.applies(Ljavafx/css/Styleable;[Ljava/util/Set;I)Z @ 37
Event: 9.163 Thread 0x000000005944b800 Uncommon trap: reason=array_check action=maybe_recompile pc=0x00000000037131a4 method=com.sun.javafx.css.SimpleSelector.applies(Ljavafx/css/Styleable;[Ljava/util/Set;I)Z @ 37

Internal exceptions (10 events):
Event: 6.203 Thread 0x000000005e737800 Exception <a 'java/io/FileNotFoundException'> (0x00000000db1721e8) thrown at [C:\re\workspace\8-2-build-windows-amd64-cygwin\jdk8u60\4407\hotspot\src\share\vm\prims\jni.cpp, line 709]
Event: 6.226 Thread 0x000000005e737800 Exception <a 'java/io/FileNotFoundException'> (0x00000000db1885b0) thrown at [C:\re\workspace\8-2-build-windows-amd64-cygwin\jdk8u60\4407\hotspot\src\share\vm\prims\jni.cpp, line 709]
Event: 9.225 Thread 0x000000005e73b800 Exception <a 'java/io/FileNotFoundException'> (0x00000000dca51cd8) thrown at [C:\re\workspace\8-2-build-windows-amd64-cygwin\jdk8u60\4407\hotspot\src\share\vm\prims\jni.cpp, line 709]
Event: 9.248 Thread 0x000000005e73b800 Exception <a 'java/io/FileNotFoundException'> (0x00000000dca68008) thrown at [C:\re\workspace\8-2-build-windows-amd64-cygwin\jdk8u60\4407\hotspot\src\share\vm\prims\jni.cpp, line 709]
Event: 9.249 Thread 0x000000005e73b800 Exception <a 'java/io/FileNotFoundException'> (0x00000000dca77f18) thrown at [C:\re\workspace\8-2-build-windows-amd64-cygwin\jdk8u60\4407\hotspot\src\share\vm\prims\jni.cpp, line 709]
Event: 9.261 Thread 0x000000005e73b800 Exception <a 'java/io/FileNotFoundException'> (0x00000000dca8e248) thrown at [C:\re\workspace\8-2-build-windows-amd64-cygwin\jdk8u60\4407\hotspot\src\share\vm\prims\jni.cpp, line 709]
Event: 12.288 Thread 0x000000005e737800 Exception <a 'java/io/FileNotFoundException'> (0x00000000db1c7330) thrown at [C:\re\workspace\8-2-build-windows-amd64-cygwin\jdk8u60\4407\hotspot\src\share\vm\prims\jni.cpp, line 709]
Event: 12.301 Thread 0x000000005e737800 Exception <a 'java/io/FileNotFoundException'> (0x00000000db1dd660) thrown at [C:\re\workspace\8-2-build-windows-amd64-cygwin\jdk8u60\4407\hotspot\src\share\vm\prims\jni.cpp, line 709]
Event: 12.301 Thread 0x000000005e73b800 Exception <a 'java/io/FileNotFoundException'> (0x00000000dca9f1e8) thrown at [C:\re\workspace\8-2-build-windows-amd64-cygwin\jdk8u60\4407\hotspot\src\share\vm\prims\jni.cpp, line 709]
Event: 12.315 Thread 0x000000005e73b800 Exception <a 'java/io/FileNotFoundException'> (0x00000000dcab5518) thrown at [C:\re\workspace\8-2-build-windows-amd64-cygwin\jdk8u60\4407\hotspot\src\share\vm\prims\jni.cpp, line 709]

Events (10 events):
Event: 12.325 Thread 0x000000005850a000 flushing nmethod 0x0000000002c91a90
Event: 12.325 Thread 0x000000005850a000 flushing nmethod 0x0000000002c92b90
Event: 12.325 Thread 0x000000005850a000 flushing nmethod 0x0000000002cb3d50
Event: 12.325 Thread 0x000000005850a000 flushing nmethod 0x0000000002cb4bd0
Event: 12.325 Thread 0x000000005850a000 flushing nmethod 0x0000000002ce9850
Event: 12.325 Thread 0x000000005850a000 flushing nmethod 0x0000000002ce9d10
Event: 12.326 Thread 0x000000005850a000 flushing nmethod 0x0000000002cee210
Event: 12.326 Thread 0x000000005850a000 flushing nmethod 0x0000000002ceec50
Event: 14.315 Executing VM operation: RevokeBias
Event: 14.315 Executing VM operation: RevokeBias done


Dynamic libraries:
0x000000013f180000 - 0x000000013f1b7000 	C:\Program Files\Java\jdk1.8.0_60\jre\bin\java.exe
0x0000000077a90000 - 0x0000000077c39000 	C:\windows\SYSTEM32\ntdll.dll
0x0000000077970000 - 0x0000000077a8f000 	C:\windows\system32\kernel32.dll
0x000007fefdb40000 - 0x000007fefdbac000 	C:\windows\system32\KERNELBASE.dll
0x000007feffbb0000 - 0x000007feffc8b000 	C:\windows\system32\ADVAPI32.dll
0x000007feff110000 - 0x000007feff1af000 	C:\windows\system32\msvcrt.dll
0x000007feffd80000 - 0x000007feffd9f000 	C:\windows\SYSTEM32\sechost.dll
0x000007feff330000 - 0x000007feff45d000 	C:\windows\system32\RPCRT4.dll
0x0000000077870000 - 0x000000007796a000 	C:\windows\system32\USER32.dll
0x000007feff2c0000 - 0x000007feff327000 	C:\windows\system32\GDI32.dll
0x000007feff460000 - 0x000007feff46e000 	C:\windows\system32\LPK.dll
0x000007feff850000 - 0x000007feff919000 	C:\windows\system32\USP10.dll
0x000007fefc1b0000 - 0x000007fefc3a4000 	C:\windows\WinSxS\amd64_microsoft.windows.common-controls_6595b64144ccf1df_6.0.7601.17514_none_fa396087175ac9ac\COMCTL32.dll
0x000007feffce0000 - 0x000007feffd51000 	C:\windows\system32\SHLWAPI.dll
0x000007fefec30000 - 0x000007fefec5e000 	C:\windows\system32\IMM32.DLL
0x000007feff1b0000 - 0x000007feff2b9000 	C:\windows\system32\MSCTF.dll
0x0000000062580000 - 0x0000000062652000 	C:\Program Files\Java\jdk1.8.0_60\jre\bin\msvcr100.dll
0x000000005d650000 - 0x000000005ded9000 	C:\Program Files\Java\jdk1.8.0_60\jre\bin\server\jvm.dll
0x000007fef3ac0000 - 0x000007fef3ac9000 	C:\windows\system32\WSOCK32.dll
0x000007feffc90000 - 0x000007feffcdd000 	C:\windows\system32\WS2_32.dll
0x000007feff9c0000 - 0x000007feff9c8000 	C:\windows\system32\NSI.dll
0x000007fefaea0000 - 0x000007fefaedb000 	C:\windows\system32\WINMM.dll
0x000007fefc790000 - 0x000007fefc79c000 	C:\windows\system32\VERSION.dll
0x0000000077c60000 - 0x0000000077c67000 	C:\windows\system32\PSAPI.DLL
0x0000000062530000 - 0x000000006253f000 	C:\Program Files\Java\jdk1.8.0_60\jre\bin\verify.dll
0x0000000062480000 - 0x00000000624a9000 	C:\Program Files\Java\jdk1.8.0_60\jre\bin\java.dll
0x0000000062460000 - 0x0000000062476000 	C:\Program Files\Java\jdk1.8.0_60\jre\bin\zip.dll
0x000007fefdea0000 - 0x000007fefec29000 	C:\windows\system32\SHELL32.dll
0x000007fefdc10000 - 0x000007fefde13000 	C:\windows\system32\ole32.dll
0x000007fefd850000 - 0x000007fefd85f000 	C:\windows\system32\profapi.dll
0x000007fef9ab0000 - 0x000007fef9b9f000 	C:\Program Files\Java\jdk1.8.0_60\jre\bin\msvcr120.dll
0x000007fef9c00000 - 0x000007fef9ca6000 	C:\Program Files\Java\jdk1.8.0_60\jre\bin\msvcp120.dll
0x0000000066ca0000 - 0x0000000066cc3000 	C:\Program Files\Java\jdk1.8.0_60\jre\bin\prism_d3d.dll
0x000007fef23b0000 - 0x000007fef25af000 	C:\windows\system32\d3d9.dll
0x000007fef3210000 - 0x000007fef3217000 	C:\windows\system32\d3d8thk.dll
0x000007fefbba0000 - 0x000007fefbbb8000 	C:\windows\system32\dwmapi.dll
0x000007fefbfd0000 - 0x000007fefc026000 	C:\windows\system32\uxtheme.dll
0x0000000066c50000 - 0x0000000066c93000 	C:\Program Files\Java\jdk1.8.0_60\jre\bin\glass.dll
0x000007feff920000 - 0x000007feff9b7000 	C:\windows\system32\COMDLG32.dll
0x000007fefed00000 - 0x000007fefedd7000 	C:\windows\system32\OLEAUT32.dll
0x000007fefd6f0000 - 0x000007fefd6ff000 	C:\windows\system32\CRYPTBASE.dll
0x0000000062410000 - 0x000000006242a000 	C:\Program Files\Java\jdk1.8.0_60\jre\bin\net.dll
0x000007fefd030000 - 0x000007fefd085000 	C:\windows\system32\mswsock.dll
0x000007fefd020000 - 0x000007fefd027000 	C:\windows\System32\wship6.dll
0x00000000623f0000 - 0x0000000062401000 	C:\Program Files\Java\jdk1.8.0_60\jre\bin\nio.dll
0x0000000066b60000 - 0x0000000066b84000 	C:\Program Files\Java\jdk1.8.0_60\jre\bin\sunec.dll
0x000007fefaab0000 - 0x000007fefaac5000 	C:\windows\system32\NLAapi.dll
0x000007fef83c0000 - 0x000007fef83d5000 	C:\windows\system32\napinsp.dll
0x000007fef83a0000 - 0x000007fef83b9000 	C:\windows\system32\pnrpnsp.dll
0x000007fefceb0000 - 0x000007fefcf0b000 	C:\windows\system32\DNSAPI.dll
0x000007fef8390000 - 0x000007fef839b000 	C:\windows\System32\winrnr.dll
0x000007fefca10000 - 0x000007fefca17000 	C:\windows\System32\wshtcpip.dll
0x000007fefa900000 - 0x000007fefa927000 	C:\windows\system32\IPHLPAPI.DLL
0x000007fefa8e0000 - 0x000007fefa8eb000 	C:\windows\system32\WINNSI.DLL
0x000007fef8da0000 - 0x000007fef8da8000 	C:\windows\system32\rasadhlp.dll
0x000007fefa770000 - 0x000007fefa7c3000 	C:\windows\System32\fwpuclnt.dll
0x000007fefd090000 - 0x000007fefd0a8000 	C:\windows\system32\CRYPTSP.dll
0x000007fefcd90000 - 0x000007fefcdd7000 	C:\windows\system32\rsaenh.dll
0x000007fefda10000 - 0x000007fefda2e000 	C:\windows\system32\USERENV.dll
0x000007fefa6f0000 - 0x000007fefa701000 	C:\windows\system32\dhcpcsvc6.DLL
0x000007fefa6d0000 - 0x000007fefa6e8000 	C:\windows\system32\dhcpcsvc.DLL
0x00000000001b0000 - 0x00000000001bd000 	C:\Program Files\Java\jdk1.8.0_60\jre\bin\management.dll
0x0000000071fc0000 - 0x0000000071fd4000 	C:\Program Files\Java\jdk1.8.0_60\jre\bin\javafx_font.dll
0x000007feed930000 - 0x000007feedac6000 	C:\windows\system32\dwrite.dll
0x000007fefec60000 - 0x000007fefecf9000 	C:\windows\system32\CLBCatQ.DLL
0x000007fefb9f0000 - 0x000007fefbb51000 	C:\windows\system32\WindowsCodecs.dll
0x000007fefd690000 - 0x000007fefd6e7000 	C:\windows\system32\apphelp.dll
0x000007fef4ec0000 - 0x000007fef4f80000 	C:\Program Files (x86)\Google\Drive\googledrivesync64.dll
0x000000006c720000 - 0x000000006c7f3000 	C:\Program Files (x86)\Google\Drive\Microsoft.VC90.CRT\MSVCP90.dll
0x000000006cd90000 - 0x000000006ce33000 	C:\Program Files (x86)\Google\Drive\Microsoft.VC90.CRT\MSVCR90.dll
0x000007fef4e80000 - 0x000007fef4ebb000 	C:\Program Files (x86)\Dropbox\Client\DropboxExt64.28.dll
0x000000006bee0000 - 0x000000006bef1000 	C:\Program Files\Java\jdk1.8.0_60\jre\bin\prism_common.dll
0x000007feed560000 - 0x000007feed924000 	C:\windows\system32\d2d1.dll
0x000007fef57a0000 - 0x000007fef5975000 	C:\windows\system32\d3d11.dll
0x000007fef5980000 - 0x000007fef59dd000 	C:\windows\system32\dxgi.dll
0x000007feea270000 - 0x000007feea4e9000 	C:\windows\system32\D3D10Warp.dll
0x000007fefda50000 - 0x000007fefda8b000 	C:\windows\system32\WINTRUST.dll
0x000007fefd870000 - 0x000007fefd9dd000 	C:\windows\system32\CRYPT32.dll
0x000007fefd860000 - 0x000007fefd86f000 	C:\windows\system32\MSASN1.dll
0x0000000180000000 - 0x0000000180025000 	C:\Users\OCTI01\Documents\NetBeansProjects\QuadroDeHorarioFX\rxtxSerial.dll
0x00000000003e0000 - 0x00000000003fa000 	C:\Users\OCTI01\Documents\NetBeansProjects\QuadroDeHorarioFX\rxtxParallel.dll
0x000007fef86e0000 - 0x000007fef8805000 	C:\windows\system32\dbghelp.dll

VM Arguments:
jvm_args: -Dfile.encoding=UTF-8 
java_command: C:\Users\OCTI01\Documents\NetBeansProjects\QuadroDeHorarioFX\dist\run675243149\QuadroDeHorarioFX.jar
java_class_path (initial): C:\Users\OCTI01\Documents\NetBeansProjects\QuadroDeHorarioFX\dist\run675243149\QuadroDeHorarioFX.jar
Launcher Type: SUN_STANDARD

Environment Variables:
JAVA_HOME=C:\Program Files\Java\jdk1.8.0_40
CLASSPATH=.;JAVA_HOME
PATH=C:\ProgramData\Oracle\Java\javapath;C:\Program Files (x86)\Intel\iCLS Client\;C:\Program Files\Intel\iCLS Client\;C:\windows\system32;C:\windows;C:\windows\System32\Wbem;C:\windows\System32\WindowsPowerShell\v1.0\;C:\Program Files\Intel\Intel(R) Management Engine Components\DAL;C:\Program Files\Intel\Intel(R) Management Engine Components\IPT;C:\Program Files (x86)\Intel\Intel(R) Management Engine Components\DAL;C:\Program Files (x86)\Intel\Intel(R) Management Engine Components\IPT;C:\Program Files (x86)\Intel\OpenCL SDK\2.0\bin\x86;C:\Program Files (x86)\Intel\OpenCL SDK\2.0\bin\x64;C:\Program Files\MySQL\MySQL Server 5.6\bin;C:\Program Files\Java\jre1.8.0_40\bin;C:\Program Files\Java\jdk1.8.0_40\bin;C:\Program Files (x86)\MySQL\MySQL Utilities 1.4.4\;C:\Program Files (x86)\MySQL\MySQL Utilities 1.4.4\Doctrine extensions for PHP\;C:\Program Files\Java\jdk1.8.0_40\bin
USERNAME=OCTI01
OS=Windows_NT
PROCESSOR_IDENTIFIER=Intel64 Family 6 Model 58 Stepping 9, GenuineIntel



---------------  S Y S T E M  ---------------

OS: Windows 7 , 64 bit Build 7601 (6.1.7601.18409)

CPU:total 4 (4 cores per cpu, 1 threads per core) family 6 model 58 stepping 9, cmov, cx8, fxsr, mmx, sse, sse2, sse3, ssse3, sse4.1, sse4.2, popcnt, avx, aes, clmul, erms, tsc, tscinvbit, tscinv

Memory: 4k page, physical 7801980k(2164212k free), swap 15602104k(9649608k free)

vm_info: Java HotSpot(TM) 64-Bit Server VM (25.60-b23) for windows-amd64 JRE (1.8.0_60-b27), built on Aug  4 2015 11:06:27 by "java_re" with MS VC++ 10.0 (VS2010)

time: Fri Jan 08 15:01:08 2016
elapsed time: 14 seconds (0d 0h 0m 14s)

