#
# A fatal error has been detected by the Java Runtime Environment:
#
#  EXCEPTION_ACCESS_VIOLATION (0xc0000005) at pc=0x0000000180008790, pid=4312, tid=4772
#
# JRE version: Java(TM) SE Runtime Environment (8.0_60-b27) (build 1.8.0_60-b27)
# Java VM: Java HotSpot(TM) 64-Bit Server VM (25.60-b23 mixed mode windows-amd64 compressed oops)
# Problematic frame:
# C  [rxtxSerial.dll+0x8790]
#
# Failed to write core dump. Minidumps are not enabled by default on client versions of Windows
#
# If you would like to submit a bug report, please visit:
#   http://bugreport.java.com/bugreport/crash.jsp
# The crash happened outside the Java Virtual Machine in native code.
# See problematic frame for where to report the bug.
#

---------------  T H R E A D  ---------------

Current thread (0x000000002395b000):  JavaThread "Thread-6" [_thread_in_native, id=4772, stack(0x000000002af10000,0x000000002b010000)]

siginfo: ExceptionCode=0xc0000005, reading address 0x00000000000000f8

Registers:
RAX=0x0000000000000002, RBX=0x0000000026994e70, RCX=0x0000000000000001, RDX=0x0000000000000000
RSP=0x000000002b009b10, RBP=0x000000002b009d80, RSI=0x00000000237218f9, RDI=0x0000000000000000
R8 =0x0000000000000000, R9 =0x0000000000000000, R10=0x0000000000000006, R11=0x0000000000000002
R12=0x000000002b009d88, R13=0x000000002ad8f938, R14=0x000000002b009d88, R15=0x000000002395b000
RIP=0x0000000180008790, EFLAGS=0x0000000000010202

Top of Stack: (sp=0x000000002b009b10)
0x000000002b009b10:   0000000026994e70 00000000237218f0
0x000000002b009b20:   000000002395b000 0000000000000009
0x000000002b009b30:   00000000237218f0 000000018000aab4
0x000000002b009b40:   000000002395b1f8 0000000000000106
0x000000002b009b50:   000000002ad8f938 000000002b009d88
0x000000002b009b60:   0000000023ba29d0 00000000237218f0
0x000000002b009b70:   000000002b009d80 000000018000b7fe
0x000000002b009b80:   0000000000000008 000000002ad8f938
0x000000002b009b90:   000000002395b1f8 0000000000000000
0x000000002b009ba0:   000000002395b000 0000000000000000
0x000000002b009bb0:   0000faf7abb861c6 000000007fffffdc
0x000000002b009bc0:   000000002b009c50 0000000000000042
0x000000002b009bd0:   000000002395b1f8 0000000000000000
0x000000002b009be0:   00000000237218f0 000000018000213d
0x000000002b009bf0:   000000002b009d80 000000018001c0b0
0x000000002b009c00:   0000000000000000 0000000180000000 

Instructions: (pc=0x0000000180008790)
0x0000000180008770:   89 83 00 01 00 00 48 89 1d 73 6f 01 00 48 8b c3
0x0000000180008780:   48 8b 5c 24 30 48 8b 74 24 38 48 83 c4 20 5f c3
0x0000000180008790:   39 87 f8 00 00 00 7d 20 0f 1f 84 00 00 00 00 00
0x00000001800087a0:   48 8b 87 00 01 00 00 48 85 c0 74 0c 44 39 98 f8 


Register to memory mapping:

RAX=0x0000000000000002 is an unknown value
RBX=0x0000000026994e70 is an unknown value
RCX=0x0000000000000001 is an unknown value
RDX=0x0000000000000000 is an unknown value
RSP=0x000000002b009b10 is pointing into the stack for thread: 0x000000002395b000
RBP=0x000000002b009d80 is pointing into the stack for thread: 0x000000002395b000
RSI=0x00000000237218f9 is an unknown value
RDI=0x0000000000000000 is an unknown value
R8 =0x0000000000000000 is an unknown value
R9 =0x0000000000000000 is an unknown value
R10=0x0000000000000006 is an unknown value
R11=0x0000000000000002 is an unknown value
R12=0x000000002b009d88 is pointing into the stack for thread: 0x000000002395b000
R13=0x000000002ad8f938 is pointing into metadata
R14=0x000000002b009d88 is pointing into the stack for thread: 0x000000002395b000
R15=0x000000002395b000 is a thread


Stack: [0x000000002af10000,0x000000002b010000],  sp=0x000000002b009b10,  free space=998k
Native frames: (J=compiled Java code, j=interpreted, Vv=VM code, C=native code)
C  [rxtxSerial.dll+0x8790]
C  [rxtxSerial.dll+0xaab4]
C  [rxtxSerial.dll+0x213d]
C  0x00000000027f6937

Java frames: (J=compiled Java code, j=interpreted, Vv=VM code)
j  gnu.io.RXTXPort.open(Ljava/lang/String;)I+0
j  gnu.io.RXTXPort.<init>(Ljava/lang/String;)V+125
J 6552 C1 gnu.io.RXTXCommDriver.getCommPort(Ljava/lang/String;I)Lgnu/io/CommPort; (97 bytes) @ 0x0000000002952424 [0x0000000002951820+0xc04]
J 6574 C1 gnu.io.CommPortIdentifier.open(Ljava/lang/String;I)Lgnu/io/CommPort; (293 bytes) @ 0x0000000002c3e0d4 [0x0000000002c3d980+0x754]
J 6573 C1 br.com.QuadroDeHorario.control.SerialConnection.abrirPorta(Lgnu/io/CommPortIdentifier;)Lgnu/io/SerialPort; (47 bytes) @ 0x0000000002bcd154 [0x0000000002bccec0+0x294]
j  br.com.QuadroDeHorario.control.SerialCommunication.encontrarPorta()V+36
j  br.com.QuadroDeHorario.control.SerialCommunication.encontrarPorta()V+142
j  br.com.QuadroDeHorario.control.SerialCommunication.encontrarPorta()V+142
j  br.com.QuadroDeHorario.control.SerialCommunication.encontrarPorta()V+142
j  br.com.QuadroDeHorario.control.SerialCommunication.encontrarPorta()V+142
j  br.com.QuadroDeHorario.control.SerialCommunication.encontrarPorta()V+142
j  br.com.QuadroDeHorario.control.SerialCommunication.encontrarPorta()V+142
j  br.com.QuadroDeHorario.control.SerialCommunication.encontrarPorta()V+142
j  br.com.QuadroDeHorario.control.SerialCommunication.encontrarPorta()V+142
j  br.com.QuadroDeHorario.control.SerialCommunication.encontrarPorta()V+142
j  br.com.QuadroDeHorario.control.SerialCommunication.encontrarPorta()V+142
j  br.com.QuadroDeHorario.control.SerialCommunication.encontrarPorta()V+142
j  br.com.QuadroDeHorario.control.SerialCommunication.encontrarPorta()V+142
j  br.com.QuadroDeHorario.control.SerialCommunication.encontrarPorta()V+142
j  br.com.QuadroDeHorario.control.SerialCommunication.encontrarPorta()V+142
j  br.com.QuadroDeHorario.control.SerialCommunication.encontrarPorta()V+142
j  br.com.QuadroDeHorario.control.SerialCommunication.encontrarPorta()V+142
j  br.com.QuadroDeHorario.control.SerialCommunication.encontrarPorta()V+142
j  br.com.QuadroDeHorario.control.SerialCommunication.encontrarPorta()V+142
j  br.com.QuadroDeHorario.control.SerialCommunication.encontrarPorta()V+142
j  br.com.QuadroDeHorario.control.SerialCommunication.encontrarPorta()V+142
j  br.com.QuadroDeHorario.control.SerialCommunication.encontrarPorta()V+142
j  br.com.QuadroDeHorario.control.SerialCommunication.encontrarPorta()V+142
j  br.com.QuadroDeHorario.control.SerialCommunication.encontrarPorta()V+142
j  br.com.QuadroDeHorario.control.SerialCommunication.encontrarPorta()V+142
j  br.com.QuadroDeHorario.control.SerialCommunication.encontrarPorta()V+142
j  br.com.QuadroDeHorario.control.SerialCommunication.encontrarPorta()V+142
j  br.com.QuadroDeHorario.control.SerialCommunication.encontrarPorta()V+142
j  br.com.QuadroDeHorario.control.SerialCommunication.encontrarPorta()V+142
j  br.com.QuadroDeHorario.control.SerialCommunication.encontrarPorta()V+142
j  br.com.QuadroDeHorario.control.SerialCommunication.encontrarPorta()V+142
j  br.com.QuadroDeHorario.control.SerialCommunication.encontrarPorta()V+142
j  br.com.QuadroDeHorario.control.SerialCommunication.encontrarPorta()V+142
j  br.com.QuadroDeHorario.control.SerialCommunication.encontrarPorta()V+142
j  br.com.QuadroDeHorario.control.SerialCommunication.encontrarPorta()V+142
j  br.com.QuadroDeHorario.control.SerialCommunication.encontrarPorta()V+142
j  br.com.QuadroDeHorario.control.SerialCommunication.encontrarPorta()V+142
j  br.com.QuadroDeHorario.control.SerialCommunication.encontrarPorta()V+142
j  br.com.QuadroDeHorario.control.SerialCommunication.encontrarPorta()V+142
j  br.com.QuadroDeHorario.control.SerialCommunication.encontrarPorta()V+142
j  br.com.QuadroDeHorario.control.SerialCommunication.encontrarPorta()V+142
j  br.com.QuadroDeHorario.control.SerialCommunication.encontrarPorta()V+142
j  br.com.QuadroDeHorario.control.SerialCommunication.encontrarPorta()V+142
j  br.com.QuadroDeHorario.control.SerialCommunication.encontrarPorta()V+142
j  br.com.QuadroDeHorario.control.SerialCommunication.encontrarPorta()V+142
j  br.com.QuadroDeHorario.control.SerialCommunication.encontrarPorta()V+142
j  br.com.QuadroDeHorario.control.SerialCommunication.encontrarPorta()V+142
j  br.com.QuadroDeHorario.control.SerialCommunication.encontrarPorta()V+142
j  br.com.QuadroDeHorario.control.SerialCommunication.encontrarPorta()V+142
j  br.com.QuadroDeHorario.control.SerialCommunication.encontrarPorta()V+142
j  br.com.QuadroDeHorario.control.SerialCommunication.encontrarPorta()V+142
j  br.com.QuadroDeHorario.control.SerialCommunication.encontrarPorta()V+142
j  br.com.QuadroDeHorario.control.SerialCommunication.encontrarPorta()V+142
j  br.com.QuadroDeHorario.control.SerialCommunication.encontrarPorta()V+142
j  br.com.QuadroDeHorario.control.SerialCommunication.encontrarPorta()V+142
j  br.com.QuadroDeHorario.control.SerialCommunication.encontrarPorta()V+142
j  br.com.QuadroDeHorario.control.SerialCommunication.encontrarPorta()V+142
j  br.com.QuadroDeHorario.control.SerialCommunication.encontrarPorta()V+142
j  br.com.QuadroDeHorario.control.SerialCommunication.encontrarPorta()V+142
j  br.com.QuadroDeHorario.control.SerialCommunication.encontrarPorta()V+142
j  br.com.QuadroDeHorario.control.SerialCommunication.encontrarPorta()V+142
j  br.com.QuadroDeHorario.control.SerialCommunication.encontrarPorta()V+142
j  br.com.QuadroDeHorario.control.SerialCommunication.encontrarPorta()V+142
j  br.com.QuadroDeHorario.control.SerialCommunication.encontrarPorta()V+142
j  br.com.QuadroDeHorario.control.SerialCommunication.encontrarPorta()V+142
j  br.com.QuadroDeHorario.control.SerialCommunication.encontrarPorta()V+142
j  br.com.QuadroDeHorario.control.SerialCommunication.encontrarPorta()V+142
j  br.com.QuadroDeHorario.control.SerialCommunication.encontrarPorta()V+142
j  br.com.QuadroDeHorario.control.SerialCommunication.encontrarPorta()V+142
j  br.com.QuadroDeHorario.control.SerialCommunication.encontrarPorta()V+142
j  br.com.QuadroDeHorario.control.SerialCommunication.encontrarPorta()V+142
j  br.com.QuadroDeHorario.control.SerialCommunication.encontrarPorta()V+142
j  br.com.QuadroDeHorario.control.SerialCommunication.encontrarPorta()V+142
j  br.com.QuadroDeHorario.control.SerialCommunication.encontrarPorta()V+142
j  br.com.QuadroDeHorario.control.SerialCommunication.encontrarPorta()V+142
j  br.com.QuadroDeHorario.control.SerialCommunication.encontrarPorta()V+142
j  br.com.QuadroDeHorario.control.SerialCommunication.encontrarPorta()V+142
j  br.com.QuadroDeHorario.control.SerialCommunication.encontrarPorta()V+142
j  br.com.QuadroDeHorario.control.SerialCommunication.encontrarPorta()V+142
j  br.com.QuadroDeHorario.control.SerialCommunication.encontrarPorta()V+142
j  br.com.QuadroDeHorario.control.SerialCommunication.encontrarPorta()V+142
j  br.com.QuadroDeHorario.control.SerialCommunication.encontrarPorta()V+142
j  br.com.QuadroDeHorario.control.SerialCommunication.encontrarPorta()V+142
j  br.com.QuadroDeHorario.control.SerialCommunication.encontrarPorta()V+142
j  br.com.QuadroDeHorario.control.SerialCommunication.encontrarPorta()V+142
j  br.com.QuadroDeHorario.control.SerialCommunication.encontrarPorta()V+142
j  br.com.QuadroDeHorario.control.SerialCommunication.encontrarPorta()V+142
j  br.com.QuadroDeHorario.control.SerialCommunication.encontrarPorta()V+142
j  br.com.QuadroDeHorario.control.SerialCommunication.encontrarPorta()V+142
j  br.com.QuadroDeHorario.control.SerialCommunication.encontrarPorta()V+142
j  br.com.QuadroDeHorario.control.SerialCommunication.encontrarPorta()V+142
j  br.com.QuadroDeHorario.control.SerialCommunication.encontrarPorta()V+142
j  br.com.QuadroDeHorario.control.SerialCommunication.encontrarPorta()V+142
j  br.com.QuadroDeHorario.control.SerialCommunication.encontrarPorta()V+142
j  br.com.QuadroDeHorario.control.SerialCommunication.encontrarPorta()V+142
j  br.com.QuadroDeHorario.control.SerialCommunication.encontrarPorta()V+142
j  br.com.QuadroDeHorario.control.SerialCommunication.encontrarPorta()V+142
j  br.com.QuadroDeHorario.control.SerialCommunication.encontrarPorta()V+142
j  br.com.QuadroDeHorario.control.SerialCommunication.encontrarPorta()V+142
j  br.com.QuadroDeHorario.control.SerialCommunication.encontrarPorta()V+142
j  br.com.QuadroDeHorario.control.SerialCommunication.encontrarPorta()V+142
j  br.com.QuadroDeHorario.control.SerialCommunication.encontrarPorta()V+142
j  br.com.QuadroDeHorario.control.SerialCommunication.encontrarPorta()V+142
j  br.com.QuadroDeHorario.control.SerialCommunication.encontrarPorta()V+142
j  br.com.QuadroDeHorario.control.SerialCommunication.encontrarPorta()V+142
j  br.com.QuadroDeHorario.control.SerialCommunication.encontrarPorta()V+142
j  br.com.QuadroDeHorario.control.SerialCommunication.encontrarPorta()V+142
j  br.com.QuadroDeHorario.control.SerialCommunication.encontrarPorta()V+142
j  br.com.QuadroDeHorario.control.SerialCommunication.encontrarPorta()V+142
j  br.com.QuadroDeHorario.control.SerialCommunication.encontrarPorta()V+142
j  br.com.QuadroDeHorario.control.SerialCommunication.encontrarPorta()V+142
j  br.com.QuadroDeHorario.control.SerialCommunication.encontrarPorta()V+142
j  br.com.QuadroDeHorario.control.SerialCommunication.encontrarPorta()V+142
j  br.com.QuadroDeHorario.control.SerialCommunication.encontrarPorta()V+142
j  br.com.QuadroDeHorario.control.SerialCommunication.encontrarPorta()V+142
j  br.com.QuadroDeHorario.control.SerialCommunication.encontrarPorta()V+142
j  br.com.QuadroDeHorario.control.SerialCommunication.encontrarPorta()V+142
j  br.com.QuadroDeHorario.control.SerialCommunication.encontrarPorta()V+142
j  br.com.QuadroDeHorario.control.SerialCommunication.encontrarPorta()V+142
j  br.com.QuadroDeHorario.control.SerialCommunication.encontrarPorta()V+142
j  br.com.QuadroDeHorario.control.SerialCommunication.encontrarPorta()V+142
j  br.com.QuadroDeHorario.control.SerialCommunication.encontrarPorta()V+142
j  br.com.QuadroDeHorario.control.SerialCommunication.encontrarPorta()V+142
j  br.com.QuadroDeHorario.control.SerialCommunication.encontrarPorta()V+142
j  br.com.QuadroDeHorario.control.SerialCommunication.encontrarPorta()V+142
j  br.com.QuadroDeHorario.control.SerialCommunication.encontrarPorta()V+142
j  br.com.QuadroDeHorario.control.SerialCommunication.encontrarPorta()V+142
j  br.com.QuadroDeHorario.control.SerialCommunication.encontrarPorta()V+142
j  br.com.QuadroDeHorario.control.SerialCommunication.encontrarPorta()V+142
j  br.com.QuadroDeHorario.control.SerialCommunication.encontrarPorta()V+142
j  br.com.QuadroDeHorario.control.SerialCommunication.encontrarPorta()V+142
j  br.com.QuadroDeHorario.control.SerialCommunication.encontrarPorta()V+142
j  br.com.QuadroDeHorario.control.SerialCommunication.encontrarPorta()V+142
j  br.com.QuadroDeHorario.control.SerialCommunication.encontrarPorta()V+142
j  br.com.QuadroDeHorario.control.SerialCommunication.encontrarPorta()V+142
j  br.com.QuadroDeHorario.control.SerialCommunication.encontrarPorta()V+142
j  br.com.QuadroDeHorario.control.SerialCommunication.encontrarPorta()V+142
j  br.com.QuadroDeHorario.control.SerialCommunication.encontrarPorta()V+142
j  br.com.QuadroDeHorario.control.SerialCommunication.encontrarPorta()V+142
j  br.com.QuadroDeHorario.control.SerialCommunication.encontrarPorta()V+142
j  br.com.QuadroDeHorario.control.SerialCommunication.encontrarPorta()V+142
j  br.com.QuadroDeHorario.control.SerialCommunication.encontrarPorta()V+142
j  br.com.QuadroDeHorario.control.SerialCommunication.encontrarPorta()V+142
j  br.com.QuadroDeHorario.control.SerialCommunication.encontrarPorta()V+142
j  br.com.QuadroDeHorario.control.SerialCommunication.encontrarPorta()V+142
j  br.com.QuadroDeHorario.control.SerialCommunication.encontrarPorta()V+142
j  br.com.QuadroDeHorario.control.SerialCommunication.encontrarPorta()V+142
j  br.com.QuadroDeHorario.control.SerialCommunication.encontrarPorta()V+142
j  br.com.QuadroDeHorario.control.SerialCommunication.encontrarPorta()V+142
j  br.com.QuadroDeHorario.control.SerialCommunication.encontrarPorta()V+142
j  br.com.QuadroDeHorario.control.SerialCommunication.encontrarPorta()V+142
j  br.com.QuadroDeHorario.control.SerialCommunication.encontrarPorta()V+142
j  br.com.QuadroDeHorario.control.SerialCommunication.encontrarPorta()V+142
j  br.com.QuadroDeHorario.control.SerialCommunication.encontrarPorta()V+142
j  br.com.QuadroDeHorario.control.SerialCommunication.encontrarPorta()V+142
j  br.com.QuadroDeHorario.control.SerialCommunication.encontrarPorta()V+142
j  br.com.QuadroDeHorario.control.SerialCommunication.encontrarPorta()V+142
j  br.com.QuadroDeHorario.control.SerialCommunication.encontrarPorta()V+142
j  br.com.QuadroDeHorario.control.SerialCommunication.encontrarPorta()V+142
j  br.com.QuadroDeHorario.control.SerialCommunication.encontrarPorta()V+142
j  br.com.QuadroDeHorario.control.SerialCommunication.encontrarPorta()V+142
j  br.com.QuadroDeHorario.control.SerialCommunication.encontrarPorta()V+142
j  br.com.QuadroDeHorario.control.SerialCommunication.encontrarPorta()V+142
j  br.com.QuadroDeHorario.control.SerialCommunication.encontrarPorta()V+142
j  br.com.QuadroDeHorario.control.SerialCommunication.encontrarPorta()V+142
j  br.com.QuadroDeHorario.control.SerialCommunication.encontrarPorta()V+142
j  br.com.QuadroDeHorario.control.SerialCommunication.encontrarPorta()V+142
j  br.com.QuadroDeHorario.control.SerialCommunication.encontrarPorta()V+142
j  br.com.QuadroDeHorario.control.SerialCommunication.encontrarPorta()V+142
j  br.com.QuadroDeHorario.control.SerialCommunication.encontrarPorta()V+142
j  br.com.QuadroDeHorario.control.SerialCommunication.encontrarPorta()V+142
j  br.com.QuadroDeHorario.control.SerialCommunication.encontrarPorta()V+142
j  br.com.QuadroDeHorario.control.SerialCommunication.encontrarPorta()V+142
j  br.com.QuadroDeHorario.control.SerialCommunication.encontrarPorta()V+142
j  br.com.QuadroDeHorario.control.SerialCommunication.encontrarPorta()V+142
j  br.com.QuadroDeHorario.control.SerialCommunication.encontrarPorta()V+142
j  br.com.QuadroDeHorario.control.SerialCommunication.encontrarPorta()V+142
j  br.com.QuadroDeHorario.control.SerialCommunication.encontrarPorta()V+142
j  br.com.QuadroDeHorario.control.SerialCommunication.encontrarPorta()V+142
j  br.com.QuadroDeHorario.control.SerialCommunication.encontrarPorta()V+142
j  br.com.QuadroDeHorario.control.SerialCommunication.encontrarPorta()V+142
j  br.com.QuadroDeHorario.control.SerialCommunication.encontrarPorta()V+142
j  br.com.QuadroDeHorario.control.SerialCommunication.encontrarPorta()V+142
j  br.com.QuadroDeHorario.control.SerialCommunication.encontrarPorta()V+142
j  br.com.QuadroDeHorario.control.SerialCommunication.encontrarPorta()V+142
j  br.com.QuadroDeHorario.control.SerialCommunication.encontrarPorta()V+142
j  br.com.QuadroDeHorario.control.SerialCommunication.encontrarPorta()V+142
j  br.com.QuadroDeHorario.control.SerialCommunication.encontrarPorta()V+142
j  br.com.QuadroDeHorario.control.SerialCommunication.run()V+1
j  java.lang.Thread.run()V+11
v  ~StubRoutines::call_stub

---------------  P R O C E S S  ---------------

Java Threads: ( => current thread )
  0x000000002395e800 JavaThread "Thread-387" [_thread_in_native, id=4368, stack(0x00000000229c0000,0x0000000022ac0000)]
  0x000000002395c800 JavaThread "Thread-377" [_thread_blocked, id=3316, stack(0x0000000027fb0000,0x00000000280b0000)]
=>0x000000002395b000 JavaThread "Thread-6" [_thread_in_native, id=4772, stack(0x000000002af10000,0x000000002b010000)]
  0x000000002395a000 JavaThread "pool-2-thread-1" [_thread_blocked, id=5784, stack(0x0000000028110000,0x0000000028210000)]
  0x0000000023959000 JavaThread "Abandoned connection cleanup thread" daemon [_thread_blocked, id=4436, stack(0x0000000027c30000,0x0000000027d30000)]
  0x00000000237c2000 JavaThread "Prism Font Disposer" daemon [_thread_blocked, id=5996, stack(0x0000000025f60000,0x0000000026060000)]
  0x00000000203e0800 JavaThread "Thread-3" daemon [_thread_in_native, id=5228, stack(0x0000000022c90000,0x0000000022d90000)]
  0x00000000203ca800 JavaThread "JavaFX-Launcher" [_thread_blocked, id=3672, stack(0x0000000022e00000,0x0000000022f00000)]
  0x000000001f7ae800 JavaThread "JavaFX Application Thread" [_thread_in_native, id=5548, stack(0x0000000021070000,0x0000000021170000)]
  0x000000001f7b3800 JavaThread "Thread-1" daemon [_thread_blocked, id=3560, stack(0x0000000020e40000,0x0000000020f40000)]
  0x000000001f7c8000 JavaThread "QuantumRenderer-0" daemon [_thread_blocked, id=5024, stack(0x0000000020cb0000,0x0000000020db0000)]
  0x000000001e0bf800 JavaThread "Service Thread" daemon [_thread_blocked, id=5920, stack(0x0000000020260000,0x0000000020360000)]
  0x000000001e0b8000 JavaThread "C1 CompilerThread2" daemon [_thread_blocked, id=980, stack(0x00000000200e0000,0x00000000201e0000)]
  0x000000001f3da800 JavaThread "C2 CompilerThread1" daemon [_thread_blocked, id=5592, stack(0x000000001fed0000,0x000000001ffd0000)]
  0x000000001f3d3000 JavaThread "C2 CompilerThread0" daemon [_thread_blocked, id=5252, stack(0x000000001fca0000,0x000000001fda0000)]
  0x000000001e0b7800 JavaThread "Attach Listener" daemon [_thread_blocked, id=5144, stack(0x000000001fa90000,0x000000001fb90000)]
  0x000000001e0b5000 JavaThread "Signal Dispatcher" daemon [_thread_blocked, id=2880, stack(0x000000001f840000,0x000000001f940000)]
  0x000000001e05a000 JavaThread "Finalizer" daemon [_thread_blocked, id=5136, stack(0x000000001f2d0000,0x000000001f3d0000)]
  0x000000001e053000 JavaThread "Reference Handler" daemon [_thread_blocked, id=1340, stack(0x000000001f110000,0x000000001f210000)]
  0x000000000020f000 JavaThread "main" [_thread_blocked, id=2292, stack(0x0000000002410000,0x0000000002510000)]

Other Threads:
  0x000000001e04d800 VMThread [stack: 0x000000001ef90000,0x000000001f090000] [id=4076]
  0x000000001f424800 WatcherThread [stack: 0x000000001f970000,0x000000001fa70000] [id=5016]

VM state:not at safepoint (normal execution)

VM Mutex/Monitor currently owned by a thread: None

Heap:
 PSYoungGen      total 192000K, used 78327K [0x0000000758500000, 0x0000000765800000, 0x00000007c0000000)
  eden space 178176K, 40% used [0x0000000758500000,0x000000075cbf5f50,0x0000000763300000)
  from space 13824K, 40% used [0x0000000764100000,0x0000000764688000,0x0000000764e80000)
  to   space 14336K, 0% used [0x0000000763300000,0x0000000763300000,0x0000000764100000)
 ParOldGen       total 174080K, used 16325K [0x0000000688e00000, 0x0000000693800000, 0x0000000758500000)
  object space 174080K, 9% used [0x0000000688e00000,0x0000000689df1488,0x0000000693800000)
 Metaspace       used 39309K, capacity 40860K, committed 41128K, reserved 1085440K
  class space    used 5224K, capacity 5533K, committed 5544K, reserved 1048576K

Card table byte_map: [0x0000000011ba0000,0x0000000012560000] byte_map_base: 0x000000000e759000

Marking Bits: (ParMarkBitMap*) 0x00000000648aa5b0
 Begin Bits: [0x0000000013170000, 0x0000000017f38000)
 End Bits:   [0x0000000017f38000, 0x000000001cd00000)

Polling page: 0x00000000001c0000

CodeCache: size=245760Kb used=19236Kb max_used=19307Kb free=226523Kb
 bounds [0x00000000027e0000, 0x0000000003b80000, 0x00000000117e0000]
 total_blobs=6933 nmethods=6073 adapters=769
 compilation: enabled

Compilation events (10 events):
Event: 1509.886 Thread 0x000000001e0b8000 6915       3       com.sun.scenario.effect.impl.prism.ps.PPSLinearConvolveShadowPeer::getCount (15 bytes)
Event: 1509.886 Thread 0x000000001e0b8000 nmethod 6915 0x0000000002f87090 code [0x0000000002f87200, 0x0000000002f875c8]
Event: 1509.887 Thread 0x000000001e0b8000 6916       3       com.sun.prism.d3d.D3DShader::setConstant (8 bytes)
Event: 1509.888 Thread 0x000000001e0b8000 nmethod 6916 0x0000000003758bd0 code [0x0000000003758dc0, 0x00000000037595a8]
Event: 1509.888 Thread 0x000000001e0b8000 6917       3       com.sun.scenario.effect.impl.prism.ps.PPSLinearConvolveShadowPeer::getWeights (11 bytes)
Event: 1509.888 Thread 0x000000001e0b8000 nmethod 6917 0x0000000002e01890 code [0x0000000002e01a00, 0x0000000002e01da8]
Event: 1509.889 Thread 0x000000001e0b8000 6918       3       com.sun.scenario.effect.impl.prism.ps.PPSLinearConvolveShadowPeer::getWeightsArrayLength (11 bytes)
Event: 1509.889 Thread 0x000000001e0b8000 nmethod 6918 0x0000000002e01210 code [0x0000000002e01380, 0x0000000002e01728]
Event: 1509.890 Thread 0x000000001e0b8000 6919       3       com.sun.scenario.effect.impl.prism.ps.PPSLinearConvolveShadowPeer::getShadowColor (11 bytes)
Event: 1509.890 Thread 0x000000001e0b8000 nmethod 6919 0x0000000003051e50 code [0x0000000003051fc0, 0x0000000003052368]

GC Heap History (10 events):
Event: 2.300 GC heap before
{Heap before GC invocations=4 (full 1):
 PSYoungGen      total 93184K, used 79872K [0x0000000758500000, 0x0000000763b00000, 0x00000007c0000000)
  eden space 79872K, 100% used [0x0000000758500000,0x000000075d300000,0x000000075d300000)
  from space 13312K, 0% used [0x000000075e000000,0x000000075e000000,0x000000075ed00000)
  to   space 13312K, 0% used [0x000000075d300000,0x000000075d300000,0x000000075e000000)
 ParOldGen       total 124416K, used 9523K [0x0000000688e00000, 0x0000000690780000, 0x0000000758500000)
  object space 124416K, 7% used [0x0000000688e00000,0x000000068974cdc0,0x0000000690780000)
 Metaspace       used 29098K, capacity 29732K, committed 29952K, reserved 1075200K
  class space    used 3871K, capacity 4075K, committed 4096K, reserved 1048576K
Event: 2.307 GC heap after
Heap after GC invocations=4 (full 1):
 PSYoungGen      total 93184K, used 8544K [0x0000000758500000, 0x0000000761400000, 0x00000007c0000000)
  eden space 79872K, 0% used [0x0000000758500000,0x0000000758500000,0x000000075d300000)
  from space 13312K, 64% used [0x000000075d300000,0x000000075db580b0,0x000000075e000000)
  to   space 13312K, 0% used [0x0000000760700000,0x0000000760700000,0x0000000761400000)
 ParOldGen       total 124416K, used 9531K [0x0000000688e00000, 0x0000000690780000, 0x0000000758500000)
  object space 124416K, 7% used [0x0000000688e00000,0x000000068974edc0,0x0000000690780000)
 Metaspace       used 29098K, capacity 29732K, committed 29952K, reserved 1075200K
  class space    used 3871K, capacity 4075K, committed 4096K, reserved 1048576K
}
Event: 6.320 GC heap before
{Heap before GC invocations=5 (full 1):
 PSYoungGen      total 93184K, used 88416K [0x0000000758500000, 0x0000000761400000, 0x00000007c0000000)
  eden space 79872K, 100% used [0x0000000758500000,0x000000075d300000,0x000000075d300000)
  from space 13312K, 64% used [0x000000075d300000,0x000000075db580b0,0x000000075e000000)
  to   space 13312K, 0% used [0x0000000760700000,0x0000000760700000,0x0000000761400000)
 ParOldGen       total 124416K, used 9531K [0x0000000688e00000, 0x0000000690780000, 0x0000000758500000)
  object space 124416K, 7% used [0x0000000688e00000,0x000000068974edc0,0x0000000690780000)
 Metaspace       used 33776K, capacity 34566K, committed 34944K, reserved 1079296K
  class space    used 4420K, capacity 4652K, committed 4736K, reserved 1048576K
Event: 6.333 GC heap after
Heap after GC invocations=5 (full 1):
 PSYoungGen      total 128512K, used 13293K [0x0000000758500000, 0x0000000761400000, 0x00000007c0000000)
  eden space 115200K, 0% used [0x0000000758500000,0x0000000758500000,0x000000075f580000)
  from space 13312K, 99% used [0x0000000760700000,0x00000007613fb458,0x0000000761400000)
  to   space 13312K, 0% used [0x000000075fa00000,0x000000075fa00000,0x0000000760700000)
 ParOldGen       total 124416K, used 9744K [0x0000000688e00000, 0x0000000690780000, 0x0000000758500000)
  object space 124416K, 7% used [0x0000000688e00000,0x0000000689784248,0x0000000690780000)
 Metaspace       used 33776K, capacity 34566K, committed 34944K, reserved 1079296K
  class space    used 4420K, capacity 4652K, committed 4736K, reserved 1048576K
}
Event: 6.469 GC heap before
{Heap before GC invocations=6 (full 1):
 PSYoungGen      total 128512K, used 20732K [0x0000000758500000, 0x0000000761400000, 0x00000007c0000000)
  eden space 115200K, 6% used [0x0000000758500000,0x0000000758c43d20,0x000000075f580000)
  from space 13312K, 99% used [0x0000000760700000,0x00000007613fb458,0x0000000761400000)
  to   space 13312K, 0% used [0x000000075fa00000,0x000000075fa00000,0x0000000760700000)
 ParOldGen       total 124416K, used 9744K [0x0000000688e00000, 0x0000000690780000, 0x0000000758500000)
  object space 124416K, 7% used [0x0000000688e00000,0x0000000689784248,0x0000000690780000)
 Metaspace       used 34650K, capacity 35422K, committed 35496K, reserved 1079296K
  class space    used 4544K, capacity 4776K, committed 4776K, reserved 1048576K
Event: 6.478 GC heap after
Heap after GC invocations=6 (full 1):
 PSYoungGen      total 133120K, used 11454K [0x0000000758500000, 0x0000000764e80000, 0x00000007c0000000)
  eden space 119808K, 0% used [0x0000000758500000,0x0000000758500000,0x000000075fa00000)
  from space 13312K, 86% used [0x000000075fa00000,0x000000076052f898,0x0000000760700000)
  to   space 13824K, 0% used [0x0000000764100000,0x0000000764100000,0x0000000764e80000)
 ParOldGen       total 124416K, used 9752K [0x0000000688e00000, 0x0000000690780000, 0x0000000758500000)
  object space 124416K, 7% used [0x0000000688e00000,0x0000000689786248,0x0000000690780000)
 Metaspace       used 34650K, capacity 35422K, committed 35496K, reserved 1079296K
  class space    used 4544K, capacity 4776K, committed 4776K, reserved 1048576K
}
Event: 6.478 GC heap before
{Heap before GC invocations=7 (full 2):
 PSYoungGen      total 133120K, used 11454K [0x0000000758500000, 0x0000000764e80000, 0x00000007c0000000)
  eden space 119808K, 0% used [0x0000000758500000,0x0000000758500000,0x000000075fa00000)
  from space 13312K, 86% used [0x000000075fa00000,0x000000076052f898,0x0000000760700000)
  to   space 13824K, 0% used [0x0000000764100000,0x0000000764100000,0x0000000764e80000)
 ParOldGen       total 124416K, used 9752K [0x0000000688e00000, 0x0000000690780000, 0x0000000758500000)
  object space 124416K, 7% used [0x0000000688e00000,0x0000000689786248,0x0000000690780000)
 Metaspace       used 34650K, capacity 35422K, committed 35496K, reserved 1079296K
  class space    used 4544K, capacity 4776K, committed 4776K, reserved 1048576K
Event: 6.526 GC heap after
Heap after GC invocations=7 (full 2):
 PSYoungGen      total 133120K, used 0K [0x0000000758500000, 0x0000000764e80000, 0x00000007c0000000)
  eden space 119808K, 0% used [0x0000000758500000,0x0000000758500000,0x000000075fa00000)
  from space 13312K, 0% used [0x000000075fa00000,0x000000075fa00000,0x0000000760700000)
  to   space 13824K, 0% used [0x0000000764100000,0x0000000764100000,0x0000000764e80000)
 ParOldGen       total 174080K, used 16317K [0x0000000688e00000, 0x0000000693800000, 0x0000000758500000)
  object space 174080K, 9% used [0x0000000688e00000,0x0000000689def488,0x0000000693800000)
 Metaspace       used 34650K, capacity 35422K, committed 35496K, reserved 1079296K
  class space    used 4544K, capacity 4776K, committed 4776K, reserved 1048576K
}
Event: 859.537 GC heap before
{Heap before GC invocations=8 (full 2):
 PSYoungGen      total 133120K, used 119808K [0x0000000758500000, 0x0000000764e80000, 0x00000007c0000000)
  eden space 119808K, 100% used [0x0000000758500000,0x000000075fa00000,0x000000075fa00000)
  from space 13312K, 0% used [0x000000075fa00000,0x000000075fa00000,0x0000000760700000)
  to   space 13824K, 0% used [0x0000000764100000,0x0000000764100000,0x0000000764e80000)
 ParOldGen       total 174080K, used 16317K [0x0000000688e00000, 0x0000000693800000, 0x0000000758500000)
  object space 174080K, 9% used [0x0000000688e00000,0x0000000689def488,0x0000000693800000)
 Metaspace       used 39011K, capacity 40552K, committed 40616K, reserved 1085440K
  class space    used 5220K, capacity 5525K, committed 5544K, reserved 1048576K
Event: 859.551 GC heap after
Heap after GC invocations=8 (full 2):
 PSYoungGen      total 192000K, used 5664K [0x0000000758500000, 0x0000000765800000, 0x00000007c0000000)
  eden space 178176K, 0% used [0x0000000758500000,0x0000000758500000,0x0000000763300000)
  from space 13824K, 40% used [0x0000000764100000,0x0000000764688000,0x0000000764e80000)
  to   space 14336K, 0% used [0x0000000763300000,0x0000000763300000,0x0000000764100000)
 ParOldGen       total 174080K, used 16325K [0x0000000688e00000, 0x0000000693800000, 0x0000000758500000)
  object space 174080K, 9% used [0x0000000688e00000,0x0000000689df1488,0x0000000693800000)
 Metaspace       used 39011K, capacity 40552K, committed 40616K, reserved 1085440K
  class space    used 5220K, capacity 5525K, committed 5544K, reserved 1048576K
}

Deoptimization events (10 events):
Event: 1458.023 Thread 0x000000001f7ae800 Uncommon trap: reason=unstable_if action=reinterpret pc=0x00000000038b7420 method=javafx.scene.CssStyleHelper.transitionToState(Ljavafx/scene/Node;)V @ 331
Event: 1458.048 Thread 0x000000001f7b3800 Uncommon trap: reason=class_check action=maybe_recompile pc=0x00000000033103bc method=com.sun.glass.ui.InvokeLaterDispatcher.run()V @ 9
Event: 1492.838 Thread 0x000000001f7ae800 Uncommon trap: reason=unstable_if action=reinterpret pc=0x00000000039a9ea0 method=com.sun.javafx.css.StyleManager.processStylesheets(Ljava/util/List;Ljavafx/scene/Parent;)Ljava/util/List; @ 60
Event: 1492.849 Thread 0x000000001f7ae800 Uncommon trap: reason=unstable_if action=reinterpret pc=0x0000000003af7d84 method=javafx.scene.CssStyleHelper.transitionToState(Ljavafx/scene/Node;)V @ 635
Event: 1492.849 Thread 0x000000001f7ae800 Uncommon trap: reason=unstable_if action=reinterpret pc=0x000000000377bc9c method=com.sun.javafx.css.ParsedValueImpl.hashCode()I @ 145
Event: 1493.976 Thread 0x000000001f7ae800 Uncommon trap: reason=unstable_if action=reinterpret pc=0x0000000003815230 method=javafx.scene.CssStyleHelper.canReuseStyleHelper(Ljavafx/scene/Node;Lcom/sun/javafx/css/StyleMap;)Z @ 64
Event: 1493.984 Thread 0x000000001f7ae800 Uncommon trap: reason=bimorphic action=maybe_recompile pc=0x0000000003905dcc method=javafx.scene.CssStyleHelper.isUserSetFont(Ljavafx/css/Styleable;)Z @ 35
Event: 1493.986 Thread 0x000000001f7ae800 Uncommon trap: reason=bimorphic action=maybe_recompile pc=0x0000000003905dcc method=javafx.scene.CssStyleHelper.isUserSetFont(Ljavafx/css/Styleable;)Z @ 35
Event: 1493.986 Thread 0x000000001f7ae800 Uncommon trap: reason=bimorphic action=maybe_recompile pc=0x0000000003905dcc method=javafx.scene.CssStyleHelper.isUserSetFont(Ljavafx/css/Styleable;)Z @ 35
Event: 1493.986 Thread 0x000000001f7ae800 Uncommon trap: reason=bimorphic action=maybe_recompile pc=0x0000000003905dcc method=javafx.scene.CssStyleHelper.isUserSetFont(Ljavafx/css/Styleable;)Z @ 35

Internal exceptions (10 events):
Event: 1496.416 Thread 0x000000002395b000 Exception <a 'java/io/FileNotFoundException'> (0x000000075bc0a8d0) thrown at [C:\re\workspace\8-2-build-windows-amd64-cygwin\jdk8u60\4407\hotspot\src\share\vm\prims\jni.cpp, line 709]
Event: 1496.429 Thread 0x000000002395b000 Exception <a 'java/io/FileNotFoundException'> (0x000000075bc1ce98) thrown at [C:\re\workspace\8-2-build-windows-amd64-cygwin\jdk8u60\4407\hotspot\src\share\vm\prims\jni.cpp, line 709]
Event: 1502.086 Thread 0x000000002395c800 Exception <a 'java/io/FileNotFoundException'> (0x000000075c9cce08) thrown at [C:\re\workspace\8-2-build-windows-amd64-cygwin\jdk8u60\4407\hotspot\src\share\vm\prims\jni.cpp, line 709]
Event: 1502.099 Thread 0x000000002395c800 Exception <a 'java/io/FileNotFoundException'> (0x000000075c9de860) thrown at [C:\re\workspace\8-2-build-windows-amd64-cygwin\jdk8u60\4407\hotspot\src\share\vm\prims\jni.cpp, line 709]
Event: 1505.109 Thread 0x000000002395b000 Exception <a 'java/io/FileNotFoundException'> (0x000000075bc2a680) thrown at [C:\re\workspace\8-2-build-windows-amd64-cygwin\jdk8u60\4407\hotspot\src\share\vm\prims\jni.cpp, line 709]
Event: 1505.122 Thread 0x000000002395b000 Exception <a 'java/io/FileNotFoundException'> (0x000000075bc3cc48) thrown at [C:\re\workspace\8-2-build-windows-amd64-cygwin\jdk8u60\4407\hotspot\src\share\vm\prims\jni.cpp, line 709]
Event: 1510.140 Thread 0x000000002395c800 Exception <a 'java/io/FileNotFoundException'> (0x000000075c9eab50) thrown at [C:\re\workspace\8-2-build-windows-amd64-cygwin\jdk8u60\4407\hotspot\src\share\vm\prims\jni.cpp, line 709]
Event: 1510.153 Thread 0x000000002395c800 Exception <a 'java/io/FileNotFoundException'> (0x000000075c9fc5a8) thrown at [C:\re\workspace\8-2-build-windows-amd64-cygwin\jdk8u60\4407\hotspot\src\share\vm\prims\jni.cpp, line 709]
Event: 1513.158 Thread 0x000000002395b000 Exception <a 'java/io/FileNotFoundException'> (0x000000075bc4a430) thrown at [C:\re\workspace\8-2-build-windows-amd64-cygwin\jdk8u60\4407\hotspot\src\share\vm\prims\jni.cpp, line 709]
Event: 1513.170 Thread 0x000000002395b000 Exception <a 'java/io/FileNotFoundException'> (0x000000075bc5c9f8) thrown at [C:\re\workspace\8-2-build-windows-amd64-cygwin\jdk8u60\4407\hotspot\src\share\vm\prims\jni.cpp, line 709]

Events (10 events):
Event: 1509.890 Thread 0x000000001e0b8000 flushing nmethod 0x0000000003151f90
Event: 1509.890 Thread 0x000000001e0b8000 flushing nmethod 0x00000000031686d0
Event: 1509.890 Thread 0x000000001e0b8000 flushing nmethod 0x00000000031f0010
Event: 1509.890 Thread 0x000000001e0b8000 flushing nmethod 0x00000000031fab10
Event: 1509.891 Thread 0x000000001e0b8000 flushing nmethod 0x0000000003262a50
Event: 1509.891 Thread 0x000000001e0b8000 flushing nmethod 0x0000000003299a50
Event: 1509.891 Thread 0x000000001e0b8000 flushing nmethod 0x000000000329b0d0
Event: 1510.154 Thread 0x000000002395e800 Thread added: 0x000000002395e800
Event: 1511.147 Thread 0x000000002395b800 Thread exited: 0x000000002395b800
Event: 1513.164 Thread 0x000000002395e800 Thread exited: 0x000000002395e800


Dynamic libraries:
0x000000013fb60000 - 0x000000013fb97000 	C:\Program Files\Java\jdk1.8.0_60\jre\bin\java.exe
0x00000000777b0000 - 0x0000000077959000 	C:\windows\SYSTEM32\ntdll.dll
0x0000000077690000 - 0x00000000777af000 	C:\windows\system32\kernel32.dll
0x000007fefd850000 - 0x000007fefd8bc000 	C:\windows\system32\KERNELBASE.dll
0x000007fefe4e0000 - 0x000007fefe5bb000 	C:\windows\system32\ADVAPI32.dll
0x000007fefe780000 - 0x000007fefe81f000 	C:\windows\system32\msvcrt.dll
0x000007fefe760000 - 0x000007fefe77f000 	C:\windows\SYSTEM32\sechost.dll
0x000007fefdbb0000 - 0x000007fefdcdd000 	C:\windows\system32\RPCRT4.dll
0x0000000077590000 - 0x000000007768a000 	C:\windows\system32\USER32.dll
0x000007fefe850000 - 0x000007fefe8b7000 	C:\windows\system32\GDI32.dll
0x000007feffab0000 - 0x000007feffabe000 	C:\windows\system32\LPK.dll
0x000007fefdce0000 - 0x000007fefdda9000 	C:\windows\system32\USP10.dll
0x000007fefbed0000 - 0x000007fefc0c4000 	C:\windows\WinSxS\amd64_microsoft.windows.common-controls_6595b64144ccf1df_6.0.7601.17514_none_fa396087175ac9ac\COMCTL32.dll
0x000007fefe080000 - 0x000007fefe0f1000 	C:\windows\system32\SHLWAPI.dll
0x000007fefe5c0000 - 0x000007fefe5ee000 	C:\windows\system32\IMM32.DLL
0x000007fefe650000 - 0x000007fefe759000 	C:\windows\system32\MSCTF.dll
0x00000000650e0000 - 0x00000000651b2000 	C:\Program Files\Java\jdk1.8.0_60\jre\bin\msvcr100.dll
0x00000000640a0000 - 0x0000000064929000 	C:\Program Files\Java\jdk1.8.0_60\jre\bin\server\jvm.dll
0x000007feecac0000 - 0x000007feecac9000 	C:\windows\system32\WSOCK32.dll
0x000007fefe100000 - 0x000007fefe14d000 	C:\windows\system32\WS2_32.dll
0x000007fefe840000 - 0x000007fefe848000 	C:\windows\system32\NSI.dll
0x000007fefabd0000 - 0x000007fefac0b000 	C:\windows\system32\WINMM.dll
0x000007fefc4b0000 - 0x000007fefc4bc000 	C:\windows\system32\VERSION.dll
0x0000000077970000 - 0x0000000077977000 	C:\windows\system32\PSAPI.DLL
0x0000000065090000 - 0x000000006509f000 	C:\Program Files\Java\jdk1.8.0_60\jre\bin\verify.dll
0x0000000065060000 - 0x0000000065089000 	C:\Program Files\Java\jdk1.8.0_60\jre\bin\java.dll
0x0000000065040000 - 0x0000000065056000 	C:\Program Files\Java\jdk1.8.0_60\jre\bin\zip.dll
0x000007fefed20000 - 0x000007feffaa9000 	C:\windows\system32\SHELL32.dll
0x000007fefeb10000 - 0x000007fefed13000 	C:\windows\system32\ole32.dll
0x000007fefd570000 - 0x000007fefd57f000 	C:\windows\system32\profapi.dll
0x000007feea880000 - 0x000007feea96f000 	C:\Program Files\Java\jdk1.8.0_60\jre\bin\msvcr120.dll
0x000007fee86b0000 - 0x000007fee8756000 	C:\Program Files\Java\jdk1.8.0_60\jre\bin\msvcp120.dll
0x00000000737f0000 - 0x0000000073813000 	C:\Program Files\Java\jdk1.8.0_60\jre\bin\prism_d3d.dll
0x000007feeed50000 - 0x000007feeef4f000 	C:\windows\system32\d3d9.dll
0x000007feeed40000 - 0x000007feeed47000 	C:\windows\system32\d3d8thk.dll
0x000007fefb8c0000 - 0x000007fefb8d8000 	C:\windows\system32\dwmapi.dll
0x000007fefbcf0000 - 0x000007fefbd46000 	C:\windows\system32\uxtheme.dll
0x000007feef1d0000 - 0x000007feefa21000 	C:\windows\system32\igdumdim64.dll
0x000007fef5160000 - 0x000007fef5593000 	C:\windows\system32\igdusc64.dll
0x00000000708b0000 - 0x00000000708f3000 	C:\Program Files\Java\jdk1.8.0_60\jre\bin\glass.dll
0x000007fefd930000 - 0x000007fefd9c7000 	C:\windows\system32\COMDLG32.dll
0x000007fefe400000 - 0x000007fefe4d7000 	C:\windows\system32\OLEAUT32.dll
0x000007fefd410000 - 0x000007fefd41f000 	C:\windows\system32\CRYPTBASE.dll
0x0000000073830000 - 0x0000000073844000 	C:\Program Files\Java\jdk1.8.0_60\jre\bin\javafx_font.dll
0x000007feefd50000 - 0x000007feefee6000 	C:\windows\system32\dwrite.dll
0x000007fefe360000 - 0x000007fefe3f9000 	C:\windows\system32\CLBCatQ.DLL
0x000007fefb710000 - 0x000007fefb871000 	C:\windows\system32\WindowsCodecs.dll
0x000007fefd3b0000 - 0x000007fefd407000 	C:\windows\system32\apphelp.dll
0x000007fef4f90000 - 0x000007fef5050000 	C:\Program Files (x86)\Google\Drive\googledrivesync64.dll
0x000000006f340000 - 0x000000006f413000 	C:\Program Files (x86)\Google\Drive\Microsoft.VC90.CRT\MSVCP90.dll
0x000000006f290000 - 0x000000006f333000 	C:\Program Files (x86)\Google\Drive\Microsoft.VC90.CRT\MSVCR90.dll
0x000007fef4f30000 - 0x000007fef4f65000 	C:\windows\system32\EhStorShell.dll
0x000007fefd9d0000 - 0x000007fefdba7000 	C:\windows\system32\SETUPAPI.dll
0x000007fefd5d0000 - 0x000007fefd606000 	C:\windows\system32\CFGMGR32.dll
0x000007fefd8c0000 - 0x000007fefd8da000 	C:\windows\system32\DEVOBJ.dll
0x000007fefbd50000 - 0x000007fefbe7c000 	C:\windows\system32\PROPSYS.dll
0x000007fef3bf0000 - 0x000007fef425f000 	C:\PROGRA~1\MICROS~2\Office14\GROOVEEX.DLL
0x000000006eff0000 - 0x000000006f08d000 	C:\windows\WinSxS\amd64_microsoft.vc90.crt_1fc8b3b9a1e18e3b_9.0.30729.4940_none_08e4299fa83d7e3c\MSVCR90.dll
0x000000006eeb0000 - 0x000000006ef83000 	C:\windows\WinSxS\amd64_microsoft.vc90.crt_1fc8b3b9a1e18e3b_9.0.30729.4940_none_08e4299fa83d7e3c\MSVCP90.dll
0x000000006ee60000 - 0x000000006ee8f000 	C:\windows\WinSxS\amd64_microsoft.vc90.atl_1fc8b3b9a1e18e3b_9.0.30729.4148_none_0a1d2fcba76b3f00\ATL90.DLL
0x000007fef37d0000 - 0x000007fef3bea000 	C:\PROGRA~1\COMMON~1\MICROS~1\OFFICE14\Cultures\office.odf
0x000007fef2f50000 - 0x000007fef37cb000 	C:\PROGRA~1\MICROS~2\Office14\1046\GrooveIntlResource.dll
0x000007fef4eb0000 - 0x000007fef4f2e000 	C:\windows\System32\cscui.dll
0x000007fef5060000 - 0x000007fef506c000 	C:\windows\System32\CSCDLL.dll
0x000007fef74a0000 - 0x000007fef74af000 	C:\windows\system32\CSCAPI.dll
0x000007fef4e30000 - 0x000007fef4eb0000 	C:\windows\system32\ntshrui.dll
0x000007fefd110000 - 0x000007fefd133000 	C:\windows\system32\srvcli.dll
0x000007fefa820000 - 0x000007fefa82b000 	C:\windows\system32\slc.dll
0x000007fef6920000 - 0x000007fef694d000 	C:\Program Files\Common Files\Microsoft Shared\Ink\rtscom.dll
0x0000000072db0000 - 0x0000000072dc1000 	C:\Program Files\Java\jdk1.8.0_60\jre\bin\prism_common.dll
0x0000000065020000 - 0x000000006503a000 	C:\Program Files\Java\jdk1.8.0_60\jre\bin\net.dll
0x000007fefcd50000 - 0x000007fefcda5000 	C:\windows\system32\mswsock.dll
0x000007fefcd40000 - 0x000007fefcd47000 	C:\windows\System32\wship6.dll
0x0000000065000000 - 0x0000000065011000 	C:\Program Files\Java\jdk1.8.0_60\jre\bin\nio.dll
0x0000000070880000 - 0x00000000708a4000 	C:\Program Files\Java\jdk1.8.0_60\jre\bin\sunec.dll
0x000007fefa9e0000 - 0x000007fefa9f5000 	C:\windows\system32\NLAapi.dll
0x000007fef8db0000 - 0x000007fef8dc5000 	C:\windows\system32\napinsp.dll
0x000007fef8d90000 - 0x000007fef8da9000 	C:\windows\system32\pnrpnsp.dll
0x000007fefcbd0000 - 0x000007fefcc2b000 	C:\windows\system32\DNSAPI.dll
0x000007fef8d80000 - 0x000007fef8d8b000 	C:\windows\System32\winrnr.dll
0x000007fefc730000 - 0x000007fefc737000 	C:\windows\System32\wshtcpip.dll
0x000007fefa600000 - 0x000007fefa627000 	C:\windows\system32\IPHLPAPI.DLL
0x000007fefa5e0000 - 0x000007fefa5eb000 	C:\windows\system32\WINNSI.DLL
0x000007fef8d70000 - 0x000007fef8d78000 	C:\windows\system32\rasadhlp.dll
0x000007fefa470000 - 0x000007fefa4c3000 	C:\windows\System32\fwpuclnt.dll
0x000007fefcdb0000 - 0x000007fefcdc8000 	C:\windows\system32\CRYPTSP.dll
0x000007fefcab0000 - 0x000007fefcaf7000 	C:\windows\system32\rsaenh.dll
0x000007fefd590000 - 0x000007fefd5ae000 	C:\windows\system32\USERENV.dll
0x000007fefa3f0000 - 0x000007fefa401000 	C:\windows\system32\dhcpcsvc6.DLL
0x000007fefa3d0000 - 0x000007fefa3e8000 	C:\windows\system32\dhcpcsvc.DLL
0x000007feefef0000 - 0x000007fef02b4000 	C:\windows\system32\d2d1.dll
0x000007fef5770000 - 0x000007fef5945000 	C:\windows\system32\d3d11.dll
0x000007fef5950000 - 0x000007fef59ad000 	C:\windows\system32\dxgi.dll
0x000007feefad0000 - 0x000007feefd49000 	C:\windows\system32\D3D10Warp.dll
0x000007fefd8e0000 - 0x000007fefd91b000 	C:\windows\system32\WINTRUST.dll
0x000007fefd620000 - 0x000007fefd78d000 	C:\windows\system32\CRYPT32.dll
0x000007fefd580000 - 0x000007fefd58f000 	C:\windows\system32\MSASN1.dll
0x0000000180000000 - 0x0000000180025000 	C:\Users\OCTI01\Projetos\NetBeansProjects 10 Simulado\QuadroDeHorarioFX\rxtxSerial.dll
0x00000000022c0000 - 0x00000000022da000 	C:\Users\OCTI01\Projetos\NetBeansProjects 10 Simulado\QuadroDeHorarioFX\rxtxParallel.dll
0x000007fef92a0000 - 0x000007fef93c5000 	C:\windows\system32\dbghelp.dll

VM Arguments:
jvm_args: -Dfile.encoding=UTF-8 
java_command: C:\Users\OCTI01\Projetos\NetBeansProjects 10 Simulado\QuadroDeHorarioFX\dist\run188323101\QuadroDeHorarioFX.jar
java_class_path (initial): C:\Users\OCTI01\Projetos\NetBeansProjects 10 Simulado\QuadroDeHorarioFX\dist\run188323101\QuadroDeHorarioFX.jar
Launcher Type: SUN_STANDARD

Environment Variables:
JAVA_HOME=C:\Program Files\Java\jdk1.8.0_40
CLASSPATH=.;JAVA_HOME
PATH=C:\ProgramData\Oracle\Java\javapath;C:\Program Files (x86)\Intel\iCLS Client\;C:\Program Files\Intel\iCLS Client\;C:\windows\system32;C:\windows;C:\windows\System32\Wbem;C:\windows\System32\WindowsPowerShell\v1.0\;C:\Program Files\Intel\Intel(R) Management Engine Components\DAL;C:\Program Files\Intel\Intel(R) Management Engine Components\IPT;C:\Program Files (x86)\Intel\Intel(R) Management Engine Components\DAL;C:\Program Files (x86)\Intel\Intel(R) Management Engine Components\IPT;C:\Program Files (x86)\Intel\OpenCL SDK\2.0\bin\x86;C:\Program Files (x86)\Intel\OpenCL SDK\2.0\bin\x64;C:\Program Files\MySQL\MySQL Server 5.6\bin;C:\Program Files\Java\jre1.8.0_40\bin;C:\Program Files\Java\jdk1.8.0_40\bin;C:\Program Files (x86)\MySQL\MySQL Utilities 1.4.4\;C:\Program Files (x86)\MySQL\MySQL Utilities 1.4.4\Doctrine extensions for PHP\;C:\Program Files\Java\jdk1.8.0_40\bin
USERNAME=OCTI01
OS=Windows_NT
PROCESSOR_IDENTIFIER=Intel64 Family 6 Model 58 Stepping 9, GenuineIntel



---------------  S Y S T E M  ---------------

OS: Windows 7 , 64 bit Build 7601 (6.1.7601.18409)

CPU:total 4 (4 cores per cpu, 1 threads per core) family 6 model 58 stepping 9, cmov, cx8, fxsr, mmx, sse, sse2, sse3, ssse3, sse4.1, sse4.2, popcnt, avx, aes, clmul, erms, tsc, tscinvbit, tscinv

Memory: 4k page, physical 20384892k(13331812k free), swap 40767928k(33398036k free)

vm_info: Java HotSpot(TM) 64-Bit Server VM (25.60-b23) for windows-amd64 JRE (1.8.0_60-b27), built on Aug  4 2015 11:06:27 by "java_re" with MS VC++ 10.0 (VS2010)

time: Tue Sep 29 16:04:22 2015
elapsed time: 1513 seconds (0d 0h 25m 13s)

