#
# A fatal error has been detected by the Java Runtime Environment:
#
#  EXCEPTION_ACCESS_VIOLATION (0xc0000005) at pc=0x00000001800087dd, pid=6352, tid=7932
#
# JRE version: Java(TM) SE Runtime Environment (8.0_60-b27) (build 1.8.0_60-b27)
# Java VM: Java HotSpot(TM) 64-Bit Server VM (25.60-b23 mixed mode windows-amd64 compressed oops)
# Problematic frame:
# C  [rxtxSerial.dll+0x87dd]
#
# Failed to write core dump. Minidumps are not enabled by default on client versions of Windows
#
# If you would like to submit a bug report, please visit:
#   http://bugreport.java.com/bugreport/crash.jsp
# The crash happened outside the Java Virtual Machine in native code.
# See problematic frame for where to report the bug.
#

---------------  T H R E A D  ---------------

Current thread (0x000000005e3d0000):  JavaThread "VisualizarHorarioCommunicationSerial" [_thread_in_native, id=7932, stack(0x0000000067600000,0x0000000067700000)]

siginfo: ExceptionCode=0xc0000005, writing address 0x0000000000000100

Registers:
RAX=0x0000000000000000, RBX=0x00000000665c7eb0, RCX=0x0000000000000002, RDX=0x0000000000000000
RSP=0x00000000676febd0, RBP=0x00000000676fee40, RSI=0x000000006337cb99, RDI=0x00000000666c5610
R8 =0x0000000000000000, R9 =0x0000000000000000, R10=0x00000000666cadb0, R11=0x0000000000000001
R12=0x00000000676fee48, R13=0x000000006580ec60, R14=0x00000000676fee48, R15=0x000000005e3d0000
RIP=0x00000001800087dd, EFLAGS=0x0000000000010202

Top of Stack: (sp=0x00000000676febd0)
0x00000000676febd0:   00000000665c7eb0 000000006337cb90
0x00000000676febe0:   000000005e3d0000 0000000000000009
0x00000000676febf0:   000000006337cb90 000000018000aab4
0x00000000676fec00:   000000005e3d01f8 0000000000000106
0x00000000676fec10:   000000006580ec60 00000000676fee48
0x00000000676fec20:   000000005eb4df00 000000006337cb90
0x00000000676fec30:   00000000676fee40 000000018000b7fe
0x00000000676fec40:   0000000000000008 000000006580ec60
0x00000000676fec50:   000000005e3d01f8 0000000000000000
0x00000000676fec60:   000000005e3d0000 0000000000000000
0x00000000676fec70:   00004a371e6fcade 000000007fffffdc
0x00000000676fec80:   00000000676fed10 0000000000000042
0x00000000676fec90:   000000005e3d01f8 0000000000000000
0x00000000676feca0:   000000006337cb90 000000018000213d
0x00000000676fecb0:   00000000676fee40 000000018001c0b0
0x00000000676fecc0:   0000000000000000 0000000180000000 

Instructions: (pc=0x00000001800087dd)
0x00000001800087bd:   00 00 7e 3d 48 8b 87 08 01 00 00 48 89 bb 00 01
0x00000001800087cd:   00 00 48 89 83 08 01 00 00 48 8b 87 08 01 00 00
0x00000001800087dd:   48 89 98 00 01 00 00 48 89 9f 08 01 00 00 48 8b
0x00000001800087ed:   c3 48 8b 5c 24 30 48 8b 74 24 38 48 83 c4 20 5f 


Register to memory mapping:

RAX=0x0000000000000000 is an unknown value
RBX=0x00000000665c7eb0 is an unknown value
RCX=0x0000000000000002 is an unknown value
RDX=0x0000000000000000 is an unknown value
RSP=0x00000000676febd0 is pointing into the stack for thread: 0x000000005e3d0000
RBP=0x00000000676fee40 is pointing into the stack for thread: 0x000000005e3d0000
RSI=0x000000006337cb99 is an unknown value
RDI=0x00000000666c5610 is an unknown value
R8 =0x0000000000000000 is an unknown value
R9 =0x0000000000000000 is an unknown value
R10=0x00000000666cadb0 is an unknown value
R11=0x0000000000000001 is an unknown value
R12=0x00000000676fee48 is pointing into the stack for thread: 0x000000005e3d0000
R13=0x000000006580ec60 is pointing into metadata
R14=0x00000000676fee48 is pointing into the stack for thread: 0x000000005e3d0000
R15=0x000000005e3d0000 is a thread


Stack: [0x0000000067600000,0x0000000067700000],  sp=0x00000000676febd0,  free space=1018k
Native frames: (J=compiled Java code, j=interpreted, Vv=VM code, C=native code)
C  [rxtxSerial.dll+0x87dd]
C  [rxtxSerial.dll+0xaab4]
C  [rxtxSerial.dll+0x213d]
C  0x00000000028c690b

Java frames: (J=compiled Java code, j=interpreted, Vv=VM code)
j  gnu.io.RXTXPort.open(Ljava/lang/String;)I+0
j  gnu.io.RXTXPort.<init>(Ljava/lang/String;)V+125
j  gnu.io.RXTXCommDriver.getCommPort(Ljava/lang/String;I)Lgnu/io/CommPort;+78
j  gnu.io.CommPortIdentifier.open(Ljava/lang/String;I)Lgnu/io/CommPort;+171
j  br.com.QuadroDeHorario.control.SerialConnection.abrirPorta(Lgnu/io/CommPortIdentifier;)Lgnu/io/SerialPort;+11
j  br.com.QuadroDeHorario.control.SerialCommunication.testarConexao(Lgnu/io/CommPortIdentifier;)V+11
j  br.com.QuadroDeHorario.control.SerialCommunication.encontrarPorta()V+34
j  br.com.QuadroDeHorario.control.SerialCommunication.run()V+35
j  java.lang.Thread.run()V+11
v  ~StubRoutines::call_stub

---------------  P R O C E S S  ---------------

Java Threads: ( => current thread )
  0x000000005e3d3000 JavaThread "VisualizarHorarioCommunicationSerial" [_thread_blocked, id=7988, stack(0x00000000684e0000,0x00000000685e0000)]
  0x000000005e3cf800 JavaThread "Thread-15" [_thread_in_native, id=6252, stack(0x0000000068180000,0x0000000068280000)]
  0x000000005e3d1000 JavaThread "Thread-14" [_thread_in_native, id=5952, stack(0x0000000066ee0000,0x0000000066fe0000)]
=>0x000000005e3d0000 JavaThread "VisualizarHorarioCommunicationSerial" [_thread_in_native, id=7932, stack(0x0000000067600000,0x0000000067700000)]
  0x000000005e3ce800 JavaThread "VisualizarHorarioCommunicationSerial" [_thread_blocked, id=4584, stack(0x0000000066700000,0x0000000066800000)]
  0x000000005e3cd000 JavaThread "Prism Font Disposer" daemon [_thread_blocked, id=7644, stack(0x0000000061340000,0x0000000061440000)]
  0x000000005e5cb800 JavaThread "C3P0PooledConnectionPoolManager[identityToken->2rvxxc9e9hyjad18ryh4|4b1ddc1d]-HelperThread-#2" daemon [_thread_blocked, id=6484, stack(0x000000005cfa0000,0x000000005d0a0000)]
  0x000000005e5ca800 JavaThread "C3P0PooledConnectionPoolManager[identityToken->2rvxxc9e9hyjad18ryh4|4b1ddc1d]-HelperThread-#1" daemon [_thread_blocked, id=2404, stack(0x000000005d0a0000,0x000000005d1a0000)]
  0x000000005e5c8000 JavaThread "C3P0PooledConnectionPoolManager[identityToken->2rvxxc9e9hyjad18ryh4|4b1ddc1d]-HelperThread-#0" daemon [_thread_blocked, id=5480, stack(0x000000005c3c0000,0x000000005c4c0000)]
  0x000000005e5be800 JavaThread "C3P0PooledConnectionPoolManager[identityToken->2rvxxc9e9hyjad18ryh4|4b1ddc1d]-AdminTaskTimer" daemon [_thread_blocked, id=5692, stack(0x000000005ce40000,0x000000005cf40000)]
  0x000000005e532800 JavaThread "Abandoned connection cleanup thread" daemon [_thread_blocked, id=5044, stack(0x000000005c200000,0x000000005c300000)]
  0x00000000594ae800 JavaThread "Thread-3" daemon [_thread_in_native, id=7000, stack(0x000000005beb0000,0x000000005bfb0000)]
  0x00000000594c7800 JavaThread "JavaFX-Launcher" [_thread_blocked, id=8120, stack(0x000000005bb90000,0x000000005bc90000)]
  0x0000000059466800 JavaThread "JavaFX Application Thread" [_thread_blocked, id=6012, stack(0x000000005a5f0000,0x000000005a6f0000)]
  0x0000000059465000 JavaThread "Thread-1" daemon [_thread_blocked, id=6136, stack(0x000000005a3a0000,0x000000005a4a0000)]
  0x0000000059440000 JavaThread "QuantumRenderer-0" daemon [_thread_in_native, id=5524, stack(0x0000000059d20000,0x0000000059e20000)]
  0x0000000058591000 JavaThread "Service Thread" daemon [_thread_blocked, id=2616, stack(0x00000000591f0000,0x00000000592f0000)]
  0x000000005851b000 JavaThread "C1 CompilerThread2" daemon [_thread_blocked, id=6712, stack(0x0000000058ff0000,0x00000000590f0000)]
  0x0000000058519800 JavaThread "C2 CompilerThread1" daemon [_thread_blocked, id=5540, stack(0x0000000058e40000,0x0000000058f40000)]
  0x0000000058512800 JavaThread "C2 CompilerThread0" daemon [_thread_blocked, id=1076, stack(0x0000000058b70000,0x0000000058c70000)]
  0x00000000572a5800 JavaThread "Attach Listener" daemon [_thread_blocked, id=4084, stack(0x0000000058c90000,0x0000000058d90000)]
  0x00000000572a3000 JavaThread "Signal Dispatcher" daemon [_thread_blocked, id=4560, stack(0x0000000058a40000,0x0000000058b40000)]
  0x000000005724a000 JavaThread "Finalizer" daemon [_thread_blocked, id=1208, stack(0x0000000058110000,0x0000000058210000)]
  0x0000000057243000 JavaThread "Reference Handler" daemon [_thread_blocked, id=5396, stack(0x0000000058410000,0x0000000058510000)]
  0x000000000025f000 JavaThread "main" [_thread_blocked, id=3520, stack(0x00000000024e0000,0x00000000025e0000)]

Other Threads:
  0x000000005723d800 VMThread [stack: 0x0000000058260000,0x0000000058360000] [id=6600]
  0x00000000585b4000 WatcherThread [stack: 0x0000000059330000,0x0000000059430000] [id=2784]

VM state:not at safepoint (normal execution)

VM Mutex/Monitor currently owned by a thread: None

Heap:
 PSYoungGen      total 175616K, used 79741K [0x00000000d8500000, 0x00000000e7080000, 0x0000000100000000)
  eden space 163328K, 48% used [0x00000000d8500000,0x00000000dd2df6e8,0x00000000e2480000)
  from space 12288K, 0% used [0x00000000e3180000,0x00000000e3180000,0x00000000e3d80000)
  to   space 13312K, 0% used [0x00000000e2480000,0x00000000e2480000,0x00000000e3180000)
 ParOldGen       total 81408K, used 20871K [0x0000000088e00000, 0x000000008dd80000, 0x00000000d8500000)
  object space 81408K, 25% used [0x0000000088e00000,0x000000008a261e20,0x000000008dd80000)
 Metaspace       used 40473K, capacity 41828K, committed 41984K, reserved 1085440K
  class space    used 5336K, capacity 5625K, committed 5632K, reserved 1048576K

Card table byte_map: [0x0000000011c70000,0x0000000012030000] byte_map_base: 0x0000000011829000

Marking Bits: (ParMarkBitMap*) 0x000000005de5a5b0
 Begin Bits: [0x0000000012960000, 0x0000000014728000)
 End Bits:   [0x0000000014728000, 0x00000000164f0000)

Polling page: 0x0000000000230000

CodeCache: size=245760Kb used=18108Kb max_used=18140Kb free=227651Kb
 bounds [0x00000000028b0000, 0x0000000003a80000, 0x00000000118b0000]
 total_blobs=6741 nmethods=5867 adapters=785
 compilation: enabled

Compilation events (10 events):
Event: 11.569 Thread 0x000000005851b000 nmethod 5890 0x0000000003a6a210 code [0x0000000003a6a3c0, 0x0000000003a6a908]
Event: 11.569 Thread 0x000000005851b000 5891       3       com.sun.scenario.animation.AnimationPulse::recordStart (27 bytes)
Event: 11.570 Thread 0x000000005851b000 nmethod 5891 0x0000000003a69b10 code [0x0000000003a69ca0, 0x0000000003a6a0c8]
Event: 11.570 Thread 0x000000005851b000 5892       3       com.sun.javafx.tk.quantum.MasterTimer::recordEnd (7 bytes)
Event: 11.570 Thread 0x000000005851b000 nmethod 5892 0x0000000003a69650 code [0x0000000003a697c0, 0x0000000003a69a28]
Event: 11.570 Thread 0x000000005851b000 5893       3       com.sun.scenario.animation.AnimationPulse::recordEnd (81 bytes)
Event: 11.571 Thread 0x000000005851b000 nmethod 5893 0x0000000003a700d0 code [0x0000000003a70320, 0x0000000003a70ee8]
Event: 11.571 Thread 0x000000005851b000 5894       3       com.sun.scenario.animation.AbstractMasterTimer$MainLoop::updateNextPulseTime (170 bytes)
Event: 11.571 Thread 0x000000005851b000 nmethod 5894 0x0000000003a71550 code [0x0000000003a71700, 0x0000000003a71ce8]
Event: 11.571 Thread 0x0000000058512800 nmethod 5895 0x0000000003a728d0 code [0x0000000003a72a40, 0x0000000003a72c98]

GC Heap History (10 events):
Event: 2.020 GC heap before
{Heap before GC invocations=6 (full 1):
 PSYoungGen      total 66560K, used 5110K [0x00000000d8500000, 0x00000000e0f00000, 0x0000000100000000)
  eden space 61440K, 0% used [0x00000000d8500000,0x00000000d8500000,0x00000000dc100000)
  from space 5120K, 99% used [0x00000000dc100000,0x00000000dc5fd8c8,0x00000000dc600000)
  to   space 9216K, 0% used [0x00000000e0600000,0x00000000e0600000,0x00000000e0f00000)
 ParOldGen       total 81920K, used 7542K [0x0000000088e00000, 0x000000008de00000, 0x00000000d8500000)
  object space 81920K, 9% used [0x0000000088e00000,0x000000008955d878,0x000000008de00000)
 Metaspace       used 20807K, capacity 21172K, committed 21296K, reserved 1069056K
  class space    used 2564K, capacity 2678K, committed 2688K, reserved 1048576K
Event: 2.049 GC heap after
Heap after GC invocations=6 (full 1):
 PSYoungGen      total 66560K, used 0K [0x00000000d8500000, 0x00000000e0f00000, 0x0000000100000000)
  eden space 61440K, 0% used [0x00000000d8500000,0x00000000d8500000,0x00000000dc100000)
  from space 5120K, 0% used [0x00000000dc100000,0x00000000dc100000,0x00000000dc600000)
  to   space 9216K, 0% used [0x00000000e0600000,0x00000000e0600000,0x00000000e0f00000)
 ParOldGen       total 50688K, used 6439K [0x0000000088e00000, 0x000000008bf80000, 0x00000000d8500000)
  object space 50688K, 12% used [0x0000000088e00000,0x0000000089449f18,0x000000008bf80000)
 Metaspace       used 20807K, capacity 21172K, committed 21296K, reserved 1069056K
  class space    used 2564K, capacity 2678K, committed 2688K, reserved 1048576K
}
Event: 2.571 GC heap before
{Heap before GC invocations=7 (full 1):
 PSYoungGen      total 66560K, used 61440K [0x00000000d8500000, 0x00000000e0f00000, 0x0000000100000000)
  eden space 61440K, 100% used [0x00000000d8500000,0x00000000dc100000,0x00000000dc100000)
  from space 5120K, 0% used [0x00000000dc100000,0x00000000dc100000,0x00000000dc600000)
  to   space 9216K, 0% used [0x00000000e0600000,0x00000000e0600000,0x00000000e0f00000)
 ParOldGen       total 50688K, used 6439K [0x0000000088e00000, 0x000000008bf80000, 0x00000000d8500000)
  object space 50688K, 12% used [0x0000000088e00000,0x0000000089449f18,0x000000008bf80000)
 Metaspace       used 24890K, capacity 25320K, committed 25600K, reserved 1071104K
  class space    used 3098K, capacity 3236K, committed 3328K, reserved 1048576K
Event: 2.578 GC heap after
Heap after GC invocations=7 (full 1):
 PSYoungGen      total 108544K, used 6486K [0x00000000d8500000, 0x00000000e0c80000, 0x0000000100000000)
  eden space 101888K, 0% used [0x00000000d8500000,0x00000000d8500000,0x00000000de880000)
  from space 6656K, 97% used [0x00000000e0600000,0x00000000e0c55af0,0x00000000e0c80000)
  to   space 9216K, 0% used [0x00000000dfa80000,0x00000000dfa80000,0x00000000e0380000)
 ParOldGen       total 50688K, used 6439K [0x0000000088e00000, 0x000000008bf80000, 0x00000000d8500000)
  object space 50688K, 12% used [0x0000000088e00000,0x0000000089449f18,0x000000008bf80000)
 Metaspace       used 24890K, capacity 25320K, committed 25600K, reserved 1071104K
  class space    used 3098K, capacity 3236K, committed 3328K, reserved 1048576K
}
Event: 3.679 GC heap before
{Heap before GC invocations=8 (full 1):
 PSYoungGen      total 108544K, used 67417K [0x00000000d8500000, 0x00000000e0c80000, 0x0000000100000000)
  eden space 101888K, 59% used [0x00000000d8500000,0x00000000dc080bf0,0x00000000de880000)
  from space 6656K, 97% used [0x00000000e0600000,0x00000000e0c55af0,0x00000000e0c80000)
  to   space 9216K, 0% used [0x00000000dfa80000,0x00000000dfa80000,0x00000000e0380000)
 ParOldGen       total 50688K, used 6439K [0x0000000088e00000, 0x000000008bf80000, 0x00000000d8500000)
  object space 50688K, 12% used [0x0000000088e00000,0x0000000089449f18,0x000000008bf80000)
 Metaspace       used 34744K, capacity 35410K, committed 35712K, reserved 1081344K
  class space    used 4514K, capacity 4696K, committed 4736K, reserved 1048576K
Event: 3.687 GC heap after
Heap after GC invocations=8 (full 1):
 PSYoungGen      total 129536K, used 9204K [0x00000000d8500000, 0x00000000e3d80000, 0x0000000100000000)
  eden space 120320K, 0% used [0x00000000d8500000,0x00000000d8500000,0x00000000dfa80000)
  from space 9216K, 99% used [0x00000000dfa80000,0x00000000e037d198,0x00000000e0380000)
  to   space 12288K, 0% used [0x00000000e3180000,0x00000000e3180000,0x00000000e3d80000)
 ParOldGen       total 50688K, used 11007K [0x0000000088e00000, 0x000000008bf80000, 0x00000000d8500000)
  object space 50688K, 21% used [0x0000000088e00000,0x00000000898bff58,0x000000008bf80000)
 Metaspace       used 34744K, capacity 35410K, committed 35712K, reserved 1081344K
  class space    used 4514K, capacity 4696K, committed 4736K, reserved 1048576K
}
Event: 3.723 GC heap before
{Heap before GC invocations=9 (full 1):
 PSYoungGen      total 129536K, used 24872K [0x00000000d8500000, 0x00000000e3d80000, 0x0000000100000000)
  eden space 120320K, 13% used [0x00000000d8500000,0x00000000d944d178,0x00000000dfa80000)
  from space 9216K, 99% used [0x00000000dfa80000,0x00000000e037d198,0x00000000e0380000)
  to   space 12288K, 0% used [0x00000000e3180000,0x00000000e3180000,0x00000000e3d80000)
 ParOldGen       total 50688K, used 11007K [0x0000000088e00000, 0x000000008bf80000, 0x00000000d8500000)
  object space 50688K, 21% used [0x0000000088e00000,0x00000000898bff58,0x000000008bf80000)
 Metaspace       used 35074K, capacity 35716K, committed 35828K, reserved 1081344K
  class space    used 4553K, capacity 4733K, committed 4736K, reserved 1048576K
Event: 3.729 GC heap after
Heap after GC invocations=9 (full 1):
 PSYoungGen      total 175616K, used 10560K [0x00000000d8500000, 0x00000000e7080000, 0x0000000100000000)
  eden space 163328K, 0% used [0x00000000d8500000,0x00000000d8500000,0x00000000e2480000)
  from space 12288K, 85% used [0x00000000e3180000,0x00000000e3bd0300,0x00000000e3d80000)
  to   space 13312K, 0% used [0x00000000e2480000,0x00000000e2480000,0x00000000e3180000)
 ParOldGen       total 50688K, used 11015K [0x0000000088e00000, 0x000000008bf80000, 0x00000000d8500000)
  object space 50688K, 21% used [0x0000000088e00000,0x00000000898c1f58,0x000000008bf80000)
 Metaspace       used 35074K, capacity 35716K, committed 35828K, reserved 1081344K
  class space    used 4553K, capacity 4733K, committed 4736K, reserved 1048576K
}
Event: 3.729 GC heap before
{Heap before GC invocations=10 (full 2):
 PSYoungGen      total 175616K, used 10560K [0x00000000d8500000, 0x00000000e7080000, 0x0000000100000000)
  eden space 163328K, 0% used [0x00000000d8500000,0x00000000d8500000,0x00000000e2480000)
  from space 12288K, 85% used [0x00000000e3180000,0x00000000e3bd0300,0x00000000e3d80000)
  to   space 13312K, 0% used [0x00000000e2480000,0x00000000e2480000,0x00000000e3180000)
 ParOldGen       total 50688K, used 11015K [0x0000000088e00000, 0x000000008bf80000, 0x00000000d8500000)
  object space 50688K, 21% used [0x0000000088e00000,0x00000000898c1f58,0x000000008bf80000)
 Metaspace       used 35074K, capacity 35716K, committed 35828K, reserved 1081344K
  class space    used 4553K, capacity 4733K, committed 4736K, reserved 1048576K
Event: 3.808 GC heap after
Heap after GC invocations=10 (full 2):
 PSYoungGen      total 175616K, used 0K [0x00000000d8500000, 0x00000000e7080000, 0x0000000100000000)
  eden space 163328K, 0% used [0x00000000d8500000,0x00000000d8500000,0x00000000e2480000)
  from space 12288K, 0% used [0x00000000e3180000,0x00000000e3180000,0x00000000e3d80000)
  to   space 13312K, 0% used [0x00000000e2480000,0x00000000e2480000,0x00000000e3180000)
 ParOldGen       total 81408K, used 20871K [0x0000000088e00000, 0x000000008dd80000, 0x00000000d8500000)
  object space 81408K, 25% used [0x0000000088e00000,0x000000008a261e20,0x000000008dd80000)
 Metaspace       used 35074K, capacity 35716K, committed 35828K, reserved 1081344K
  class space    used 4553K, capacity 4733K, committed 4736K, reserved 1048576K
}

Deoptimization events (10 events):
Event: 7.965 Thread 0x0000000059466800 Uncommon trap: reason=unstable_if action=reinterpret pc=0x00000000034b96fc method=com.sun.javafx.image.impl.ByteBgra$ToByteBgraPreConv.doConvert([BII[BIIII)V @ 31
Event: 8.081 Thread 0x0000000059440000 Uncommon trap: reason=unstable_if action=reinterpret pc=0x000000000366a398 method=com.sun.scenario.effect.impl.state.BoxRenderState.validateWeights()V @ 147
Event: 8.939 Thread 0x0000000059466800 Uncommon trap: reason=unstable_if action=reinterpret pc=0x0000000003750d0c method=javafx.scene.Node.updateBounds()V @ 47
Event: 8.939 Thread 0x0000000059466800 Uncommon trap: reason=unstable_if action=reinterpret pc=0x0000000003750d0c method=javafx.scene.Node.updateBounds()V @ 47
Event: 8.939 Thread 0x0000000059466800 Uncommon trap: reason=unstable_if action=reinterpret pc=0x0000000003714af4 method=javafx.scene.Node.updateBounds()V @ 47
Event: 8.939 Thread 0x0000000059466800 Uncommon trap: reason=unstable_if action=reinterpret pc=0x0000000003750d0c method=javafx.scene.Node.updateBounds()V @ 47
Event: 11.003 Thread 0x0000000059466800 Uncommon trap: reason=array_check action=maybe_recompile pc=0x0000000003a293ac method=com.sun.javafx.css.CompoundSelector.applies(Ljavafx/css/Styleable;[Ljava/util/Set;I)Z @ 128
Event: 11.003 Thread 0x0000000059466800 Uncommon trap: reason=array_check action=maybe_recompile pc=0x0000000003a293ac method=com.sun.javafx.css.CompoundSelector.applies(Ljavafx/css/Styleable;[Ljava/util/Set;I)Z @ 128
Event: 11.003 Thread 0x0000000059466800 Uncommon trap: reason=array_check action=maybe_recompile pc=0x0000000003a293ac method=com.sun.javafx.css.CompoundSelector.applies(Ljavafx/css/Styleable;[Ljava/util/Set;I)Z @ 128
Event: 11.003 Thread 0x0000000059466800 Uncommon trap: reason=array_check action=maybe_recompile pc=0x0000000003a293ac method=com.sun.javafx.css.CompoundSelector.applies(Ljavafx/css/Styleable;[Ljava/util/Set;I)Z @ 128

Internal exceptions (10 events):
Event: 5.504 Thread 0x000000005e3ce800 Exception <a 'java/io/FileNotFoundException'> (0x00000000da9027b0) thrown at [C:\re\workspace\8-2-build-windows-amd64-cygwin\jdk8u60\4407\hotspot\src\share\vm\prims\jni.cpp, line 709]
Event: 5.527 Thread 0x000000005e3ce800 Exception <a 'java/io/FileNotFoundException'> (0x00000000da918ae0) thrown at [C:\re\workspace\8-2-build-windows-amd64-cygwin\jdk8u60\4407\hotspot\src\share\vm\prims\jni.cpp, line 709]
Event: 8.226 Thread 0x000000005e3d0000 Exception <a 'java/io/FileNotFoundException'> (0x00000000db9ce568) thrown at [C:\re\workspace\8-2-build-windows-amd64-cygwin\jdk8u60\4407\hotspot\src\share\vm\prims\jni.cpp, line 709]
Event: 8.239 Thread 0x000000005e3d0000 Exception <a 'java/io/FileNotFoundException'> (0x00000000db9e4898) thrown at [C:\re\workspace\8-2-build-windows-amd64-cygwin\jdk8u60\4407\hotspot\src\share\vm\prims\jni.cpp, line 709]
Event: 8.240 Thread 0x000000005e3d0000 Exception <a 'java/io/FileNotFoundException'> (0x00000000db9f47a8) thrown at [C:\re\workspace\8-2-build-windows-amd64-cygwin\jdk8u60\4407\hotspot\src\share\vm\prims\jni.cpp, line 709]
Event: 8.253 Thread 0x000000005e3d0000 Exception <a 'java/io/FileNotFoundException'> (0x00000000dba0aad8) thrown at [C:\re\workspace\8-2-build-windows-amd64-cygwin\jdk8u60\4407\hotspot\src\share\vm\prims\jni.cpp, line 709]
Event: 11.114 Thread 0x000000005e3d3000 Exception <a 'java/io/FileNotFoundException'> (0x00000000dd107f40) thrown at [C:\re\workspace\8-2-build-windows-amd64-cygwin\jdk8u60\4407\hotspot\src\share\vm\prims\jni.cpp, line 709]
Event: 11.115 Thread 0x000000005e3d3000 Exception <a 'java/io/FileNotFoundException'> (0x00000000dd11e270) thrown at [C:\re\workspace\8-2-build-windows-amd64-cygwin\jdk8u60\4407\hotspot\src\share\vm\prims\jni.cpp, line 709]
Event: 11.115 Thread 0x000000005e3d3000 Exception <a 'java/io/FileNotFoundException'> (0x00000000dd12e180) thrown at [C:\re\workspace\8-2-build-windows-amd64-cygwin\jdk8u60\4407\hotspot\src\share\vm\prims\jni.cpp, line 709]
Event: 11.116 Thread 0x000000005e3d3000 Exception <a 'java/io/FileNotFoundException'> (0x00000000dd1444b0) thrown at [C:\re\workspace\8-2-build-windows-amd64-cygwin\jdk8u60\4407\hotspot\src\share\vm\prims\jni.cpp, line 709]

Events (10 events):
Event: 11.003 Thread 0x0000000059466800 Uncommon trap: trap_request=0xffffffd6 fr.pc=0x0000000003a293ac
Event: 11.003 Thread 0x0000000059466800 DEOPT PACKING pc=0x0000000003a293ac sp=0x000000005a6e7c80
Event: 11.003 Thread 0x0000000059466800 DEOPT UNPACKING pc=0x00000000028f582a sp=0x000000005a6e7bf0 mode 2
Event: 11.040 Executing VM operation: RevokeBias
Event: 11.041 Executing VM operation: RevokeBias done
Event: 11.113 Thread 0x000000005e3d3000 Thread added: 0x000000005e3d3000
Event: 11.570 Executing VM operation: RevokeBias
Event: 11.570 Executing VM operation: RevokeBias done
Event: 11.584 Executing VM operation: RevokeBias
Event: 11.584 Executing VM operation: RevokeBias done


Dynamic libraries:
0x000000013f320000 - 0x000000013f357000 	C:\Program Files\Java\jdk1.8.0_60\jre\bin\java.exe
0x0000000077a90000 - 0x0000000077c39000 	C:\windows\SYSTEM32\ntdll.dll
0x0000000077970000 - 0x0000000077a8f000 	C:\windows\system32\kernel32.dll
0x000007fefdb40000 - 0x000007fefdbac000 	C:\windows\system32\KERNELBASE.dll
0x000007feffbb0000 - 0x000007feffc8b000 	C:\windows\system32\ADVAPI32.dll
0x000007feff110000 - 0x000007feff1af000 	C:\windows\system32\msvcrt.dll
0x000007feffd80000 - 0x000007feffd9f000 	C:\windows\SYSTEM32\sechost.dll
0x000007feff330000 - 0x000007feff45d000 	C:\windows\system32\RPCRT4.dll
0x0000000077870000 - 0x000000007796a000 	C:\windows\system32\USER32.dll
0x000007feff2c0000 - 0x000007feff327000 	C:\windows\system32\GDI32.dll
0x000007feff460000 - 0x000007feff46e000 	C:\windows\system32\LPK.dll
0x000007feff850000 - 0x000007feff919000 	C:\windows\system32\USP10.dll
0x000007fefc1b0000 - 0x000007fefc3a4000 	C:\windows\WinSxS\amd64_microsoft.windows.common-controls_6595b64144ccf1df_6.0.7601.17514_none_fa396087175ac9ac\COMCTL32.dll
0x000007feffce0000 - 0x000007feffd51000 	C:\windows\system32\SHLWAPI.dll
0x000007fefec30000 - 0x000007fefec5e000 	C:\windows\system32\IMM32.DLL
0x000007feff1b0000 - 0x000007feff2b9000 	C:\windows\system32\MSCTF.dll
0x0000000062580000 - 0x0000000062652000 	C:\Program Files\Java\jdk1.8.0_60\jre\bin\msvcr100.dll
0x000000005d650000 - 0x000000005ded9000 	C:\Program Files\Java\jdk1.8.0_60\jre\bin\server\jvm.dll
0x000007fef3ac0000 - 0x000007fef3ac9000 	C:\windows\system32\WSOCK32.dll
0x000007feffc90000 - 0x000007feffcdd000 	C:\windows\system32\WS2_32.dll
0x000007feff9c0000 - 0x000007feff9c8000 	C:\windows\system32\NSI.dll
0x000007fefaea0000 - 0x000007fefaedb000 	C:\windows\system32\WINMM.dll
0x000007fefc790000 - 0x000007fefc79c000 	C:\windows\system32\VERSION.dll
0x0000000077c60000 - 0x0000000077c67000 	C:\windows\system32\PSAPI.DLL
0x0000000062530000 - 0x000000006253f000 	C:\Program Files\Java\jdk1.8.0_60\jre\bin\verify.dll
0x0000000062480000 - 0x00000000624a9000 	C:\Program Files\Java\jdk1.8.0_60\jre\bin\java.dll
0x0000000062460000 - 0x0000000062476000 	C:\Program Files\Java\jdk1.8.0_60\jre\bin\zip.dll
0x000007fefdea0000 - 0x000007fefec29000 	C:\windows\system32\SHELL32.dll
0x000007fefdc10000 - 0x000007fefde13000 	C:\windows\system32\ole32.dll
0x000007fefd850000 - 0x000007fefd85f000 	C:\windows\system32\profapi.dll
0x000007fef9ab0000 - 0x000007fef9b9f000 	C:\Program Files\Java\jdk1.8.0_60\jre\bin\msvcr120.dll
0x000007fef9c00000 - 0x000007fef9ca6000 	C:\Program Files\Java\jdk1.8.0_60\jre\bin\msvcp120.dll
0x0000000066c60000 - 0x0000000066c83000 	C:\Program Files\Java\jdk1.8.0_60\jre\bin\prism_d3d.dll
0x000007fef23b0000 - 0x000007fef25af000 	C:\windows\system32\d3d9.dll
0x000007fef3210000 - 0x000007fef3217000 	C:\windows\system32\d3d8thk.dll
0x000007fefbba0000 - 0x000007fefbbb8000 	C:\windows\system32\dwmapi.dll
0x000007fefbfd0000 - 0x000007fefc026000 	C:\windows\system32\uxtheme.dll
0x000007fee8e00000 - 0x000007fee9651000 	C:\windows\system32\igdumdim64.dll
0x000007fef5060000 - 0x000007fef5493000 	C:\windows\system32\igdusc64.dll
0x00000000668c0000 - 0x0000000066903000 	C:\Program Files\Java\jdk1.8.0_60\jre\bin\glass.dll
0x000007feff920000 - 0x000007feff9b7000 	C:\windows\system32\COMDLG32.dll
0x000007fefed00000 - 0x000007fefedd7000 	C:\windows\system32\OLEAUT32.dll
0x000007fefd6f0000 - 0x000007fefd6ff000 	C:\windows\system32\CRYPTBASE.dll
0x0000000062410000 - 0x000000006242a000 	C:\Program Files\Java\jdk1.8.0_60\jre\bin\net.dll
0x000007fefd030000 - 0x000007fefd085000 	C:\windows\system32\mswsock.dll
0x000007fefd020000 - 0x000007fefd027000 	C:\windows\System32\wship6.dll
0x00000000623f0000 - 0x0000000062401000 	C:\Program Files\Java\jdk1.8.0_60\jre\bin\nio.dll
0x0000000066c30000 - 0x0000000066c54000 	C:\Program Files\Java\jdk1.8.0_60\jre\bin\sunec.dll
0x000007fefaab0000 - 0x000007fefaac5000 	C:\windows\system32\NLAapi.dll
0x000007fef83c0000 - 0x000007fef83d5000 	C:\windows\system32\napinsp.dll
0x000007fef83a0000 - 0x000007fef83b9000 	C:\windows\system32\pnrpnsp.dll
0x000007fefceb0000 - 0x000007fefcf0b000 	C:\windows\system32\DNSAPI.dll
0x000007fef8390000 - 0x000007fef839b000 	C:\windows\System32\winrnr.dll
0x000007fefca10000 - 0x000007fefca17000 	C:\windows\System32\wshtcpip.dll
0x000007fefa900000 - 0x000007fefa927000 	C:\windows\system32\IPHLPAPI.DLL
0x000007fefa8e0000 - 0x000007fefa8eb000 	C:\windows\system32\WINNSI.DLL
0x000007fef8da0000 - 0x000007fef8da8000 	C:\windows\system32\rasadhlp.dll
0x000007fefa770000 - 0x000007fefa7c3000 	C:\windows\System32\fwpuclnt.dll
0x000007fefd090000 - 0x000007fefd0a8000 	C:\windows\system32\CRYPTSP.dll
0x000007fefcd90000 - 0x000007fefcdd7000 	C:\windows\system32\rsaenh.dll
0x000007fefda10000 - 0x000007fefda2e000 	C:\windows\system32\USERENV.dll
0x000007fefa6f0000 - 0x000007fefa701000 	C:\windows\system32\dhcpcsvc6.DLL
0x000007fefa6d0000 - 0x000007fefa6e8000 	C:\windows\system32\dhcpcsvc.DLL
0x00000000002c0000 - 0x00000000002cd000 	C:\Program Files\Java\jdk1.8.0_60\jre\bin\management.dll
0x000000006bee0000 - 0x000000006bef4000 	C:\Program Files\Java\jdk1.8.0_60\jre\bin\javafx_font.dll
0x000007fef9910000 - 0x000007fef9aa6000 	C:\windows\system32\dwrite.dll
0x000007fefec60000 - 0x000007fefecf9000 	C:\windows\system32\CLBCatQ.DLL
0x000007fefb9f0000 - 0x000007fefbb51000 	C:\windows\system32\WindowsCodecs.dll
0x000007fefd690000 - 0x000007fefd6e7000 	C:\windows\system32\apphelp.dll
0x000007fef4ec0000 - 0x000007fef4f80000 	C:\Program Files (x86)\Google\Drive\googledrivesync64.dll
0x000000006c720000 - 0x000000006c7f3000 	C:\Program Files (x86)\Google\Drive\Microsoft.VC90.CRT\MSVCP90.dll
0x000000006cd90000 - 0x000000006ce33000 	C:\Program Files (x86)\Google\Drive\Microsoft.VC90.CRT\MSVCR90.dll
0x000007fef4e80000 - 0x000007fef4ebb000 	C:\Program Files (x86)\Dropbox\Client\DropboxExt64.28.dll
0x000007fefa930000 - 0x000007fefa95d000 	C:\Program Files\Common Files\Microsoft Shared\Ink\rtscom.dll
0x0000000071fc0000 - 0x0000000071fd1000 	C:\Program Files\Java\jdk1.8.0_60\jre\bin\prism_common.dll
0x000007feed500000 - 0x000007feed8c4000 	C:\windows\system32\d2d1.dll
0x000007fef57a0000 - 0x000007fef5975000 	C:\windows\system32\d3d11.dll
0x000007fef5980000 - 0x000007fef59dd000 	C:\windows\system32\dxgi.dll
0x000007feed280000 - 0x000007feed4f9000 	C:\windows\system32\D3D10Warp.dll
0x000007fefda50000 - 0x000007fefda8b000 	C:\windows\system32\WINTRUST.dll
0x000007fefd870000 - 0x000007fefd9dd000 	C:\windows\system32\CRYPT32.dll
0x000007fefd860000 - 0x000007fefd86f000 	C:\windows\system32\MSASN1.dll
0x0000000180000000 - 0x0000000180025000 	C:\Users\OCTI01\Documents\NetBeansProjects\QuadroDeHorarioFX\rxtxSerial.dll
0x000007fef86e0000 - 0x000007fef8805000 	C:\windows\system32\dbghelp.dll

VM Arguments:
jvm_args: -Dfile.encoding=UTF-8 
java_command: C:\Users\OCTI01\Documents\NetBeansProjects\QuadroDeHorarioFX\dist\run1017731947\QuadroDeHorarioFX.jar
java_class_path (initial): C:\Users\OCTI01\Documents\NetBeansProjects\QuadroDeHorarioFX\dist\run1017731947\QuadroDeHorarioFX.jar
Launcher Type: SUN_STANDARD

Environment Variables:
JAVA_HOME=C:\Program Files\Java\jdk1.8.0_40
CLASSPATH=.;JAVA_HOME
PATH=C:\ProgramData\Oracle\Java\javapath;C:\Program Files (x86)\Intel\iCLS Client\;C:\Program Files\Intel\iCLS Client\;C:\windows\system32;C:\windows;C:\windows\System32\Wbem;C:\windows\System32\WindowsPowerShell\v1.0\;C:\Program Files\Intel\Intel(R) Management Engine Components\DAL;C:\Program Files\Intel\Intel(R) Management Engine Components\IPT;C:\Program Files (x86)\Intel\Intel(R) Management Engine Components\DAL;C:\Program Files (x86)\Intel\Intel(R) Management Engine Components\IPT;C:\Program Files (x86)\Intel\OpenCL SDK\2.0\bin\x86;C:\Program Files (x86)\Intel\OpenCL SDK\2.0\bin\x64;C:\Program Files\MySQL\MySQL Server 5.6\bin;C:\Program Files\Java\jre1.8.0_40\bin;C:\Program Files\Java\jdk1.8.0_40\bin;C:\Program Files (x86)\MySQL\MySQL Utilities 1.4.4\;C:\Program Files (x86)\MySQL\MySQL Utilities 1.4.4\Doctrine extensions for PHP\;C:\Program Files\Java\jdk1.8.0_40\bin
USERNAME=OCTI01
OS=Windows_NT
PROCESSOR_IDENTIFIER=Intel64 Family 6 Model 58 Stepping 9, GenuineIntel



---------------  S Y S T E M  ---------------

OS: Windows 7 , 64 bit Build 7601 (6.1.7601.18409)

CPU:total 4 (4 cores per cpu, 1 threads per core) family 6 model 58 stepping 9, cmov, cx8, fxsr, mmx, sse, sse2, sse3, ssse3, sse4.1, sse4.2, popcnt, avx, aes, clmul, erms, tsc, tscinvbit, tscinv

Memory: 4k page, physical 7801980k(2099632k free), swap 15602104k(9479000k free)

vm_info: Java HotSpot(TM) 64-Bit Server VM (25.60-b23) for windows-amd64 JRE (1.8.0_60-b27), built on Aug  4 2015 11:06:27 by "java_re" with MS VC++ 10.0 (VS2010)

time: Fri Jan 08 15:15:16 2016
elapsed time: 11 seconds (0d 0h 0m 11s)

