#
# A fatal error has been detected by the Java Runtime Environment:
#
#  EXCEPTION_ACCESS_VIOLATION (0xc0000005) at pc=0x0000000180005b6b, pid=4964, tid=3484
#
# JRE version: Java(TM) SE Runtime Environment (8.0_60-b27) (build 1.8.0_60-b27)
# Java VM: Java HotSpot(TM) 64-Bit Server VM (25.60-b23 mixed mode windows-amd64 compressed oops)
# Problematic frame:
# C  [rxtxSerial.dll+0x5b6b]
#
# Failed to write core dump. Minidumps are not enabled by default on client versions of Windows
#
# If you would like to submit a bug report, please visit:
#   http://bugreport.java.com/bugreport/crash.jsp
# The crash happened outside the Java Virtual Machine in native code.
# See problematic frame for where to report the bug.
#

---------------  T H R E A D  ---------------

Current thread (0x0000000023a41000):  JavaThread "Thread-7" [_thread_in_native, id=3484, stack(0x000000002ca60000,0x000000002cb60000)]

siginfo: ExceptionCode=0xc0000005, writing address 0x000000002cddef18

Registers:
RAX=0x0000000000000000, RBX=0x0000000000000000, RCX=0x0000000077b115fa, RDX=0x0000000000000000
RSP=0x000000002cb5ea50, RBP=0x00000000ffffffff, RSI=0x0000000000000015, RDI=0x0000000000000001
R8 =0x000000002cb5e9a8, R9 =0x00000000ffffffff, R10=0x0000000000000000, R11=0x0000000000000246
R12=0x000000002cddef10, R13=0x0000000000000001, R14=0x0000000000000001, R15=0x0000000000000000
RIP=0x0000000180005b6b, EFLAGS=0x0000000000010246

Top of Stack: (sp=0x000000002cb5ea50)
0x000000002cb5ea50:   0000000000000000 0000000000000000
0x000000002cb5ea60:   0000000000000000 0000000000000000
0x000000002cb5ea70:   0000000023a41000 000000002cb5ebf0
0x000000002cb5ea80:   000000002aec4ae8 000000002cb5ebf0
0x000000002cb5ea90:   ffffffffffffffff 0000000000000002
0x000000002cb5eaa0:   000000001f9bf548 0000000180005f3f
0x000000002cb5eab0:   0000000023a411f8 0000000023a411f8
0x000000002cb5eac0:   0000000000000002 000000002cb5eae0
0x000000002cb5ead0:   0000000000000001 00000000ffffffff
0x000000002cb5eae0:   0000000000000000 000000002cb5ebf0
0x000000002cb5eaf0:   000000002cb5eb60 0000000002a274c0
0x000000002cb5eb00:   0000000000000000 0000000000000001
0x000000002cb5eb10:   0000000000000000 0000000759035368
0x000000002cb5eb20:   000000002cb5eb20 000000001e040f36
0x000000002cb5eb30:   0000fbd67cfa1572 000000001e0ca018
0x000000002cb5eb40:   0000000000000000 0000000000000118 

Instructions: (pc=0x0000000180005b6b)
0x0000000180005b4b:   31 00 00 85 c0 78 33 74 06 03 d8 2b f8 eb 0a b9
0x0000000180005b5b:   e8 03 00 00 e8 1c 1c 00 00 41 3b dd 7c b7 8b c3
0x0000000180005b6b:   45 89 74 24 08 48 8b 5c 24 60 48 83 c4 20 41 5f
0x0000000180005b7b:   41 5e 41 5d 41 5c 5f 5e 5d c3 e8 1e 61 00 00 83 


Register to memory mapping:

RAX=0x0000000000000000 is an unknown value
RBX=0x0000000000000000 is an unknown value
RCX=0x0000000077b115fa is an unknown value
RDX=0x0000000000000000 is an unknown value
RSP=0x000000002cb5ea50 is pointing into the stack for thread: 0x0000000023a41000
RBP=0x00000000ffffffff is an unknown value
RSI=0x0000000000000015 is an unknown value
RDI=0x0000000000000001 is an unknown value
R8 =0x000000002cb5e9a8 is pointing into the stack for thread: 0x0000000023a41000
R9 =0x00000000ffffffff is an unknown value
R10=0x0000000000000000 is an unknown value
R11=0x0000000000000246 is an unknown value
R12=0x000000002cddef10 is an unknown value
R13=0x0000000000000001 is an unknown value
R14=0x0000000000000001 is an unknown value
R15=0x0000000000000000 is an unknown value


Stack: [0x000000002ca60000,0x000000002cb60000],  sp=0x000000002cb5ea50,  free space=1018k
Native frames: (J=compiled Java code, j=interpreted, Vv=VM code, C=native code)
C  [rxtxSerial.dll+0x5b6b]
C  [rxtxSerial.dll+0x5f3f]
C  0x0000000002a35e34

Java frames: (J=compiled Java code, j=interpreted, Vv=VM code)
j  gnu.io.RXTXPort.readByte()I+0
j  gnu.io.RXTXPort$SerialInputStream.read()I+81
j  br.com.QuadroDeHorario.control.SerialCommunication.serialEvent(Lgnu/io/SerialPortEvent;)V+52
j  gnu.io.RXTXPort.sendEvent(IZ)Z+382
v  ~StubRoutines::call_stub
j  gnu.io.RXTXPort.eventLoop()V+0
j  gnu.io.RXTXPort$MonitorThread.run()V+12
v  ~StubRoutines::call_stub

---------------  P R O C E S S  ---------------

Java Threads: ( => current thread )
=>0x0000000023a41000 JavaThread "Thread-7" [_thread_in_native, id=3484, stack(0x000000002ca60000,0x000000002cb60000)]
  0x0000000023a40800 JavaThread "Thread-6" [_thread_blocked, id=2096, stack(0x000000002c550000,0x000000002c650000)]
  0x0000000023a3e000 JavaThread "pool-2-thread-1" [_thread_blocked, id=608, stack(0x00000000283e0000,0x00000000284e0000)]
  0x0000000023a3d000 JavaThread "Abandoned connection cleanup thread" daemon [_thread_blocked, id=5228, stack(0x00000000280d0000,0x00000000281d0000)]
  0x00000000234e7000 JavaThread "Prism Font Disposer" daemon [_thread_blocked, id=3952, stack(0x00000000261e0000,0x00000000262e0000)]
  0x0000000020663000 JavaThread "Thread-3" daemon [_thread_in_native, id=2672, stack(0x0000000022e40000,0x0000000022f40000)]
  0x0000000020657000 JavaThread "JavaFX-Launcher" [_thread_blocked, id=1756, stack(0x0000000023120000,0x0000000023220000)]
  0x0000000020633000 JavaThread "JavaFX Application Thread" [_thread_in_native, id=1248, stack(0x00000000213e0000,0x00000000214e0000)]
  0x0000000020627000 JavaThread "Thread-1" daemon [_thread_blocked, id=1116, stack(0x00000000212a0000,0x00000000213a0000)]
  0x000000002065b000 JavaThread "QuantumRenderer-0" daemon [_thread_blocked, id=5772, stack(0x0000000020ed0000,0x0000000020fd0000)]
  0x000000001f7e2800 JavaThread "Service Thread" daemon [_thread_blocked, id=1140, stack(0x00000000203b0000,0x00000000204b0000)]
  0x000000001e348800 JavaThread "C1 CompilerThread2" daemon [_thread_blocked, id=3412, stack(0x000000001fd20000,0x000000001fe20000)]
  0x000000001e347000 JavaThread "C2 CompilerThread1" daemon [_thread_blocked, id=4840, stack(0x00000000200c0000,0x00000000201c0000)]
  0x000000001f765800 JavaThread "C2 CompilerThread0" daemon [_thread_blocked, id=4628, stack(0x000000001ff90000,0x0000000020090000)]
  0x000000001f761800 JavaThread "Attach Listener" daemon [_thread_blocked, id=3808, stack(0x000000001fe60000,0x000000001ff60000)]
  0x000000001e345000 JavaThread "Signal Dispatcher" daemon [_thread_blocked, id=2072, stack(0x000000001fbc0000,0x000000001fcc0000)]
  0x000000001e2ea000 JavaThread "Finalizer" daemon [_thread_blocked, id=4244, stack(0x000000001f660000,0x000000001f760000)]
  0x000000001e2e3000 JavaThread "Reference Handler" daemon [_thread_blocked, id=3804, stack(0x000000001f470000,0x000000001f570000)]
  0x000000000235f000 JavaThread "main" [_thread_blocked, id=5560, stack(0x0000000002650000,0x0000000002750000)]

Other Threads:
  0x000000001e2dd800 VMThread [stack: 0x000000001f2a0000,0x000000001f3a0000] [id=5356]
  0x000000001f804000 WatcherThread [stack: 0x00000000204e0000,0x00000000205e0000] [id=4164]

VM state:not at safepoint (normal execution)

VM Mutex/Monitor currently owned by a thread: None

Heap:
 PSYoungGen      total 134656K, used 14862K [0x0000000758500000, 0x0000000764700000, 0x00000007c0000000)
  eden space 121344K, 12% used [0x0000000758500000,0x0000000759383860,0x000000075fb80000)
  from space 13312K, 0% used [0x000000075fb80000,0x000000075fb80000,0x0000000760880000)
  to   space 14336K, 0% used [0x0000000763900000,0x0000000763900000,0x0000000764700000)
 ParOldGen       total 175104K, used 16518K [0x0000000688e00000, 0x0000000693900000, 0x0000000758500000)
  object space 175104K, 9% used [0x0000000688e00000,0x0000000689e21b30,0x0000000693900000)
 Metaspace       used 37171K, capacity 38464K, committed 38696K, reserved 1083392K
  class space    used 5049K, capacity 5321K, committed 5416K, reserved 1048576K

Card table byte_map: [0x0000000011de0000,0x00000000127a0000] byte_map_base: 0x000000000e999000

Marking Bits: (ParMarkBitMap*) 0x00000000689ca5b0
 Begin Bits: [0x0000000013400000, 0x00000000181c8000)
 End Bits:   [0x00000000181c8000, 0x000000001cf90000)

Polling page: 0x0000000000130000

CodeCache: size=245760Kb used=14129Kb max_used=14129Kb free=231630Kb
 bounds [0x0000000002a20000, 0x0000000003800000, 0x0000000011a20000]
 total_blobs=5560 nmethods=4704 adapters=767
 compilation: enabled

Compilation events (10 events):
Event: 36.773 Thread 0x000000001e348800 4700       3       javafx.scene.layout.Region::snapSpace (14 bytes)
Event: 36.773 Thread 0x000000001e348800 nmethod 4700 0x00000000037eb2d0 code [0x00000000037eb440, 0x00000000037eb608]
Event: 36.774 Thread 0x000000001e348800 4701       3       com.sun.javafx.geom.transform.AffineBase::transform3DBounds (653 bytes)
Event: 36.776 Thread 0x000000001e348800 nmethod 4701 0x00000000037ec710 code [0x00000000037ecc00, 0x00000000037efd28]
Event: 36.776 Thread 0x000000001e348800 4702   !   3       com.sun.prism.impl.ps.BaseShaderGraphics::extract3Dremainder (71 bytes)
Event: 36.777 Thread 0x000000001e348800 nmethod 4702 0x00000000037ea390 code [0x00000000037ea5a0, 0x00000000037eaf68]
Event: 37.430 Thread 0x000000001e348800 4703       3       java.util.regex.Matcher::<init> (84 bytes)
Event: 37.430 Thread 0x000000001e348800 nmethod 4703 0x00000000037e9bd0 code [0x00000000037e9d60, 0x00000000037ea228]
Event: 37.451 Thread 0x000000001e348800 4704       3       java.util.regex.Pattern::closure (477 bytes)
Event: 37.456 Thread 0x000000001e348800 nmethod 4704 0x00000000037f0f90 code [0x00000000037f15e0, 0x00000000037f5588]

GC Heap History (10 events):
Event: 1.307 GC heap before
{Heap before GC invocations=3 (full 1):
 PSYoungGen      total 93184K, used 9680K [0x0000000758500000, 0x0000000763b00000, 0x00000007c0000000)
  eden space 79872K, 0% used [0x0000000758500000,0x0000000758500000,0x000000075d300000)
  from space 13312K, 72% used [0x000000075e000000,0x000000075e9741a0,0x000000075ed00000)
  to   space 13312K, 0% used [0x000000075d300000,0x000000075d300000,0x000000075e000000)
 ParOldGen       total 212992K, used 88K [0x0000000688e00000, 0x0000000695e00000, 0x0000000758500000)
  object space 212992K, 0% used [0x0000000688e00000,0x0000000688e16010,0x0000000695e00000)
 Metaspace       used 20666K, capacity 21230K, committed 21296K, reserved 1067008K
  class space    used 2779K, capacity 2940K, committed 2944K, reserved 1048576K
Event: 1.339 GC heap after
Heap after GC invocations=3 (full 1):
 PSYoungGen      total 93184K, used 0K [0x0000000758500000, 0x0000000763b00000, 0x00000007c0000000)
  eden space 79872K, 0% used [0x0000000758500000,0x0000000758500000,0x000000075d300000)
  from space 13312K, 0% used [0x000000075e000000,0x000000075e000000,0x000000075ed00000)
  to   space 13312K, 0% used [0x000000075d300000,0x000000075d300000,0x000000075e000000)
 ParOldGen       total 120832K, used 9558K [0x0000000688e00000, 0x0000000690400000, 0x0000000758500000)
  object space 120832K, 7% used [0x0000000688e00000,0x0000000689755820,0x0000000690400000)
 Metaspace       used 20666K, capacity 21230K, committed 21296K, reserved 1067008K
  class space    used 2779K, capacity 2940K, committed 2944K, reserved 1048576K
}
Event: 2.212 GC heap before
{Heap before GC invocations=4 (full 1):
 PSYoungGen      total 93184K, used 79872K [0x0000000758500000, 0x0000000763b00000, 0x00000007c0000000)
  eden space 79872K, 100% used [0x0000000758500000,0x000000075d300000,0x000000075d300000)
  from space 13312K, 0% used [0x000000075e000000,0x000000075e000000,0x000000075ed00000)
  to   space 13312K, 0% used [0x000000075d300000,0x000000075d300000,0x000000075e000000)
 ParOldGen       total 120832K, used 9558K [0x0000000688e00000, 0x0000000690400000, 0x0000000758500000)
  object space 120832K, 7% used [0x0000000688e00000,0x0000000689755820,0x0000000690400000)
 Metaspace       used 29136K, capacity 29812K, committed 30208K, reserved 1075200K
  class space    used 3873K, capacity 4077K, committed 4096K, reserved 1048576K
Event: 2.219 GC heap after
Heap after GC invocations=4 (full 1):
 PSYoungGen      total 93184K, used 8619K [0x0000000758500000, 0x0000000761700000, 0x00000007c0000000)
  eden space 79872K, 0% used [0x0000000758500000,0x0000000758500000,0x000000075d300000)
  from space 13312K, 64% used [0x000000075d300000,0x000000075db6ac20,0x000000075e000000)
  to   space 13312K, 0% used [0x0000000760a00000,0x0000000760a00000,0x0000000761700000)
 ParOldGen       total 120832K, used 9566K [0x0000000688e00000, 0x0000000690400000, 0x0000000758500000)
  object space 120832K, 7% used [0x0000000688e00000,0x0000000689757820,0x0000000690400000)
 Metaspace       used 29136K, capacity 29812K, committed 30208K, reserved 1075200K
  class space    used 3873K, capacity 4077K, committed 4096K, reserved 1048576K
}
Event: 12.123 GC heap before
{Heap before GC invocations=5 (full 1):
 PSYoungGen      total 93184K, used 88180K [0x0000000758500000, 0x0000000761700000, 0x00000007c0000000)
  eden space 79872K, 99% used [0x0000000758500000,0x000000075d2b26d0,0x000000075d300000)
  from space 13312K, 64% used [0x000000075d300000,0x000000075db6ac20,0x000000075e000000)
  to   space 13312K, 0% used [0x0000000760a00000,0x0000000760a00000,0x0000000761700000)
 ParOldGen       total 120832K, used 9566K [0x0000000688e00000, 0x0000000690400000, 0x0000000758500000)
  object space 120832K, 7% used [0x0000000688e00000,0x0000000689757820,0x0000000690400000)
 Metaspace       used 33842K, capacity 34608K, committed 34944K, reserved 1079296K
  class space    used 4411K, capacity 4621K, committed 4736K, reserved 1048576K
Event: 12.137 GC heap after
Heap after GC invocations=5 (full 1):
 PSYoungGen      total 129024K, used 11694K [0x0000000758500000, 0x0000000761580000, 0x00000007c0000000)
  eden space 117248K, 0% used [0x0000000758500000,0x0000000758500000,0x000000075f780000)
  from space 11776K, 99% used [0x0000000760a00000,0x000000076156bb70,0x0000000761580000)
  to   space 13312K, 0% used [0x000000075fb80000,0x000000075fb80000,0x0000000760880000)
 ParOldGen       total 120832K, used 9574K [0x0000000688e00000, 0x0000000690400000, 0x0000000758500000)
  object space 120832K, 7% used [0x0000000688e00000,0x0000000689759820,0x0000000690400000)
 Metaspace       used 33842K, capacity 34608K, committed 34944K, reserved 1079296K
  class space    used 4411K, capacity 4621K, committed 4736K, reserved 1048576K
}
Event: 12.701 GC heap before
{Heap before GC invocations=6 (full 1):
 PSYoungGen      total 129024K, used 24455K [0x0000000758500000, 0x0000000761580000, 0x00000007c0000000)
  eden space 117248K, 10% used [0x0000000758500000,0x0000000759176210,0x000000075f780000)
  from space 11776K, 99% used [0x0000000760a00000,0x000000076156bb70,0x0000000761580000)
  to   space 13312K, 0% used [0x000000075fb80000,0x000000075fb80000,0x0000000760880000)
 ParOldGen       total 120832K, used 9574K [0x0000000688e00000, 0x0000000690400000, 0x0000000758500000)
  object space 120832K, 7% used [0x0000000688e00000,0x0000000689759820,0x0000000690400000)
 Metaspace       used 34581K, capacity 35392K, committed 35496K, reserved 1079296K
  class space    used 4553K, capacity 4755K, committed 4776K, reserved 1048576K
Event: 12.709 GC heap after
Heap after GC invocations=6 (full 1):
 PSYoungGen      total 134656K, used 13285K [0x0000000758500000, 0x0000000764700000, 0x00000007c0000000)
  eden space 121344K, 0% used [0x0000000758500000,0x0000000758500000,0x000000075fb80000)
  from space 13312K, 99% used [0x000000075fb80000,0x00000007608795c8,0x0000000760880000)
  to   space 14336K, 0% used [0x0000000763900000,0x0000000763900000,0x0000000764700000)
 ParOldGen       total 120832K, used 9901K [0x0000000688e00000, 0x0000000690400000, 0x0000000758500000)
  object space 120832K, 8% used [0x0000000688e00000,0x00000006897ab520,0x0000000690400000)
 Metaspace       used 34581K, capacity 35392K, committed 35496K, reserved 1079296K
  class space    used 4553K, capacity 4755K, committed 4776K, reserved 1048576K
}
Event: 12.709 GC heap before
{Heap before GC invocations=7 (full 2):
 PSYoungGen      total 134656K, used 13285K [0x0000000758500000, 0x0000000764700000, 0x00000007c0000000)
  eden space 121344K, 0% used [0x0000000758500000,0x0000000758500000,0x000000075fb80000)
  from space 13312K, 99% used [0x000000075fb80000,0x00000007608795c8,0x0000000760880000)
  to   space 14336K, 0% used [0x0000000763900000,0x0000000763900000,0x0000000764700000)
 ParOldGen       total 120832K, used 9901K [0x0000000688e00000, 0x0000000690400000, 0x0000000758500000)
  object space 120832K, 8% used [0x0000000688e00000,0x00000006897ab520,0x0000000690400000)
 Metaspace       used 34581K, capacity 35392K, committed 35496K, reserved 1079296K
  class space    used 4553K, capacity 4755K, committed 4776K, reserved 1048576K
Event: 12.761 GC heap after
Heap after GC invocations=7 (full 2):
 PSYoungGen      total 134656K, used 0K [0x0000000758500000, 0x0000000764700000, 0x00000007c0000000)
  eden space 121344K, 0% used [0x0000000758500000,0x0000000758500000,0x000000075fb80000)
  from space 13312K, 0% used [0x000000075fb80000,0x000000075fb80000,0x0000000760880000)
  to   space 14336K, 0% used [0x0000000763900000,0x0000000763900000,0x0000000764700000)
 ParOldGen       total 175104K, used 16518K [0x0000000688e00000, 0x0000000693900000, 0x0000000758500000)
  object space 175104K, 9% used [0x0000000688e00000,0x0000000689e21b30,0x0000000693900000)
 Metaspace       used 34581K, capacity 35392K, committed 35496K, reserved 1079296K
  class space    used 4553K, capacity 4755K, committed 4776K, reserved 1048576K
}

Deoptimization events (10 events):
Event: 3.264 Thread 0x0000000020633000 Uncommon trap: reason=unstable_if action=reinterpret pc=0x0000000002f22928 method=java.util.HashMap.hash(Ljava/lang/Object;)I @ 1
Event: 3.270 Thread 0x0000000020633000 Uncommon trap: reason=class_check action=maybe_recompile pc=0x000000000350be8c method=java.util.Hashtable.put(Ljava/lang/Object;Ljava/lang/Object;)Ljava/lang/Object; @ 60
Event: 3.270 Thread 0x0000000020633000 Uncommon trap: reason=class_check action=maybe_recompile pc=0x000000000350be8c method=java.util.Hashtable.put(Ljava/lang/Object;Ljava/lang/Object;)Ljava/lang/Object; @ 60
Event: 12.834 Thread 0x0000000020633000 Uncommon trap: reason=unstable_if action=reinterpret pc=0x000000000365cafc method=java.lang.Math.min(DD)D @ 17
Event: 12.836 Thread 0x0000000020633000 Uncommon trap: reason=unstable_if action=reinterpret pc=0x000000000353afb0 method=java.net.URL.<init>(Ljava/net/URL;Ljava/lang/String;Ljava/net/URLStreamHandler;)V @ 347
Event: 12.896 Thread 0x0000000020633000 Uncommon trap: reason=unstable_if action=reinterpret pc=0x00000000036d93d0 method=com.sun.javafx.css.BitSet.add(Ljava/lang/Object;)Z @ 91
Event: 12.960 Thread 0x0000000020633000 Uncommon trap: reason=unstable_if action=reinterpret pc=0x00000000037277bc method=java.lang.StrictMath.floorOrCeil(DDDD)D @ 14
Event: 12.974 Thread 0x0000000020633000 Uncommon trap: reason=unstable_if action=reinterpret pc=0x00000000037391a4 method=jdk.internal.org.objectweb.asm.Item.isEqualTo(Ljdk/internal/org/objectweb/asm/Item;)Z @ 331
Event: 12.984 Thread 0x000000002065b000 Uncommon trap: reason=unstable_if action=reinterpret pc=0x00000000031ce100 method=com.sun.javafx.geom.transform.AffineBase.updateState2D()V @ 51
Event: 12.984 Thread 0x000000002065b000 Uncommon trap: reason=unstable_if action=reinterpret pc=0x0000000003098bc0 method=com.sun.javafx.geom.transform.AffineBase.updateState2D()V @ 51

Internal exceptions (10 events):
Event: 3.264 Thread 0x0000000020633000 Implicit null exception at 0x0000000002d001f5 to 0x0000000002d00425
Event: 3.264 Thread 0x0000000020633000 Implicit null exception at 0x0000000002f2219b to 0x0000000002f2290d
Event: 13.069 Thread 0x0000000023a40800 Exception <a 'java/io/FileNotFoundException'> (0x0000000758eb8020) thrown at [C:\re\workspace\8-2-build-windows-amd64-cygwin\jdk8u60\4407\hotspot\src\share\vm\prims\jni.cpp, line 709]
Event: 13.220 Thread 0x0000000023a40800 Exception <a 'java/io/FileNotFoundException'> (0x0000000758ece920) thrown at [C:\re\workspace\8-2-build-windows-amd64-cygwin\jdk8u60\4407\hotspot\src\share\vm\prims\jni.cpp, line 709]
Event: 16.277 Thread 0x0000000023a40800 Exception <a 'java/io/FileNotFoundException'> (0x0000000758fc39b8) thrown at [C:\re\workspace\8-2-build-windows-amd64-cygwin\jdk8u60\4407\hotspot\src\share\vm\prims\jni.cpp, line 709]
Event: 16.301 Thread 0x0000000023a40800 Exception <a 'java/io/FileNotFoundException'> (0x0000000758fd9d18) thrown at [C:\re\workspace\8-2-build-windows-amd64-cygwin\jdk8u60\4407\hotspot\src\share\vm\prims\jni.cpp, line 709]
Event: 24.350 Thread 0x0000000023a40800 Exception <a 'java/io/FileNotFoundException'> (0x0000000758ffdd70) thrown at [C:\re\workspace\8-2-build-windows-amd64-cygwin\jdk8u60\4407\hotspot\src\share\vm\prims\jni.cpp, line 709]
Event: 24.376 Thread 0x0000000023a40800 Exception <a 'java/io/FileNotFoundException'> (0x00000007590140d0) thrown at [C:\re\workspace\8-2-build-windows-amd64-cygwin\jdk8u60\4407\hotspot\src\share\vm\prims\jni.cpp, line 709]
Event: 34.421 Thread 0x0000000023a40800 Exception <a 'java/io/FileNotFoundException'> (0x00000007590266d8) thrown at [C:\re\workspace\8-2-build-windows-amd64-cygwin\jdk8u60\4407\hotspot\src\share\vm\prims\jni.cpp, line 709]
Event: 34.447 Thread 0x0000000023a40800 Exception <a 'java/io/FileNotFoundException'> (0x0000000759318050) thrown at [C:\re\workspace\8-2-build-windows-amd64-cygwin\jdk8u60\4407\hotspot\src\share\vm\prims\jni.cpp, line 709]

Events (10 events):
Event: 27.400 Thread 0x0000000023a42000 Thread added: 0x0000000023a42000
Event: 28.597 loading class java/lang/ref/ReferenceQueue$1
Event: 28.597 loading class java/lang/ref/ReferenceQueue$1 done
Event: 30.409 Thread 0x0000000023a42000 Thread exited: 0x0000000023a42000
Event: 34.450 Thread 0x0000000023a42000 Thread added: 0x0000000023a42000
Event: 37.183 loading class gnu/io/SerialPortEvent
Event: 37.183 loading class gnu/io/SerialPortEvent done
Event: 37.454 Executing VM operation: RevokeBias
Event: 37.455 Executing VM operation: RevokeBias done
Event: 37.457 Thread 0x0000000023a42000 Thread exited: 0x0000000023a42000


Dynamic libraries:
0x000000013f530000 - 0x000000013f567000 	C:\Program Files\Java\jdk1.8.0_60\jre\bin\java.exe
0x0000000077ac0000 - 0x0000000077c69000 	C:\windows\SYSTEM32\ntdll.dll
0x00000000779a0000 - 0x0000000077abf000 	C:\windows\system32\kernel32.dll
0x000007fefdb20000 - 0x000007fefdb8c000 	C:\windows\system32\KERNELBASE.dll
0x000007fefe7d0000 - 0x000007fefe8ab000 	C:\windows\system32\ADVAPI32.dll
0x000007fefdf10000 - 0x000007fefdfaf000 	C:\windows\system32\msvcrt.dll
0x000007fefe620000 - 0x000007fefe63f000 	C:\windows\SYSTEM32\sechost.dll
0x000007fefdde0000 - 0x000007fefdf0d000 	C:\windows\system32\RPCRT4.dll
0x00000000778a0000 - 0x000000007799a000 	C:\windows\system32\USER32.dll
0x000007fefeda0000 - 0x000007fefee07000 	C:\windows\system32\GDI32.dll
0x000007feffca0000 - 0x000007feffcae000 	C:\windows\system32\LPK.dll
0x000007fefdd10000 - 0x000007fefddd9000 	C:\windows\system32\USP10.dll
0x000007fefc1e0000 - 0x000007fefc3d4000 	C:\windows\WinSxS\amd64_microsoft.windows.common-controls_6595b64144ccf1df_6.0.7601.17514_none_fa396087175ac9ac\COMCTL32.dll
0x000007feffcb0000 - 0x000007feffd21000 	C:\windows\system32\SHLWAPI.dll
0x000007fefe3e0000 - 0x000007fefe40e000 	C:\windows\system32\IMM32.DLL
0x000007fefec80000 - 0x000007fefed89000 	C:\windows\system32\MSCTF.dll
0x0000000072ee0000 - 0x0000000072fb2000 	C:\Program Files\Java\jdk1.8.0_60\jre\bin\msvcr100.dll
0x00000000681c0000 - 0x0000000068a49000 	C:\Program Files\Java\jdk1.8.0_60\jre\bin\server\jvm.dll
0x000007fef4e10000 - 0x000007fef4e19000 	C:\windows\system32\WSOCK32.dll
0x000007fefdcc0000 - 0x000007fefdd0d000 	C:\windows\system32\WS2_32.dll
0x000007fefed90000 - 0x000007fefed98000 	C:\windows\system32\NSI.dll
0x000007fefa440000 - 0x000007fefa47b000 	C:\windows\system32\WINMM.dll
0x000007fefc7c0000 - 0x000007fefc7cc000 	C:\windows\system32\VERSION.dll
0x0000000077c80000 - 0x0000000077c87000 	C:\windows\system32\PSAPI.DLL
0x0000000072ed0000 - 0x0000000072edf000 	C:\Program Files\Java\jdk1.8.0_60\jre\bin\verify.dll
0x0000000072ea0000 - 0x0000000072ec9000 	C:\Program Files\Java\jdk1.8.0_60\jre\bin\java.dll
0x0000000072990000 - 0x00000000729a6000 	C:\Program Files\Java\jdk1.8.0_60\jre\bin\zip.dll
0x000007fefeeb0000 - 0x000007feffc39000 	C:\windows\system32\SHELL32.dll
0x000007fefe410000 - 0x000007fefe613000 	C:\windows\system32\ole32.dll
0x000007fefd890000 - 0x000007fefd89f000 	C:\windows\system32\profapi.dll
0x000007feebe00000 - 0x000007feebeef000 	C:\Program Files\Java\jdk1.8.0_60\jre\bin\msvcr120.dll
0x000007feec650000 - 0x000007feec6f6000 	C:\Program Files\Java\jdk1.8.0_60\jre\bin\msvcp120.dll
0x00000000731b0000 - 0x00000000731d3000 	C:\Program Files\Java\jdk1.8.0_60\jre\bin\prism_d3d.dll
0x000007feed030000 - 0x000007feed22f000 	C:\windows\system32\d3d9.dll
0x000007fefb620000 - 0x000007fefb627000 	C:\windows\system32\d3d8thk.dll
0x000007fefbbd0000 - 0x000007fefbbe8000 	C:\windows\system32\dwmapi.dll
0x000007fefc000000 - 0x000007fefc056000 	C:\windows\system32\uxtheme.dll
0x000007feed7f0000 - 0x000007feee041000 	C:\windows\system32\igdumdim64.dll
0x000007fef5330000 - 0x000007fef5763000 	C:\windows\system32\igdusc64.dll
0x000000006f900000 - 0x000000006f943000 	C:\Program Files\Java\jdk1.8.0_60\jre\bin\glass.dll
0x000007fefee10000 - 0x000007fefeea7000 	C:\windows\system32\COMDLG32.dll
0x000007fefe8b0000 - 0x000007fefe987000 	C:\windows\system32\OLEAUT32.dll
0x000007fefd720000 - 0x000007fefd72f000 	C:\windows\system32\CRYPTBASE.dll
0x00000000731f0000 - 0x0000000073204000 	C:\Program Files\Java\jdk1.8.0_60\jre\bin\javafx_font.dll
0x000007feee480000 - 0x000007feee616000 	C:\windows\system32\dwrite.dll
0x000007feffd30000 - 0x000007feffdc9000 	C:\windows\system32\CLBCatQ.DLL
0x000007fefba20000 - 0x000007fefbb81000 	C:\windows\system32\WindowsCodecs.dll
0x000007fefd6c0000 - 0x000007fefd717000 	C:\windows\system32\apphelp.dll
0x000007fef5210000 - 0x000007fef52d0000 	C:\Program Files (x86)\Google\Drive\googledrivesync64.dll
0x0000000071f10000 - 0x0000000071fe3000 	C:\Program Files (x86)\Google\Drive\Microsoft.VC90.CRT\MSVCP90.dll
0x0000000071e60000 - 0x0000000071f03000 	C:\Program Files (x86)\Google\Drive\Microsoft.VC90.CRT\MSVCR90.dll
0x000007fef51d0000 - 0x000007fef5205000 	C:\windows\system32\EhStorShell.dll
0x000007fefe200000 - 0x000007fefe3d7000 	C:\windows\system32\SETUPAPI.dll
0x000007fefdbc0000 - 0x000007fefdbf6000 	C:\windows\system32\CFGMGR32.dll
0x000007fefdb00000 - 0x000007fefdb1a000 	C:\windows\system32\DEVOBJ.dll
0x000007fefc060000 - 0x000007fefc18c000 	C:\windows\system32\PROPSYS.dll
0x000007fef3dc0000 - 0x000007fef442f000 	C:\PROGRA~1\MICROS~2\Office14\GROOVEEX.DLL
0x0000000071dc0000 - 0x0000000071e5d000 	C:\windows\WinSxS\amd64_microsoft.vc90.crt_1fc8b3b9a1e18e3b_9.0.30729.4940_none_08e4299fa83d7e3c\MSVCR90.dll
0x0000000071ce0000 - 0x0000000071db3000 	C:\windows\WinSxS\amd64_microsoft.vc90.crt_1fc8b3b9a1e18e3b_9.0.30729.4940_none_08e4299fa83d7e3c\MSVCP90.dll
0x0000000072200000 - 0x000000007222f000 	C:\windows\WinSxS\amd64_microsoft.vc90.atl_1fc8b3b9a1e18e3b_9.0.30729.4148_none_0a1d2fcba76b3f00\ATL90.DLL
0x000007fef39a0000 - 0x000007fef3dba000 	C:\PROGRA~1\COMMON~1\MICROS~1\OFFICE14\Cultures\office.odf
0x000007fef3120000 - 0x000007fef399b000 	C:\PROGRA~1\MICROS~2\Office14\1046\GrooveIntlResource.dll
0x000007fef5150000 - 0x000007fef51ce000 	C:\windows\System32\cscui.dll
0x000007fef6420000 - 0x000007fef642c000 	C:\windows\System32\CSCDLL.dll
0x000007fef8720000 - 0x000007fef872f000 	C:\windows\system32\CSCAPI.dll
0x000007fef50d0000 - 0x000007fef5150000 	C:\windows\system32\ntshrui.dll
0x000007fefd420000 - 0x000007fefd443000 	C:\windows\system32\srvcli.dll
0x000007fefa0a0000 - 0x000007fefa0ab000 	C:\windows\system32\slc.dll
0x000007fef0c30000 - 0x000007fef0c5d000 	C:\Program Files\Common Files\Microsoft Shared\Ink\rtscom.dll
0x0000000073190000 - 0x00000000731a1000 	C:\Program Files\Java\jdk1.8.0_60\jre\bin\prism_common.dll
0x0000000072970000 - 0x000000007298a000 	C:\Program Files\Java\jdk1.8.0_60\jre\bin\net.dll
0x000007fefd060000 - 0x000007fefd0b5000 	C:\windows\system32\mswsock.dll
0x000007fefd050000 - 0x000007fefd057000 	C:\windows\System32\wship6.dll
0x0000000072950000 - 0x0000000072961000 	C:\Program Files\Java\jdk1.8.0_60\jre\bin\nio.dll
0x0000000070670000 - 0x0000000070694000 	C:\Program Files\Java\jdk1.8.0_60\jre\bin\sunec.dll
0x000007fefa230000 - 0x000007fefa245000 	C:\windows\system32\NLAapi.dll
0x000007fef82b0000 - 0x000007fef82c5000 	C:\windows\system32\napinsp.dll
0x000007fef8290000 - 0x000007fef82a9000 	C:\windows\system32\pnrpnsp.dll
0x000007fefcee0000 - 0x000007fefcf3b000 	C:\windows\system32\DNSAPI.dll
0x000007fef8280000 - 0x000007fef828b000 	C:\windows\System32\winrnr.dll
0x000007fefca40000 - 0x000007fefca47000 	C:\windows\System32\wshtcpip.dll
0x000007fef9e80000 - 0x000007fef9ea7000 	C:\windows\system32\IPHLPAPI.DLL
0x000007fef9e60000 - 0x000007fef9e6b000 	C:\windows\system32\WINNSI.DLL
0x000007fef8cd0000 - 0x000007fef8cd8000 	C:\windows\system32\rasadhlp.dll
0x000007fef9cf0000 - 0x000007fef9d43000 	C:\windows\System32\fwpuclnt.dll
0x000007fefd0c0000 - 0x000007fefd0d8000 	C:\windows\system32\CRYPTSP.dll
0x000007fefcdc0000 - 0x000007fefce07000 	C:\windows\system32\rsaenh.dll
0x000007fefda40000 - 0x000007fefda5e000 	C:\windows\system32\USERENV.dll
0x000007fef9c70000 - 0x000007fef9c81000 	C:\windows\system32\dhcpcsvc6.DLL
0x000007fef9c50000 - 0x000007fef9c68000 	C:\windows\system32\dhcpcsvc.DLL
0x000007feee620000 - 0x000007feee9e4000 	C:\windows\system32\d2d1.dll
0x000007fef5940000 - 0x000007fef5b15000 	C:\windows\system32\d3d11.dll
0x000007fef5b20000 - 0x000007fef5b7d000 	C:\windows\system32\dxgi.dll
0x000007feee200000 - 0x000007feee479000 	C:\windows\system32\D3D10Warp.dll
0x000007fefdc00000 - 0x000007fefdc3b000 	C:\windows\system32\WINTRUST.dll
0x000007fefd8b0000 - 0x000007fefda1d000 	C:\windows\system32\CRYPT32.dll
0x000007fefd880000 - 0x000007fefd88f000 	C:\windows\system32\MSASN1.dll
0x0000000180000000 - 0x0000000180025000 	C:\Users\OCTI01\Projetos\NetBeansProjects 10 Simulado\QuadroDeHorarioFX\rxtxSerial.dll
0x0000000002320000 - 0x000000000233a000 	C:\Users\OCTI01\Projetos\NetBeansProjects 10 Simulado\QuadroDeHorarioFX\rxtxParallel.dll
0x000007fef85f0000 - 0x000007fef8715000 	C:\windows\system32\dbghelp.dll

VM Arguments:
jvm_args: -Dfile.encoding=UTF-8 
java_command: C:\Users\OCTI01\Projetos\NetBeansProjects 10 Simulado\QuadroDeHorarioFX\dist\run1138628574\QuadroDeHorarioFX.jar
java_class_path (initial): C:\Users\OCTI01\Projetos\NetBeansProjects 10 Simulado\QuadroDeHorarioFX\dist\run1138628574\QuadroDeHorarioFX.jar
Launcher Type: SUN_STANDARD

Environment Variables:
JAVA_HOME=C:\Program Files\Java\jdk1.8.0_40
CLASSPATH=.;JAVA_HOME
PATH=C:\ProgramData\Oracle\Java\javapath;C:\Program Files (x86)\Intel\iCLS Client\;C:\Program Files\Intel\iCLS Client\;C:\windows\system32;C:\windows;C:\windows\System32\Wbem;C:\windows\System32\WindowsPowerShell\v1.0\;C:\Program Files\Intel\Intel(R) Management Engine Components\DAL;C:\Program Files\Intel\Intel(R) Management Engine Components\IPT;C:\Program Files (x86)\Intel\Intel(R) Management Engine Components\DAL;C:\Program Files (x86)\Intel\Intel(R) Management Engine Components\IPT;C:\Program Files (x86)\Intel\OpenCL SDK\2.0\bin\x86;C:\Program Files (x86)\Intel\OpenCL SDK\2.0\bin\x64;C:\Program Files\MySQL\MySQL Server 5.6\bin;C:\Program Files\Java\jre1.8.0_40\bin;C:\Program Files\Java\jdk1.8.0_40\bin;C:\Program Files (x86)\MySQL\MySQL Utilities 1.4.4\;C:\Program Files (x86)\MySQL\MySQL Utilities 1.4.4\Doctrine extensions for PHP\;C:\Program Files\Java\jdk1.8.0_40\bin
USERNAME=OCTI01
OS=Windows_NT
PROCESSOR_IDENTIFIER=Intel64 Family 6 Model 58 Stepping 9, GenuineIntel



---------------  S Y S T E M  ---------------

OS: Windows 7 , 64 bit Build 7601 (6.1.7601.18409)

CPU:total 4 (4 cores per cpu, 1 threads per core) family 6 model 58 stepping 9, cmov, cx8, fxsr, mmx, sse, sse2, sse3, ssse3, sse4.1, sse4.2, popcnt, avx, aes, clmul, erms, tsc, tscinvbit, tscinv

Memory: 4k page, physical 20384892k(14249668k free), swap 40767928k(33864840k free)

vm_info: Java HotSpot(TM) 64-Bit Server VM (25.60-b23) for windows-amd64 JRE (1.8.0_60-b27), built on Aug  4 2015 11:06:27 by "java_re" with MS VC++ 10.0 (VS2010)

time: Wed Sep 30 17:45:27 2015
elapsed time: 37 seconds (0d 0h 0m 37s)

