#
# A fatal error has been detected by the Java Runtime Environment:
#
#  EXCEPTION_ACCESS_VIOLATION (0xc0000005) at pc=0x0000000180008790, pid=1592, tid=4108
#
# JRE version: Java(TM) SE Runtime Environment (8.0_60-b27) (build 1.8.0_60-b27)
# Java VM: Java HotSpot(TM) 64-Bit Server VM (25.60-b23 mixed mode windows-amd64 compressed oops)
# Problematic frame:
# C  [rxtxSerial.dll+0x8790]
#
# Failed to write core dump. Minidumps are not enabled by default on client versions of Windows
#
# If you would like to submit a bug report, please visit:
#   http://bugreport.java.com/bugreport/crash.jsp
# The crash happened outside the Java Virtual Machine in native code.
# See problematic frame for where to report the bug.
#

---------------  T H R E A D  ---------------

Current thread (0x000000005ceab000):  JavaThread "VisualizarHorarioCommunicationSerial" [_thread_in_native, id=4108, stack(0x0000000068440000,0x0000000068540000)]

siginfo: ExceptionCode=0xc0000005, reading address 0x00000000000000f8

Registers:
RAX=0x0000000000000002, RBX=0x0000000000415610, RCX=0x0000000000000001, RDX=0x0000000000000000
RSP=0x000000006853ea10, RBP=0x000000006853ec80, RSI=0x00000000630c7cf9, RDI=0x0000000000000000
R8 =0x0000000000000000, R9 =0x0000000000000000, R10=0x000000000000002d, R11=0x0000000000000002
R12=0x000000006853ec88, R13=0x000000006987bfe8, R14=0x000000006853ec88, R15=0x000000005ceab000
RIP=0x0000000180008790, EFLAGS=0x0000000000010202

Top of Stack: (sp=0x000000006853ea10)
0x000000006853ea10:   0000000000415610 00000000630c7cf0
0x000000006853ea20:   000000005ceab000 0000000000000009
0x000000006853ea30:   00000000630c7cf0 000000018000aab4
0x000000006853ea40:   000000005ceab1f8 0000000000000106
0x000000006853ea50:   000000006987bfe8 000000006853ec88
0x000000006853ea60:   0000000059b0d7a0 00000000630c7cf0
0x000000006853ea70:   000000006853ec80 000000018000b7fe
0x000000006853ea80:   0000000000000008 000000006987bfe8
0x000000006853ea90:   000000005ceab1f8 0000000000000000
0x000000006853eaa0:   000000005ceab000 0000000000000000
0x000000006853eab0:   0000337c4a47494b 000000007fffffdc
0x000000006853eac0:   000000006853eb50 0000000000000042
0x000000006853ead0:   000000005ceab1f8 0000000000000000
0x000000006853eae0:   00000000630c7cf0 000000018000213d
0x000000006853eaf0:   000000006853ec80 000000018001c0b0
0x000000006853eb00:   0000000000000000 0000000180000000 

Instructions: (pc=0x0000000180008790)
0x0000000180008770:   89 83 00 01 00 00 48 89 1d 73 6f 01 00 48 8b c3
0x0000000180008780:   48 8b 5c 24 30 48 8b 74 24 38 48 83 c4 20 5f c3
0x0000000180008790:   39 87 f8 00 00 00 7d 20 0f 1f 84 00 00 00 00 00
0x00000001800087a0:   48 8b 87 00 01 00 00 48 85 c0 74 0c 44 39 98 f8 


Register to memory mapping:

RAX=0x0000000000000002 is an unknown value
RBX=0x0000000000415610 is an unknown value
RCX=0x0000000000000001 is an unknown value
RDX=0x0000000000000000 is an unknown value
RSP=0x000000006853ea10 is pointing into the stack for thread: 0x000000005ceab000
RBP=0x000000006853ec80 is pointing into the stack for thread: 0x000000005ceab000
RSI=0x00000000630c7cf9 is an unknown value
RDI=0x0000000000000000 is an unknown value
R8 =0x0000000000000000 is an unknown value
R9 =0x0000000000000000 is an unknown value
R10=0x000000000000002d is an unknown value
R11=0x0000000000000002 is an unknown value
R12=0x000000006853ec88 is pointing into the stack for thread: 0x000000005ceab000
R13=0x000000006987bfe8 is pointing into metadata
R14=0x000000006853ec88 is pointing into the stack for thread: 0x000000005ceab000
R15=0x000000005ceab000 is a thread


Stack: [0x0000000068440000,0x0000000068540000],  sp=0x000000006853ea10,  free space=1018k
Native frames: (J=compiled Java code, j=interpreted, Vv=VM code, C=native code)
C  [rxtxSerial.dll+0x8790]
C  [rxtxSerial.dll+0xaab4]
C  [rxtxSerial.dll+0x213d]
C  0x000000000293690b

Java frames: (J=compiled Java code, j=interpreted, Vv=VM code)
j  gnu.io.RXTXPort.open(Ljava/lang/String;)I+0
j  gnu.io.RXTXPort.<init>(Ljava/lang/String;)V+125
j  gnu.io.RXTXCommDriver.getCommPort(Ljava/lang/String;I)Lgnu/io/CommPort;+78
j  gnu.io.CommPortIdentifier.open(Ljava/lang/String;I)Lgnu/io/CommPort;+171
j  br.com.QuadroDeHorario.control.SerialConnection.abrirPorta(Lgnu/io/CommPortIdentifier;)Lgnu/io/SerialPort;+11
j  br.com.QuadroDeHorario.control.SerialCommunication.testarConexao(Lgnu/io/CommPortIdentifier;)V+11
j  br.com.QuadroDeHorario.control.SerialCommunication.encontrarPorta()V+34
j  br.com.QuadroDeHorario.control.SerialCommunication.run()V+35
j  java.lang.Thread.run()V+11
v  ~StubRoutines::call_stub

---------------  P R O C E S S  ---------------

Java Threads: ( => current thread )
  0x000000005cea9800 JavaThread "Thread-13" [_thread_in_native, id=2756, stack(0x00000000686e0000,0x00000000687e0000)]
=>0x000000005ceab000 JavaThread "VisualizarHorarioCommunicationSerial" [_thread_in_native, id=4108, stack(0x0000000068440000,0x0000000068540000)]
  0x000000005ceaa000 JavaThread "VisualizarHorarioCommunicationSerial" [_thread_blocked, id=1320, stack(0x0000000065790000,0x0000000065890000)]
  0x000000005cea7000 JavaThread "Prism Font Disposer" daemon [_thread_blocked, id=6576, stack(0x0000000061260000,0x0000000061360000)]
  0x000000005cb51800 JavaThread "C3P0PooledConnectionPoolManager[identityToken->2rvxw99d13475pp1xunzq|589fef1d]-HelperThread-#2" daemon [_thread_blocked, id=6648, stack(0x000000005e110000,0x000000005e210000)]
  0x000000005cb47000 JavaThread "C3P0PooledConnectionPoolManager[identityToken->2rvxw99d13475pp1xunzq|589fef1d]-HelperThread-#1" daemon [_thread_blocked, id=1896, stack(0x000000005deb0000,0x000000005dfb0000)]
  0x000000005cb46800 JavaThread "C3P0PooledConnectionPoolManager[identityToken->2rvxw99d13475pp1xunzq|589fef1d]-HelperThread-#0" daemon [_thread_blocked, id=3452, stack(0x000000005dd50000,0x000000005de50000)]
  0x000000005cb49000 JavaThread "C3P0PooledConnectionPoolManager[identityToken->2rvxw99d13475pp1xunzq|589fef1d]-AdminTaskTimer" daemon [_thread_blocked, id=6348, stack(0x000000005dc30000,0x000000005dd30000)]
  0x000000005cd9d000 JavaThread "Abandoned connection cleanup thread" daemon [_thread_blocked, id=4688, stack(0x000000005d8f0000,0x000000005d9f0000)]
  0x00000000596de800 JavaThread "Thread-3" daemon [_thread_in_native, id=3044, stack(0x000000005c010000,0x000000005c110000)]
  0x00000000596d7800 JavaThread "JavaFX-Launcher" [_thread_blocked, id=7088, stack(0x000000005bb40000,0x000000005bc40000)]
  0x0000000059677000 JavaThread "JavaFX Application Thread" [_thread_blocked, id=6644, stack(0x000000005a690000,0x000000005a790000)]
  0x0000000059676000 JavaThread "Thread-1" daemon [_thread_blocked, id=6748, stack(0x000000005a580000,0x000000005a680000)]
  0x0000000058a5b800 JavaThread "QuantumRenderer-0" daemon [_thread_in_native, id=3416, stack(0x0000000059ea0000,0x0000000059fa0000)]
  0x000000005718f000 JavaThread "Service Thread" daemon [_thread_blocked, id=1616, stack(0x0000000059330000,0x0000000059430000)]
  0x000000005867a000 JavaThread "C1 CompilerThread2" daemon [_thread_blocked, id=5112, stack(0x0000000059150000,0x0000000059250000)]
  0x0000000058679000 JavaThread "C2 CompilerThread1" daemon [_thread_blocked, id=4404, stack(0x0000000058fe0000,0x00000000590e0000)]
  0x0000000057187000 JavaThread "C2 CompilerThread0" daemon [_thread_blocked, id=6916, stack(0x0000000058d90000,0x0000000058e90000)]
  0x0000000057185800 JavaThread "Attach Listener" daemon [_thread_blocked, id=7148, stack(0x0000000058a80000,0x0000000058b80000)]
  0x0000000057183000 JavaThread "Signal Dispatcher" daemon [_thread_blocked, id=4556, stack(0x0000000058bc0000,0x0000000058cc0000)]
  0x000000005712a000 JavaThread "Finalizer" daemon [_thread_blocked, id=4976, stack(0x0000000058570000,0x0000000058670000)]
  0x0000000057123000 JavaThread "Reference Handler" daemon [_thread_blocked, id=1736, stack(0x0000000058320000,0x0000000058420000)]
  0x00000000002ff000 JavaThread "main" [_thread_blocked, id=4472, stack(0x0000000002550000,0x0000000002650000)]

Other Threads:
  0x000000005711d800 VMThread [stack: 0x0000000058190000,0x0000000058290000] [id=6328]
  0x000000005871a000 WatcherThread [stack: 0x0000000059520000,0x0000000059620000] [id=1500]

VM state:not at safepoint (normal execution)

VM Mutex/Monitor currently owned by a thread: None

Heap:
 PSYoungGen      total 243200K, used 169073K [0x00000000d8500000, 0x00000000e9400000, 0x0000000100000000)
  eden space 216064K, 66% used [0x00000000d8500000,0x00000000e1167428,0x00000000e5800000)
  from space 27136K, 93% used [0x00000000e7900000,0x00000000e91b53c8,0x00000000e9380000)
  to   space 30720K, 0% used [0x00000000e5800000,0x00000000e5800000,0x00000000e7600000)
 ParOldGen       total 78848K, used 47480K [0x0000000088e00000, 0x000000008db00000, 0x00000000d8500000)
  object space 78848K, 60% used [0x0000000088e00000,0x000000008bc5e3f8,0x000000008db00000)
 Metaspace       used 45761K, capacity 47772K, committed 48128K, reserved 1091584K
  class space    used 5914K, capacity 6273K, committed 6400K, reserved 1048576K

Card table byte_map: [0x0000000011ce0000,0x00000000120a0000] byte_map_base: 0x0000000011899000

Marking Bits: (ParMarkBitMap*) 0x00000000624ca5b0
 Begin Bits: [0x0000000012840000, 0x0000000014608000)
 End Bits:   [0x0000000014608000, 0x00000000163d0000)

Polling page: 0x0000000000340000

CodeCache: size=245760Kb used=30586Kb max_used=31467Kb free=215173Kb
 bounds [0x0000000002920000, 0x0000000004810000, 0x0000000011920000]
 total_blobs=9725 nmethods=8819 adapters=815
 compilation: enabled

Compilation events (10 events):
Event: 265.618 Thread 0x0000000057187000 nmethod 10603 0x0000000003904690 code [0x0000000003904820, 0x0000000003904b08]
Event: 265.623 Thread 0x000000005867a000 10608       3       com.sun.javafx.geom.RoundRectIterator::isDone (17 bytes)
Event: 265.623 Thread 0x000000005867a000 nmethod 10608 0x00000000039ae750 code [0x00000000039ae8c0, 0x00000000039aea90]
Event: 265.623 Thread 0x0000000057187000 10609       4       com.sun.javafx.sg.prism.NGNode::renderClip (473 bytes)
Event: 265.641 Thread 0x0000000058679000 nmethod 10601 0x000000000380bb10 code [0x000000000380bec0, 0x000000000380de80]
Event: 265.641 Thread 0x0000000058679000 10610       4       com.sun.javafx.sg.prism.NGNode::clearDirtyTree (84 bytes)
Event: 265.647 Thread 0x0000000058679000 nmethod 10610 0x0000000003553f90 code [0x0000000003554160, 0x0000000003554610]
Event: 265.654 Thread 0x0000000057187000 nmethod 10609 0x00000000038075d0 code [0x0000000003807960, 0x00000000038097a0]
Event: 265.656 Thread 0x000000005867a000 10611  s!   3       com.sun.scenario.effect.impl.ImagePool::checkOut (447 bytes)
Event: 265.657 Thread 0x000000005867a000 nmethod 10611 0x0000000004097850 code [0x0000000004097c60, 0x000000000409a6f8]

GC Heap History (10 events):
Event: 3.083 GC heap before
{Heap before GC invocations=8 (full 1):
 PSYoungGen      total 109056K, used 107078K [0x00000000d8500000, 0x00000000e0c80000, 0x0000000100000000)
  eden space 102400K, 98% used [0x00000000d8500000,0x00000000de738ae8,0x00000000de900000)
  from space 6656K, 97% used [0x00000000e0600000,0x00000000e0c58ea8,0x00000000e0c80000)
  to   space 9216K, 0% used [0x00000000dfa80000,0x00000000dfa80000,0x00000000e0380000)
 ParOldGen       total 50176K, used 6367K [0x0000000088e00000, 0x000000008bf00000, 0x00000000d8500000)
  object space 50176K, 12% used [0x0000000088e00000,0x0000000089437f68,0x000000008bf00000)
 Metaspace       used 32199K, capacity 32678K, committed 33024K, reserved 1077248K
  class space    used 4117K, capacity 4236K, committed 4352K, reserved 1048576K
Event: 3.106 GC heap after
Heap after GC invocations=8 (full 1):
 PSYoungGen      total 129536K, used 9199K [0x00000000d8500000, 0x00000000e4380000, 0x0000000100000000)
  eden space 120320K, 0% used [0x00000000d8500000,0x00000000d8500000,0x00000000dfa80000)
  from space 9216K, 99% used [0x00000000dfa80000,0x00000000e037bc30,0x00000000e0380000)
  to   space 13312K, 0% used [0x00000000e3680000,0x00000000e3680000,0x00000000e4380000)
 ParOldGen       total 50176K, used 12669K [0x0000000088e00000, 0x000000008bf00000, 0x00000000d8500000)
  object space 50176K, 25% used [0x0000000088e00000,0x0000000089a5f518,0x000000008bf00000)
 Metaspace       used 32199K, capacity 32678K, committed 33024K, reserved 1077248K
  class space    used 4117K, capacity 4236K, committed 4352K, reserved 1048576K
}
Event: 3.381 GC heap before
{Heap before GC invocations=9 (full 1):
 PSYoungGen      total 129536K, used 58220K [0x00000000d8500000, 0x00000000e4380000, 0x0000000100000000)
  eden space 120320K, 40% used [0x00000000d8500000,0x00000000db4df5a0,0x00000000dfa80000)
  from space 9216K, 99% used [0x00000000dfa80000,0x00000000e037bc30,0x00000000e0380000)
  to   space 13312K, 0% used [0x00000000e3680000,0x00000000e3680000,0x00000000e4380000)
 ParOldGen       total 50176K, used 12669K [0x0000000088e00000, 0x000000008bf00000, 0x00000000d8500000)
  object space 50176K, 25% used [0x0000000088e00000,0x0000000089a5f518,0x000000008bf00000)
 Metaspace       used 34644K, capacity 35394K, committed 35456K, reserved 1079296K
  class space    used 4530K, capacity 4722K, committed 4736K, reserved 1048576K
Event: 3.386 GC heap after
Heap after GC invocations=9 (full 1):
 PSYoungGen      total 182272K, used 7989K [0x00000000d8500000, 0x00000000e5c00000, 0x0000000100000000)
  eden space 168960K, 0% used [0x00000000d8500000,0x00000000d8500000,0x00000000e2a00000)
  from space 13312K, 60% used [0x00000000e3680000,0x00000000e3e4d478,0x00000000e4380000)
  to   space 12800K, 0% used [0x00000000e2a00000,0x00000000e2a00000,0x00000000e3680000)
 ParOldGen       total 50176K, used 12677K [0x0000000088e00000, 0x000000008bf00000, 0x00000000d8500000)
  object space 50176K, 25% used [0x0000000088e00000,0x0000000089a61518,0x000000008bf00000)
 Metaspace       used 34644K, capacity 35394K, committed 35456K, reserved 1079296K
  class space    used 4530K, capacity 4722K, committed 4736K, reserved 1048576K
}
Event: 3.386 GC heap before
{Heap before GC invocations=10 (full 2):
 PSYoungGen      total 182272K, used 7989K [0x00000000d8500000, 0x00000000e5c00000, 0x0000000100000000)
  eden space 168960K, 0% used [0x00000000d8500000,0x00000000d8500000,0x00000000e2a00000)
  from space 13312K, 60% used [0x00000000e3680000,0x00000000e3e4d478,0x00000000e4380000)
  to   space 12800K, 0% used [0x00000000e2a00000,0x00000000e2a00000,0x00000000e3680000)
 ParOldGen       total 50176K, used 12677K [0x0000000088e00000, 0x000000008bf00000, 0x00000000d8500000)
  object space 50176K, 25% used [0x0000000088e00000,0x0000000089a61518,0x000000008bf00000)
 Metaspace       used 34644K, capacity 35394K, committed 35456K, reserved 1079296K
  class space    used 4530K, capacity 4722K, committed 4736K, reserved 1048576K
Event: 3.429 GC heap after
Heap after GC invocations=10 (full 2):
 PSYoungGen      total 182272K, used 0K [0x00000000d8500000, 0x00000000e5c00000, 0x0000000100000000)
  eden space 168960K, 0% used [0x00000000d8500000,0x00000000d8500000,0x00000000e2a00000)
  from space 13312K, 0% used [0x00000000e3680000,0x00000000e3680000,0x00000000e4380000)
  to   space 12800K, 0% used [0x00000000e2a00000,0x00000000e2a00000,0x00000000e3680000)
 ParOldGen       total 78848K, used 16251K [0x0000000088e00000, 0x000000008db00000, 0x00000000d8500000)
  object space 78848K, 20% used [0x0000000088e00000,0x0000000089ddec98,0x000000008db00000)
 Metaspace       used 34644K, capacity 35394K, committed 35456K, reserved 1079296K
  class space    used 4530K, capacity 4722K, committed 4736K, reserved 1048576K
}
Event: 8.208 GC heap before
{Heap before GC invocations=11 (full 2):
 PSYoungGen      total 182272K, used 168960K [0x00000000d8500000, 0x00000000e5c00000, 0x0000000100000000)
  eden space 168960K, 100% used [0x00000000d8500000,0x00000000e2a00000,0x00000000e2a00000)
  from space 13312K, 0% used [0x00000000e3680000,0x00000000e3680000,0x00000000e4380000)
  to   space 12800K, 0% used [0x00000000e2a00000,0x00000000e2a00000,0x00000000e3680000)
 ParOldGen       total 78848K, used 16251K [0x0000000088e00000, 0x000000008db00000, 0x00000000d8500000)
  object space 78848K, 20% used [0x0000000088e00000,0x0000000089ddec98,0x000000008db00000)
 Metaspace       used 41726K, capacity 43310K, committed 43520K, reserved 1087488K
  class space    used 5461K, capacity 5778K, committed 5888K, reserved 1048576K
Event: 8.236 GC heap after
Heap after GC invocations=11 (full 2):
 PSYoungGen      total 181760K, used 12784K [0x00000000d8500000, 0x00000000e9380000, 0x0000000100000000)
  eden space 168960K, 0% used [0x00000000d8500000,0x00000000d8500000,0x00000000e2a00000)
  from space 12800K, 99% used [0x00000000e2a00000,0x00000000e367c368,0x00000000e3680000)
  to   space 27136K, 0% used [0x00000000e7900000,0x00000000e7900000,0x00000000e9380000)
 ParOldGen       total 78848K, used 47480K [0x0000000088e00000, 0x000000008db00000, 0x00000000d8500000)
  object space 78848K, 60% used [0x0000000088e00000,0x000000008bc5e3f8,0x000000008db00000)
 Metaspace       used 41726K, capacity 43310K, committed 43520K, reserved 1087488K
  class space    used 5461K, capacity 5778K, committed 5888K, reserved 1048576K
}
Event: 19.107 GC heap before
{Heap before GC invocations=12 (full 2):
 PSYoungGen      total 181760K, used 181744K [0x00000000d8500000, 0x00000000e9380000, 0x0000000100000000)
  eden space 168960K, 100% used [0x00000000d8500000,0x00000000e2a00000,0x00000000e2a00000)
  from space 12800K, 99% used [0x00000000e2a00000,0x00000000e367c368,0x00000000e3680000)
  to   space 27136K, 0% used [0x00000000e7900000,0x00000000e7900000,0x00000000e9380000)
 ParOldGen       total 78848K, used 47480K [0x0000000088e00000, 0x000000008db00000, 0x00000000d8500000)
  object space 78848K, 60% used [0x0000000088e00000,0x000000008bc5e3f8,0x000000008db00000)
 Metaspace       used 44487K, capacity 46260K, committed 46592K, reserved 1089536K
  class space    used 5750K, capacity 6043K, committed 6144K, reserved 1048576K
Event: 19.128 GC heap after
Heap after GC invocations=12 (full 2):
 PSYoungGen      total 243200K, used 25300K [0x00000000d8500000, 0x00000000e9400000, 0x0000000100000000)
  eden space 216064K, 0% used [0x00000000d8500000,0x00000000d8500000,0x00000000e5800000)
  from space 27136K, 93% used [0x00000000e7900000,0x00000000e91b53c8,0x00000000e9380000)
  to   space 30720K, 0% used [0x00000000e5800000,0x00000000e5800000,0x00000000e7600000)
 ParOldGen       total 78848K, used 47480K [0x0000000088e00000, 0x000000008db00000, 0x00000000d8500000)
  object space 78848K, 60% used [0x0000000088e00000,0x000000008bc5e3f8,0x000000008db00000)
 Metaspace       used 44487K, capacity 46260K, committed 46592K, reserved 1089536K
  class space    used 5750K, capacity 6043K, committed 6144K, reserved 1048576K
}

Deoptimization events (10 events):
Event: 264.532 Thread 0x0000000058a5b800 Uncommon trap: reason=class_check action=maybe_recompile pc=0x00000000032f1d70 method=com.sun.javafx.sg.prism.NGNode.clearDirtyTree()V @ 74
Event: 264.532 Thread 0x0000000058a5b800 Uncommon trap: reason=class_check action=maybe_recompile pc=0x00000000032f1d80 method=com.sun.javafx.sg.prism.NGNode.clearDirtyTree()V @ 26
Event: 265.571 Thread 0x0000000059677000 Uncommon trap: reason=unstable_if action=reinterpret pc=0x000000000469b7bc method=javafx.scene.text.Text.getLineSpacing()D @ 14
Event: 265.595 Thread 0x0000000058a5b800 Uncommon trap: reason=class_check action=maybe_recompile pc=0x00000000038b7f38 method=com.sun.javafx.sg.prism.NGNode.renderRectClip(Lcom/sun/prism/Graphics;Lcom/sun/javafx/sg/prism/NGRectangle;)V @ 86
Event: 265.616 Thread 0x0000000059677000 Uncommon trap: reason=class_check action=maybe_recompile pc=0x0000000004443620 method=com.sun.javafx.sg.prism.NGShape.geometryChanged()V @ 18
Event: 265.616 Thread 0x0000000059677000 Uncommon trap: reason=class_check action=maybe_recompile pc=0x0000000004443620 method=com.sun.javafx.sg.prism.NGShape.geometryChanged()V @ 18
Event: 265.616 Thread 0x0000000059677000 Uncommon trap: reason=class_check action=maybe_recompile pc=0x0000000004443620 method=com.sun.javafx.sg.prism.NGShape.geometryChanged()V @ 18
Event: 265.616 Thread 0x0000000059677000 Uncommon trap: reason=class_check action=maybe_recompile pc=0x0000000004443620 method=com.sun.javafx.sg.prism.NGShape.geometryChanged()V @ 18
Event: 265.617 Thread 0x0000000058a5b800 Uncommon trap: reason=class_check action=maybe_recompile pc=0x00000000038b7f38 method=com.sun.javafx.sg.prism.NGNode.renderRectClip(Lcom/sun/prism/Graphics;Lcom/sun/javafx/sg/prism/NGRectangle;)V @ 86
Event: 265.624 Thread 0x0000000058a5b800 Uncommon trap: reason=unstable_if action=reinterpret pc=0x000000000428075c method=com.sun.scenario.effect.impl.ImagePool.checkOut(Lcom/sun/scenario/effect/impl/Renderer;II)Lcom/sun/scenario/effect/impl/PoolFilterable; @ 5

Internal exceptions (10 events):
Event: 262.194 Thread 0x000000005ceaa000 Exception <a 'java/io/FileNotFoundException'> (0x00000000df65cfe8) thrown at [C:\re\workspace\8-2-build-windows-amd64-cygwin\jdk8u60\4407\hotspot\src\share\vm\prims\jni.cpp, line 709]
Event: 262.348 Thread 0x000000005ceaa000 Exception <a 'java/io/FileNotFoundException'> (0x00000000df6738b8) thrown at [C:\re\workspace\8-2-build-windows-amd64-cygwin\jdk8u60\4407\hotspot\src\share\vm\prims\jni.cpp, line 709]
Event: 262.349 Thread 0x000000005ceaa000 Exception <a 'java/io/FileNotFoundException'> (0x00000000df687110) thrown at [C:\re\workspace\8-2-build-windows-amd64-cygwin\jdk8u60\4407\hotspot\src\share\vm\prims\jni.cpp, line 709]
Event: 262.502 Thread 0x000000005ceaa000 Exception <a 'java/io/FileNotFoundException'> (0x00000000df69d440) thrown at [C:\re\workspace\8-2-build-windows-amd64-cygwin\jdk8u60\4407\hotspot\src\share\vm\prims\jni.cpp, line 709]
Event: 262.503 Thread 0x000000005ceaa000 Exception <a 'java/io/FileNotFoundException'> (0x00000000df6af530) thrown at [C:\re\workspace\8-2-build-windows-amd64-cygwin\jdk8u60\4407\hotspot\src\share\vm\prims\jni.cpp, line 709]
Event: 262.658 Thread 0x000000005ceaa000 Exception <a 'java/io/FileNotFoundException'> (0x00000000df6c5880) thrown at [C:\re\workspace\8-2-build-windows-amd64-cygwin\jdk8u60\4407\hotspot\src\share\vm\prims\jni.cpp, line 709]
Event: 264.666 Thread 0x000000005ceab000 Exception <a 'java/io/FileNotFoundException'> (0x00000000e0830a40) thrown at [C:\re\workspace\8-2-build-windows-amd64-cygwin\jdk8u60\4407\hotspot\src\share\vm\prims\jni.cpp, line 709]
Event: 264.744 Thread 0x000000005ceab000 Exception <a 'java/io/FileNotFoundException'> (0x00000000e0846d70) thrown at [C:\re\workspace\8-2-build-windows-amd64-cygwin\jdk8u60\4407\hotspot\src\share\vm\prims\jni.cpp, line 709]
Event: 264.745 Thread 0x000000005ceab000 Exception <a 'java/io/FileNotFoundException'> (0x00000000e0856c80) thrown at [C:\re\workspace\8-2-build-windows-amd64-cygwin\jdk8u60\4407\hotspot\src\share\vm\prims\jni.cpp, line 709]
Event: 264.822 Thread 0x000000005ceab000 Exception <a 'java/io/FileNotFoundException'> (0x00000000e086cfb0) thrown at [C:\re\workspace\8-2-build-windows-amd64-cygwin\jdk8u60\4407\hotspot\src\share\vm\prims\jni.cpp, line 709]

Events (10 events):
Event: 265.616 Thread 0x0000000059677000 DEOPT PACKING pc=0x0000000004443620 sp=0x000000005a78df90
Event: 265.616 Thread 0x0000000059677000 DEOPT UNPACKING pc=0x000000000296582a sp=0x000000005a78df28 mode 2
Event: 265.617 Thread 0x0000000058a5b800 Uncommon trap: trap_request=0xffffffde fr.pc=0x00000000038b7f38
Event: 265.617 Thread 0x0000000058a5b800 DEOPT PACKING pc=0x00000000038b7f38 sp=0x0000000059f9cb70
Event: 265.617 Thread 0x0000000058a5b800 DEOPT UNPACKING pc=0x000000000296582a sp=0x0000000059f9caa0 mode 2
Event: 265.624 Thread 0x0000000058a5b800 Uncommon trap: trap_request=0xffffff65 fr.pc=0x000000000428075c
Event: 265.624 Thread 0x0000000058a5b800 DEOPT PACKING pc=0x000000000428075c sp=0x0000000059f9da60
Event: 265.624 Thread 0x0000000058a5b800 DEOPT UNPACKING pc=0x000000000296582a sp=0x0000000059f9da10 mode 2
Event: 265.709 Thread 0x000000005cea9800 Thread exited: 0x000000005cea9800
Event: 265.724 Thread 0x000000005cea9800 Thread added: 0x000000005cea9800


Dynamic libraries:
0x000000013f630000 - 0x000000013f667000 	C:\Program Files\Java\jdk1.8.0_60\jre\bin\java.exe
0x00000000776c0000 - 0x0000000077869000 	C:\windows\SYSTEM32\ntdll.dll
0x00000000774a0000 - 0x00000000775bf000 	C:\windows\system32\kernel32.dll
0x000007fefd7c0000 - 0x000007fefd82c000 	C:\windows\system32\KERNELBASE.dll
0x000007fefe6d0000 - 0x000007fefe7ab000 	C:\windows\system32\ADVAPI32.dll
0x000007fefe9d0000 - 0x000007fefea6f000 	C:\windows\system32\msvcrt.dll
0x000007fefdea0000 - 0x000007fefdebf000 	C:\windows\SYSTEM32\sechost.dll
0x000007fefe230000 - 0x000007fefe35d000 	C:\windows\system32\RPCRT4.dll
0x00000000775c0000 - 0x00000000776ba000 	C:\windows\system32\USER32.dll
0x000007fefe890000 - 0x000007fefe8f7000 	C:\windows\system32\GDI32.dll
0x000007fefea70000 - 0x000007fefea7e000 	C:\windows\system32\LPK.dll
0x000007fefda90000 - 0x000007fefdb59000 	C:\windows\system32\USP10.dll
0x000007fefbde0000 - 0x000007fefbfd4000 	C:\windows\WinSxS\amd64_microsoft.windows.common-controls_6595b64144ccf1df_6.0.7601.17514_none_fa396087175ac9ac\COMCTL32.dll
0x000007fefe950000 - 0x000007fefe9c1000 	C:\windows\system32\SHLWAPI.dll
0x000007feff980000 - 0x000007feff9ae000 	C:\windows\system32\IMM32.DLL
0x000007fefea80000 - 0x000007fefeb89000 	C:\windows\system32\MSCTF.dll
0x0000000071bc0000 - 0x0000000071c92000 	C:\Program Files\Java\jdk1.8.0_60\jre\bin\msvcr100.dll
0x0000000061cc0000 - 0x0000000062549000 	C:\Program Files\Java\jdk1.8.0_60\jre\bin\server\jvm.dll
0x000007fef06a0000 - 0x000007fef06a9000 	C:\windows\system32\WSOCK32.dll
0x000007fefe900000 - 0x000007fefe94d000 	C:\windows\system32\WS2_32.dll
0x000007fefde90000 - 0x000007fefde98000 	C:\windows\system32\NSI.dll
0x000007fefa030000 - 0x000007fefa06b000 	C:\windows\system32\WINMM.dll
0x000007fefc3c0000 - 0x000007fefc3cc000 	C:\windows\system32\VERSION.dll
0x0000000077880000 - 0x0000000077887000 	C:\windows\system32\PSAPI.DLL
0x0000000072110000 - 0x000000007211f000 	C:\Program Files\Java\jdk1.8.0_60\jre\bin\verify.dll
0x00000000720e0000 - 0x0000000072109000 	C:\Program Files\Java\jdk1.8.0_60\jre\bin\java.dll
0x0000000072080000 - 0x0000000072096000 	C:\Program Files\Java\jdk1.8.0_60\jre\bin\zip.dll
0x000007fefeb90000 - 0x000007feff919000 	C:\windows\system32\SHELL32.dll
0x000007fefdb60000 - 0x000007fefdd63000 	C:\windows\system32\ole32.dll
0x000007fefd490000 - 0x000007fefd49f000 	C:\windows\system32\profapi.dll
0x000007fef8180000 - 0x000007fef826f000 	C:\Program Files\Java\jdk1.8.0_60\jre\bin\msvcr120.dll
0x000007fef80d0000 - 0x000007fef8176000 	C:\Program Files\Java\jdk1.8.0_60\jre\bin\msvcp120.dll
0x0000000071a80000 - 0x0000000071aa3000 	C:\Program Files\Java\jdk1.8.0_60\jre\bin\prism_d3d.dll
0x000007fef2f50000 - 0x000007fef314f000 	C:\windows\system32\d3d9.dll
0x000007fef66c0000 - 0x000007fef66c7000 	C:\windows\system32\d3d8thk.dll
0x000007fefb7d0000 - 0x000007fefb7e8000 	C:\windows\system32\dwmapi.dll
0x000007fefbc00000 - 0x000007fefbc56000 	C:\windows\system32\uxtheme.dll
0x000007fee98d0000 - 0x000007feea121000 	C:\windows\system32\igdumdim64.dll
0x000007fef4930000 - 0x000007fef4d63000 	C:\windows\system32\igdusc64.dll
0x000000006c240000 - 0x000000006c283000 	C:\Program Files\Java\jdk1.8.0_60\jre\bin\glass.dll
0x000007fefdec0000 - 0x000007fefdf57000 	C:\windows\system32\COMDLG32.dll
0x000007fefe7b0000 - 0x000007fefe887000 	C:\windows\system32\OLEAUT32.dll
0x000007fefd320000 - 0x000007fefd32f000 	C:\windows\system32\CRYPTBASE.dll
0x0000000072040000 - 0x000000007205a000 	C:\Program Files\Java\jdk1.8.0_60\jre\bin\net.dll
0x000007fefcc20000 - 0x000007fefcc75000 	C:\windows\system32\mswsock.dll
0x000007fefcc10000 - 0x000007fefcc17000 	C:\windows\System32\wship6.dll
0x0000000072060000 - 0x0000000072071000 	C:\Program Files\Java\jdk1.8.0_60\jre\bin\nio.dll
0x00000000719c0000 - 0x00000000719e4000 	C:\Program Files\Java\jdk1.8.0_60\jre\bin\sunec.dll
0x000007fef9cf0000 - 0x000007fef9d05000 	C:\windows\system32\NLAapi.dll
0x000007fef7b70000 - 0x000007fef7b85000 	C:\windows\system32\napinsp.dll
0x000007fef7b50000 - 0x000007fef7b69000 	C:\windows\system32\pnrpnsp.dll
0x000007fefcaa0000 - 0x000007fefcafb000 	C:\windows\system32\DNSAPI.dll
0x000007fef8650000 - 0x000007fef865b000 	C:\windows\System32\winrnr.dll
0x000007fefc640000 - 0x000007fefc647000 	C:\windows\System32\wshtcpip.dll
0x000007fef9a60000 - 0x000007fef9a87000 	C:\windows\system32\IPHLPAPI.DLL
0x000007fef9a50000 - 0x000007fef9a5b000 	C:\windows\system32\WINNSI.DLL
0x000007fefa420000 - 0x000007fefa428000 	C:\windows\system32\rasadhlp.dll
0x000007fef98e0000 - 0x000007fef9933000 	C:\windows\System32\fwpuclnt.dll
0x000007fefcc80000 - 0x000007fefcc98000 	C:\windows\system32\CRYPTSP.dll
0x000007fefc980000 - 0x000007fefc9c7000 	C:\windows\system32\rsaenh.dll
0x000007fefd580000 - 0x000007fefd59e000 	C:\windows\system32\USERENV.dll
0x000007fef9860000 - 0x000007fef9871000 	C:\windows\system32\dhcpcsvc6.DLL
0x000007fef9840000 - 0x000007fef9858000 	C:\windows\system32\dhcpcsvc.DLL
0x0000000072130000 - 0x000000007213d000 	C:\Program Files\Java\jdk1.8.0_60\jre\bin\management.dll
0x0000000071fc0000 - 0x0000000071fd4000 	C:\Program Files\Java\jdk1.8.0_60\jre\bin\javafx_font.dll
0x000007feea560000 - 0x000007feea6f6000 	C:\windows\system32\dwrite.dll
0x000007fefddf0000 - 0x000007fefde89000 	C:\windows\system32\CLBCatQ.DLL
0x000007fefb620000 - 0x000007fefb781000 	C:\windows\system32\WindowsCodecs.dll
0x000007fefd2c0000 - 0x000007fefd317000 	C:\windows\system32\apphelp.dll
0x000007fef4870000 - 0x000007fef4930000 	C:\Program Files (x86)\Google\Drive\googledrivesync64.dll
0x000000006c2e0000 - 0x000000006c3b3000 	C:\Program Files (x86)\Google\Drive\Microsoft.VC90.CRT\MSVCP90.dll
0x000000006c4f0000 - 0x000000006c593000 	C:\Program Files (x86)\Google\Drive\Microsoft.VC90.CRT\MSVCR90.dll
0x000007fef4830000 - 0x000007fef486b000 	C:\Program Files (x86)\Dropbox\Client\DropboxExt64.28.dll
0x000007fef8590000 - 0x000007fef85bd000 	C:\Program Files\Common Files\Microsoft Shared\Ink\rtscom.dll
0x000000006ee10000 - 0x000000006ee33000 	C:\Program Files\Java\jdk1.8.0_60\jre\bin\javafx_iio.dll
0x0000000071ea0000 - 0x0000000071eb1000 	C:\Program Files\Java\jdk1.8.0_60\jre\bin\prism_common.dll
0x000007fee9500000 - 0x000007fee98c4000 	C:\windows\system32\d2d1.dll
0x000007fef4d70000 - 0x000007fef4f45000 	C:\windows\system32\d3d11.dll
0x000007fef53f0000 - 0x000007fef544d000 	C:\windows\system32\dxgi.dll
0x000007fee9280000 - 0x000007fee94f9000 	C:\windows\system32\D3D10Warp.dll
0x000007fefd5a0000 - 0x000007fefd5db000 	C:\windows\system32\WINTRUST.dll
0x000007fefd640000 - 0x000007fefd7ad000 	C:\windows\system32\CRYPT32.dll
0x000007fefd480000 - 0x000007fefd48f000 	C:\windows\system32\MSASN1.dll
0x000007fefd3d0000 - 0x000007fefd3e4000 	C:\windows\system32\RpcRtRemote.dll
0x0000000180000000 - 0x0000000180025000 	C:\Users\OCTI01\Documents\NetBeansProjects\QuadroDeHorarioFX\rxtxSerial.dll
0x000007fef8cc0000 - 0x000007fef8de5000 	C:\windows\system32\dbghelp.dll

VM Arguments:
jvm_args: -Dfile.encoding=UTF-8 
java_command: C:\Users\OCTI01\Documents\NetBeansProjects\QuadroDeHorarioFX\dist\run1323296390\QuadroDeHorarioFX.jar
java_class_path (initial): C:\Users\OCTI01\Documents\NetBeansProjects\QuadroDeHorarioFX\dist\run1323296390\QuadroDeHorarioFX.jar
Launcher Type: SUN_STANDARD

Environment Variables:
JAVA_HOME=C:\Program Files\Java\jdk1.8.0_40
CLASSPATH=.;JAVA_HOME
PATH=C:\ProgramData\Oracle\Java\javapath;C:\Program Files (x86)\Intel\iCLS Client\;C:\Program Files\Intel\iCLS Client\;C:\windows\system32;C:\windows;C:\windows\System32\Wbem;C:\windows\System32\WindowsPowerShell\v1.0\;C:\Program Files\Intel\Intel(R) Management Engine Components\DAL;C:\Program Files\Intel\Intel(R) Management Engine Components\IPT;C:\Program Files (x86)\Intel\Intel(R) Management Engine Components\DAL;C:\Program Files (x86)\Intel\Intel(R) Management Engine Components\IPT;C:\Program Files (x86)\Intel\OpenCL SDK\2.0\bin\x86;C:\Program Files (x86)\Intel\OpenCL SDK\2.0\bin\x64;C:\Program Files\MySQL\MySQL Server 5.6\bin;C:\Program Files\Java\jre1.8.0_40\bin;C:\Program Files\Java\jdk1.8.0_40\bin;C:\Program Files (x86)\MySQL\MySQL Utilities 1.4.4\;C:\Program Files (x86)\MySQL\MySQL Utilities 1.4.4\Doctrine extensions for PHP\;C:\Program Files\Java\jdk1.8.0_40\bin
USERNAME=OCTI01
OS=Windows_NT
PROCESSOR_IDENTIFIER=Intel64 Family 6 Model 58 Stepping 9, GenuineIntel



---------------  S Y S T E M  ---------------

OS: Windows 7 , 64 bit Build 7601 (6.1.7601.18409)

CPU:total 4 (4 cores per cpu, 1 threads per core) family 6 model 58 stepping 9, cmov, cx8, fxsr, mmx, sse, sse2, sse3, ssse3, sse4.1, sse4.2, popcnt, avx, aes, clmul, erms, tsc, tscinvbit, tscinv

Memory: 4k page, physical 7801980k(2754116k free), swap 15602104k(10259824k free)

vm_info: Java HotSpot(TM) 64-Bit Server VM (25.60-b23) for windows-amd64 JRE (1.8.0_60-b27), built on Aug  4 2015 11:06:27 by "java_re" with MS VC++ 10.0 (VS2010)

time: Thu Dec 10 15:44:36 2015
elapsed time: 265 seconds (0d 0h 4m 25s)

