#
# A fatal error has been detected by the Java Runtime Environment:
#
#  EXCEPTION_ACCESS_VIOLATION (0xc0000005) at pc=0x00000001800087dd, pid=2740, tid=5440
#
# JRE version: Java(TM) SE Runtime Environment (8.0_60-b27) (build 1.8.0_60-b27)
# Java VM: Java HotSpot(TM) 64-Bit Server VM (25.60-b23 mixed mode windows-amd64 compressed oops)
# Problematic frame:
# C  [rxtxSerial.dll+0x87dd]
#
# Failed to write core dump. Minidumps are not enabled by default on client versions of Windows
#
# If you would like to submit a bug report, please visit:
#   http://bugreport.java.com/bugreport/crash.jsp
# The crash happened outside the Java Virtual Machine in native code.
# See problematic frame for where to report the bug.
#

---------------  T H R E A D  ---------------

Current thread (0x0000000024043000):  JavaThread "Thread-46" [_thread_in_native, id=5440, stack(0x0000000030010000,0x0000000030110000)]

siginfo: ExceptionCode=0xc0000005, writing address 0x0000000000000100

Registers:
RAX=0x0000000000000000, RBX=0x0000000027697eb0, RCX=0x0000000000000002, RDX=0x0000000000000000
RSP=0x000000003010eb70, RBP=0x000000003010ede0, RSI=0x000000002025ef79, RDI=0x000000002c7a55c0
R8 =0x0000000000000000, R9 =0x0000000000000000, R10=0x000000002c7afaa0, R11=0x0000000000000001
R12=0x000000003010ede8, R13=0x000000002a57fa58, R14=0x000000003010ede8, R15=0x0000000024043000
RIP=0x00000001800087dd, EFLAGS=0x0000000000010202

Top of Stack: (sp=0x000000003010eb70)
0x000000003010eb70:   0000000027697eb0 000000002025ef70
0x000000003010eb80:   0000000024043000 0000000000000009
0x000000003010eb90:   000000002025ef70 000000018000aab4
0x000000003010eba0:   00000000240431f8 0000000000000106
0x000000003010ebb0:   000000002a57fa58 000000003010ede8
0x000000003010ebc0:   0000000028dfc040 000000002025ef70
0x000000003010ebd0:   000000003010ede0 000000018000b7fe
0x000000003010ebe0:   0000000000000008 000000002a57fa58
0x000000003010ebf0:   00000000240431f8 0000000000000000
0x000000003010ec00:   0000000024043000 0000000000000000
0x000000003010ec10:   0000fbbaabbdc74a 000000007fffffdc
0x000000003010ec20:   000000003010ecb0 0000000000000042
0x000000003010ec30:   00000000240431f8 0000000000000000
0x000000003010ec40:   000000002025ef70 000000018000213d
0x000000003010ec50:   000000003010ede0 000000018001c0b0
0x000000003010ec60:   0000000000000000 0000000180000000 

Instructions: (pc=0x00000001800087dd)
0x00000001800087bd:   00 00 7e 3d 48 8b 87 08 01 00 00 48 89 bb 00 01
0x00000001800087cd:   00 00 48 89 83 08 01 00 00 48 8b 87 08 01 00 00
0x00000001800087dd:   48 89 98 00 01 00 00 48 89 9f 08 01 00 00 48 8b
0x00000001800087ed:   c3 48 8b 5c 24 30 48 8b 74 24 38 48 83 c4 20 5f 


Register to memory mapping:

RAX=0x0000000000000000 is an unknown value
RBX=0x0000000027697eb0 is an unknown value
RCX=0x0000000000000002 is an unknown value
RDX=0x0000000000000000 is an unknown value
RSP=0x000000003010eb70 is pointing into the stack for thread: 0x0000000024043000
RBP=0x000000003010ede0 is pointing into the stack for thread: 0x0000000024043000
RSI=0x000000002025ef79 is an unknown value
RDI=0x000000002c7a55c0 is an unknown value
R8 =0x0000000000000000 is an unknown value
R9 =0x0000000000000000 is an unknown value
R10=0x000000002c7afaa0 is an unknown value
R11=0x0000000000000001 is an unknown value
R12=0x000000003010ede8 is pointing into the stack for thread: 0x0000000024043000
R13=0x000000002a57fa58 is pointing into metadata
R14=0x000000003010ede8 is pointing into the stack for thread: 0x0000000024043000
R15=0x0000000024043000 is a thread


Stack: [0x0000000030010000,0x0000000030110000],  sp=0x000000003010eb70,  free space=1018k
Native frames: (J=compiled Java code, j=interpreted, Vv=VM code, C=native code)
C  [rxtxSerial.dll+0x87dd]
C  [rxtxSerial.dll+0xaab4]
C  [rxtxSerial.dll+0x213d]
C  0x00000000027b6937

Java frames: (J=compiled Java code, j=interpreted, Vv=VM code)
j  gnu.io.RXTXPort.open(Ljava/lang/String;)I+0
j  gnu.io.RXTXPort.<init>(Ljava/lang/String;)V+125
j  gnu.io.RXTXCommDriver.getCommPort(Ljava/lang/String;I)Lgnu/io/CommPort;+78
j  gnu.io.CommPortIdentifier.open(Ljava/lang/String;I)Lgnu/io/CommPort;+171
j  br.com.QuadroDeHorario.control.SerialConnection.abrirPorta(Lgnu/io/CommPortIdentifier;)Lgnu/io/SerialPort;+11
j  br.com.QuadroDeHorario.control.SerialCommunication.encontrarPorta()V+43
j  br.com.QuadroDeHorario.control.SerialCommunication.run()V+1
j  java.lang.Thread.run()V+11
v  ~StubRoutines::call_stub

---------------  P R O C E S S  ---------------

Java Threads: ( => current thread )
  0x000000002bb5d800 JavaThread "Thread-49" [_thread_in_native, id=5472, stack(0x00000000301a0000,0x00000000302a0000)]
  0x0000000024043800 JavaThread "Thread-47" [_thread_in_native, id=5456, stack(0x000000002e910000,0x000000002ea10000)]
=>0x0000000024043000 JavaThread "Thread-46" [_thread_in_native, id=5440, stack(0x0000000030010000,0x0000000030110000)]
  0x0000000024042000 JavaThread "Thread-45" [_thread_in_native, id=5404, stack(0x000000002fe90000,0x000000002ff90000)]
  0x0000000024041800 JavaThread "Thread-44" [_thread_in_native, id=5376, stack(0x000000002fcb0000,0x000000002fdb0000)]
  0x0000000024040800 JavaThread "Thread-43" [_thread_in_native, id=5360, stack(0x000000002fb50000,0x000000002fc50000)]
  0x0000000024040000 JavaThread "Thread-42" [_thread_in_native, id=5352, stack(0x000000002fa30000,0x000000002fb30000)]
  0x000000002403f000 JavaThread "Thread-41" [_thread_in_native, id=5340, stack(0x000000002f840000,0x000000002f940000)]
  0x000000002403e800 JavaThread "Thread-40" [_thread_in_native, id=5300, stack(0x000000002f660000,0x000000002f760000)]
  0x000000002403d800 JavaThread "Thread-39" [_thread_in_native, id=5260, stack(0x000000002f540000,0x000000002f640000)]
  0x000000002403d000 JavaThread "Thread-38" [_thread_in_native, id=5236, stack(0x000000002f360000,0x000000002f460000)]
  0x0000000023351000 JavaThread "Thread-37" [_thread_in_native, id=5212, stack(0x000000002f120000,0x000000002f220000)]
  0x000000002334f800 JavaThread "Thread-36" [_thread_in_native, id=5196, stack(0x000000002f000000,0x000000002f100000)]
  0x000000002334e800 JavaThread "Thread-35" [_thread_in_native, id=5176, stack(0x000000002ee50000,0x000000002ef50000)]
  0x000000002334e000 JavaThread "Thread-34" [_thread_in_native, id=5148, stack(0x000000002ecf0000,0x000000002edf0000)]
  0x000000002334d000 JavaThread "Thread-33" [_thread_in_native, id=4460, stack(0x000000002eb90000,0x000000002ec90000)]
  0x000000002334c800 JavaThread "Thread-32" [_thread_in_native, id=2992, stack(0x000000002ea30000,0x000000002eb30000)]
  0x000000002334b800 JavaThread "Thread-31" [_thread_in_native, id=3412, stack(0x00000000249e0000,0x0000000024ae0000)]
  0x000000002334b000 JavaThread "Thread-30" [_thread_in_native, id=4780, stack(0x000000002e810000,0x000000002e910000)]
  0x000000002334a000 JavaThread "Thread-29" [_thread_in_native, id=844, stack(0x000000002e700000,0x000000002e800000)]
  0x00000000232b4800 JavaThread "Thread-28" [_thread_in_native, id=3408, stack(0x000000002a7d0000,0x000000002a8d0000)]
  0x00000000232b4000 JavaThread "Thread-27" [_thread_in_native, id=4716, stack(0x000000002e540000,0x000000002e640000)]
  0x00000000232b3000 JavaThread "Thread-26" [_thread_in_native, id=1204, stack(0x000000002e3f0000,0x000000002e4f0000)]
  0x00000000232b2800 JavaThread "Thread-25" [_thread_in_native, id=3532, stack(0x000000002da50000,0x000000002db50000)]
  0x00000000232b1800 JavaThread "Thread-24" [_thread_in_native, id=3596, stack(0x000000002e280000,0x000000002e380000)]
  0x00000000232b1000 JavaThread "Thread-23" [_thread_in_native, id=1704, stack(0x00000000228d0000,0x00000000229d0000)]
  0x00000000232b0000 JavaThread "Thread-22" [_thread_in_native, id=1412, stack(0x000000002c420000,0x000000002c520000)]
  0x00000000232af800 JavaThread "Thread-21" [_thread_in_native, id=4540, stack(0x0000000022ba0000,0x0000000022ca0000)]
  0x00000000232ae800 JavaThread "Thread-20" [_thread_in_native, id=4692, stack(0x000000002a6c0000,0x000000002a7c0000)]
  0x00000000232ae000 JavaThread "Thread-19" [_thread_in_native, id=4940, stack(0x000000002cc40000,0x000000002cd40000)]
  0x0000000023935800 JavaThread "Thread-18" [_thread_in_native, id=5060, stack(0x000000002cf50000,0x000000002d050000)]
  0x0000000023935000 JavaThread "Thread-17" [_thread_in_native, id=4584, stack(0x000000002cd80000,0x000000002ce80000)]
  0x0000000023934000 JavaThread "Thread-16" [_thread_in_native, id=4776, stack(0x000000002cb30000,0x000000002cc30000)]
  0x0000000023933800 JavaThread "Thread-15" [_thread_in_native, id=3768, stack(0x000000002adb0000,0x000000002aeb0000)]
  0x0000000023931000 JavaThread "Thread-14" [_thread_in_native, id=4840, stack(0x000000002c7c0000,0x000000002c8c0000)]
  0x0000000023932800 JavaThread "Thread-12" [_thread_blocked, id=4072, stack(0x000000002c990000,0x000000002ca90000)]
  0x000000002392f800 JavaThread "pool-2-thread-1" [_thread_blocked, id=4300, stack(0x0000000028000000,0x0000000028100000)]
  0x000000002392f000 JavaThread "Abandoned connection cleanup thread" daemon [_thread_blocked, id=3624, stack(0x0000000027ca0000,0x0000000027da0000)]
  0x0000000023433800 JavaThread "Prism Font Disposer" daemon [_thread_blocked, id=3816, stack(0x0000000025ff0000,0x00000000260f0000)]
  0x000000002024c000 JavaThread "Thread-3" daemon [_thread_in_native, id=652, stack(0x0000000022de0000,0x0000000022ee0000)]
  0x0000000020246800 JavaThread "JavaFX-Launcher" [_thread_blocked, id=4936, stack(0x0000000023090000,0x0000000023190000)]
  0x000000001f969000 JavaThread "JavaFX Application Thread" [_thread_in_native, id=2452, stack(0x00000000212e0000,0x00000000213e0000)]
  0x000000001f968000 JavaThread "Thread-1" daemon [_thread_blocked, id=4628, stack(0x0000000021190000,0x0000000021290000)]
  0x000000001f937800 JavaThread "QuantumRenderer-0" daemon [_thread_blocked, id=2120, stack(0x0000000020b40000,0x0000000020c40000)]
  0x000000001dfdf000 JavaThread "Service Thread" daemon [_thread_blocked, id=2036, stack(0x00000000200e0000,0x00000000201e0000)]
  0x000000001dfd8800 JavaThread "C1 CompilerThread2" daemon [_thread_blocked, id=1068, stack(0x000000001fe20000,0x000000001ff20000)]
  0x000000001dfd7000 JavaThread "C2 CompilerThread1" daemon [_thread_blocked, id=3620, stack(0x000000001fd10000,0x000000001fe10000)]
  0x000000001f595000 JavaThread "C2 CompilerThread0" daemon [_thread_blocked, id=5068, stack(0x000000001fbc0000,0x000000001fcc0000)]
  0x000000001f591800 JavaThread "Attach Listener" daemon [_thread_blocked, id=660, stack(0x000000001fab0000,0x000000001fbb0000)]
  0x000000001dfd5000 JavaThread "Signal Dispatcher" daemon [_thread_blocked, id=3516, stack(0x000000001f9a0000,0x000000001faa0000)]
  0x000000001df7a000 JavaThread "Finalizer" daemon [_thread_blocked, id=4520, stack(0x000000001f490000,0x000000001f590000)]
  0x000000001df73000 JavaThread "Reference Handler" daemon [_thread_blocked, id=1916, stack(0x000000001f1a0000,0x000000001f2a0000)]
  0x000000000234f000 JavaThread "main" [_thread_blocked, id=4544, stack(0x00000000023d0000,0x00000000024d0000)]

Other Threads:
  0x000000001df6d800 VMThread [stack: 0x000000001efd0000,0x000000001f0d0000] [id=4284]
  0x000000001f5e4800 WatcherThread [stack: 0x000000001ffe0000,0x00000000200e0000] [id=4988]

VM state:not at safepoint (normal execution)

VM Mutex/Monitor currently owned by a thread: None

Heap:
 PSYoungGen      total 133632K, used 44200K [0x0000000758500000, 0x0000000764880000, 0x00000007c0000000)
  eden space 120320K, 36% used [0x0000000758500000,0x000000075b02a3a0,0x000000075fa80000)
  from space 13312K, 0% used [0x000000075fa80000,0x000000075fa80000,0x0000000760780000)
  to   space 12800K, 0% used [0x0000000763c00000,0x0000000763c00000,0x0000000764880000)
 ParOldGen       total 181248K, used 16531K [0x0000000688e00000, 0x0000000693f00000, 0x0000000758500000)
  object space 181248K, 9% used [0x0000000688e00000,0x0000000689e24e20,0x0000000693f00000)
 Metaspace       used 37461K, capacity 38792K, committed 38912K, reserved 1083392K
  class space    used 5057K, capacity 5331K, committed 5376K, reserved 1048576K

Card table byte_map: [0x0000000011b60000,0x0000000012520000] byte_map_base: 0x000000000e719000

Marking Bits: (ParMarkBitMap*) 0x00000000689ca5b0
 Begin Bits: [0x0000000013090000, 0x0000000017e58000)
 End Bits:   [0x0000000017e58000, 0x000000001cc20000)

Polling page: 0x0000000000230000

CodeCache: size=245760Kb used=14916Kb max_used=15611Kb free=230843Kb
 bounds [0x00000000027a0000, 0x00000000036f0000, 0x00000000117a0000]
 total_blobs=5751 nmethods=4894 adapters=767
 compilation: enabled

Compilation events (10 events):
Event: 255.051 Thread 0x000000001dfd8800 5099       3       com.sun.glass.ui.Application::invokeLater (13 bytes)
Event: 255.051 Thread 0x000000001dfd8800 nmethod 5099 0x00000000036d7590 code [0x00000000036d7700, 0x00000000036d79a8]
Event: 255.131 Thread 0x000000001dfd8800 5100       3       javafx.animation.Animation$1$$Lambda$160/1667912459::run (12 bytes)
Event: 255.131 Thread 0x000000001dfd8800 nmethod 5100 0x00000000036d7050 code [0x00000000036d71c0, 0x00000000036d7448]
Event: 255.291 Thread 0x000000001dfd8800 5101   !   3       com.sun.scenario.animation.shared.InfiniteClipEnvelope::timePulse (311 bytes)
Event: 255.292 Thread 0x000000001dfd8800 nmethod 5101 0x00000000036c2250 code [0x00000000036c24a0, 0x00000000036c3168]
Event: 256.283 Thread 0x000000001dfd8800 5102       3       com.sun.javafx.tk.quantum.QuantumToolkit::postPulse (148 bytes)
Event: 256.283 Thread 0x000000001f595000 5103       4       com.sun.javafx.tk.quantum.QuantumToolkit::setPulseRunning (9 bytes)
Event: 256.284 Thread 0x000000001f595000 nmethod 5103 0x0000000002923f10 code [0x0000000002924040, 0x00000000029240f8]
Event: 256.284 Thread 0x000000001dfd8800 nmethod 5102 0x0000000002a12cd0 code [0x0000000002a13040, 0x0000000002a15098]

GC Heap History (10 events):
Event: 1.296 GC heap before
{Heap before GC invocations=3 (full 1):
 PSYoungGen      total 93184K, used 9714K [0x0000000758500000, 0x0000000763b00000, 0x00000007c0000000)
  eden space 79872K, 0% used [0x0000000758500000,0x0000000758500000,0x000000075d300000)
  from space 13312K, 72% used [0x000000075e000000,0x000000075e97cbf0,0x000000075ed00000)
  to   space 13312K, 0% used [0x000000075d300000,0x000000075d300000,0x000000075e000000)
 ParOldGen       total 212992K, used 88K [0x0000000688e00000, 0x0000000695e00000, 0x0000000758500000)
  object space 212992K, 0% used [0x0000000688e00000,0x0000000688e16010,0x0000000695e00000)
 Metaspace       used 20650K, capacity 21226K, committed 21296K, reserved 1067008K
  class space    used 2785K, capacity 2940K, committed 2944K, reserved 1048576K
Event: 1.329 GC heap after
Heap after GC invocations=3 (full 1):
 PSYoungGen      total 93184K, used 0K [0x0000000758500000, 0x0000000763b00000, 0x00000007c0000000)
  eden space 79872K, 0% used [0x0000000758500000,0x0000000758500000,0x000000075d300000)
  from space 13312K, 0% used [0x000000075e000000,0x000000075e000000,0x000000075ed00000)
  to   space 13312K, 0% used [0x000000075d300000,0x000000075d300000,0x000000075e000000)
 ParOldGen       total 122368K, used 9553K [0x0000000688e00000, 0x0000000690580000, 0x0000000758500000)
  object space 122368K, 7% used [0x0000000688e00000,0x00000006897544b0,0x0000000690580000)
 Metaspace       used 20650K, capacity 21226K, committed 21296K, reserved 1067008K
  class space    used 2785K, capacity 2940K, committed 2944K, reserved 1048576K
}
Event: 2.219 GC heap before
{Heap before GC invocations=4 (full 1):
 PSYoungGen      total 93184K, used 79872K [0x0000000758500000, 0x0000000763b00000, 0x00000007c0000000)
  eden space 79872K, 100% used [0x0000000758500000,0x000000075d300000,0x000000075d300000)
  from space 13312K, 0% used [0x000000075e000000,0x000000075e000000,0x000000075ed00000)
  to   space 13312K, 0% used [0x000000075d300000,0x000000075d300000,0x000000075e000000)
 ParOldGen       total 122368K, used 9553K [0x0000000688e00000, 0x0000000690580000, 0x0000000758500000)
  object space 122368K, 7% used [0x0000000688e00000,0x00000006897544b0,0x0000000690580000)
 Metaspace       used 29144K, capacity 29820K, committed 30208K, reserved 1075200K
  class space    used 3880K, capacity 4077K, committed 4096K, reserved 1048576K
Event: 2.228 GC heap after
Heap after GC invocations=4 (full 1):
 PSYoungGen      total 93184K, used 8612K [0x0000000758500000, 0x0000000761600000, 0x00000007c0000000)
  eden space 79872K, 0% used [0x0000000758500000,0x0000000758500000,0x000000075d300000)
  from space 13312K, 64% used [0x000000075d300000,0x000000075db691e8,0x000000075e000000)
  to   space 13312K, 0% used [0x0000000760900000,0x0000000760900000,0x0000000761600000)
 ParOldGen       total 122368K, used 9561K [0x0000000688e00000, 0x0000000690580000, 0x0000000758500000)
  object space 122368K, 7% used [0x0000000688e00000,0x00000006897564b0,0x0000000690580000)
 Metaspace       used 29144K, capacity 29820K, committed 30208K, reserved 1075200K
  class space    used 3880K, capacity 4077K, committed 4096K, reserved 1048576K
}
Event: 4.567 GC heap before
{Heap before GC invocations=5 (full 1):
 PSYoungGen      total 93184K, used 87139K [0x0000000758500000, 0x0000000761600000, 0x00000007c0000000)
  eden space 79872K, 98% used [0x0000000758500000,0x000000075d1afa18,0x000000075d300000)
  from space 13312K, 64% used [0x000000075d300000,0x000000075db691e8,0x000000075e000000)
  to   space 13312K, 0% used [0x0000000760900000,0x0000000760900000,0x0000000761600000)
 ParOldGen       total 122368K, used 9561K [0x0000000688e00000, 0x0000000690580000, 0x0000000758500000)
  object space 122368K, 7% used [0x0000000688e00000,0x00000006897564b0,0x0000000690580000)
 Metaspace       used 33768K, capacity 34544K, committed 34944K, reserved 1079296K
  class space    used 4417K, capacity 4621K, committed 4736K, reserved 1048576K
Event: 4.582 GC heap after
Heap after GC invocations=5 (full 1):
 PSYoungGen      total 129536K, used 11667K [0x0000000758500000, 0x0000000761480000, 0x00000007c0000000)
  eden space 117760K, 0% used [0x0000000758500000,0x0000000758500000,0x000000075f800000)
  from space 11776K, 99% used [0x0000000760900000,0x0000000761464e10,0x0000000761480000)
  to   space 13312K, 0% used [0x000000075fa80000,0x000000075fa80000,0x0000000760780000)
 ParOldGen       total 122368K, used 9569K [0x0000000688e00000, 0x0000000690580000, 0x0000000758500000)
  object space 122368K, 7% used [0x0000000688e00000,0x00000006897584b0,0x0000000690580000)
 Metaspace       used 33768K, capacity 34544K, committed 34944K, reserved 1079296K
  class space    used 4417K, capacity 4621K, committed 4736K, reserved 1048576K
}
Event: 4.883 GC heap before
{Heap before GC invocations=6 (full 1):
 PSYoungGen      total 129536K, used 22955K [0x0000000758500000, 0x0000000761480000, 0x00000007c0000000)
  eden space 117760K, 9% used [0x0000000758500000,0x00000007590060f0,0x000000075f800000)
  from space 11776K, 99% used [0x0000000760900000,0x0000000761464e10,0x0000000761480000)
  to   space 13312K, 0% used [0x000000075fa80000,0x000000075fa80000,0x0000000760780000)
 ParOldGen       total 122368K, used 9569K [0x0000000688e00000, 0x0000000690580000, 0x0000000758500000)
  object space 122368K, 7% used [0x0000000688e00000,0x00000006897584b0,0x0000000690580000)
 Metaspace       used 34575K, capacity 35368K, committed 35496K, reserved 1079296K
  class space    used 4566K, capacity 4789K, committed 4864K, reserved 1048576K
Event: 4.891 GC heap after
Heap after GC invocations=6 (full 1):
 PSYoungGen      total 133632K, used 11637K [0x0000000758500000, 0x0000000764880000, 0x00000007c0000000)
  eden space 120320K, 0% used [0x0000000758500000,0x0000000758500000,0x000000075fa80000)
  from space 13312K, 87% used [0x000000075fa80000,0x00000007605dd5e8,0x0000000760780000)
  to   space 12800K, 0% used [0x0000000763c00000,0x0000000763c00000,0x0000000764880000)
 ParOldGen       total 122368K, used 9577K [0x0000000688e00000, 0x0000000690580000, 0x0000000758500000)
  object space 122368K, 7% used [0x0000000688e00000,0x000000068975a4b0,0x0000000690580000)
 Metaspace       used 34575K, capacity 35368K, committed 35496K, reserved 1079296K
  class space    used 4566K, capacity 4789K, committed 4864K, reserved 1048576K
}
Event: 4.891 GC heap before
{Heap before GC invocations=7 (full 2):
 PSYoungGen      total 133632K, used 11637K [0x0000000758500000, 0x0000000764880000, 0x00000007c0000000)
  eden space 120320K, 0% used [0x0000000758500000,0x0000000758500000,0x000000075fa80000)
  from space 13312K, 87% used [0x000000075fa80000,0x00000007605dd5e8,0x0000000760780000)
  to   space 12800K, 0% used [0x0000000763c00000,0x0000000763c00000,0x0000000764880000)
 ParOldGen       total 122368K, used 9577K [0x0000000688e00000, 0x0000000690580000, 0x0000000758500000)
  object space 122368K, 7% used [0x0000000688e00000,0x000000068975a4b0,0x0000000690580000)
 Metaspace       used 34575K, capacity 35368K, committed 35496K, reserved 1079296K
  class space    used 4566K, capacity 4789K, committed 4864K, reserved 1048576K
Event: 4.940 GC heap after
Heap after GC invocations=7 (full 2):
 PSYoungGen      total 133632K, used 0K [0x0000000758500000, 0x0000000764880000, 0x00000007c0000000)
  eden space 120320K, 0% used [0x0000000758500000,0x0000000758500000,0x000000075fa80000)
  from space 13312K, 0% used [0x000000075fa80000,0x000000075fa80000,0x0000000760780000)
  to   space 12800K, 0% used [0x0000000763c00000,0x0000000763c00000,0x0000000764880000)
 ParOldGen       total 181248K, used 16531K [0x0000000688e00000, 0x0000000693f00000, 0x0000000758500000)
  object space 181248K, 9% used [0x0000000688e00000,0x0000000689e24e20,0x0000000693f00000)
 Metaspace       used 34575K, capacity 35368K, committed 35496K, reserved 1079296K
  class space    used 4566K, capacity 4789K, committed 4864K, reserved 1048576K
}

Deoptimization events (10 events):
Event: 254.178 Thread 0x000000001f969000 Uncommon trap: reason=unstable_if action=reinterpret pc=0x00000000033ebacc method=com.sun.javafx.image.impl.BaseByteToByteConverter$FourByteReorderer.doConvert([BII[BIIII)V @ 31
Event: 254.202 Thread 0x000000001f969000 Uncommon trap: reason=array_check action=maybe_recompile pc=0x00000000035dcd98 method=com.sun.javafx.css.SimpleSelector.applies(Ljavafx/css/Styleable;[Ljava/util/Set;I)Z @ 37
Event: 254.202 Thread 0x000000001f969000 Uncommon trap: reason=array_check action=maybe_recompile pc=0x00000000035e6408 method=com.sun.javafx.css.SimpleSelector.applies(Ljavafx/css/Styleable;[Ljava/util/Set;I)Z @ 37
Event: 254.202 Thread 0x000000001f969000 Uncommon trap: reason=array_check action=maybe_recompile pc=0x00000000035e6408 method=com.sun.javafx.css.SimpleSelector.applies(Ljavafx/css/Styleable;[Ljava/util/Set;I)Z @ 37
Event: 254.202 Thread 0x000000001f969000 Uncommon trap: reason=array_check action=maybe_recompile pc=0x00000000035e6408 method=com.sun.javafx.css.SimpleSelector.applies(Ljavafx/css/Styleable;[Ljava/util/Set;I)Z @ 37
Event: 254.203 Thread 0x000000001f969000 Uncommon trap: reason=array_check action=maybe_recompile pc=0x00000000035dcd98 method=com.sun.javafx.css.SimpleSelector.applies(Ljavafx/css/Styleable;[Ljava/util/Set;I)Z @ 37
Event: 254.256 Thread 0x000000001f969000 Uncommon trap: reason=unstable_if action=reinterpret pc=0x0000000003559ff0 method=com.sun.javafx.tk.quantum.QuantumToolkit.pulse(Z)V @ 101
Event: 254.274 Thread 0x000000002024c000 Uncommon trap: reason=unstable_if action=reinterpret pc=0x000000000353b0f4 method=java.util.concurrent.LinkedBlockingDeque.linkLast(Ljava/util/concurrent/LinkedBlockingDeque$Node;)Z @ 32
Event: 254.285 Thread 0x000000001f969000 Uncommon trap: reason=unstable_if action=reinterpret pc=0x00000000035f7b38 method=com.sun.scenario.animation.shared.InfiniteClipEnvelope.timePulse(J)V @ 63
Event: 254.285 Thread 0x000000001f969000 Uncommon trap: reason=unstable_if action=reinterpret pc=0x00000000028b2db8 method=com.sun.scenario.animation.shared.InfiniteClipEnvelope.timePulse(J)V @ 63

Internal exceptions (10 events):
Event: 193.758 Thread 0x0000000023932800 Exception <a 'java/io/FileNotFoundException'> (0x0000000759e25c38) thrown at [C:\re\workspace\8-2-build-windows-amd64-cygwin\jdk8u60\4407\hotspot\src\share\vm\prims\jni.cpp, line 709]
Event: 193.916 Thread 0x0000000023932800 Exception <a 'java/io/FileNotFoundException'> (0x0000000759e3bf98) thrown at [C:\re\workspace\8-2-build-windows-amd64-cygwin\jdk8u60\4407\hotspot\src\share\vm\prims\jni.cpp, line 709]
Event: 214.111 Thread 0x0000000023932800 Exception <a 'java/io/FileNotFoundException'> (0x0000000759e4ea80) thrown at [C:\re\workspace\8-2-build-windows-amd64-cygwin\jdk8u60\4407\hotspot\src\share\vm\prims\jni.cpp, line 709]
Event: 214.267 Thread 0x0000000023932800 Exception <a 'java/io/FileNotFoundException'> (0x0000000759e64de0) thrown at [C:\re\workspace\8-2-build-windows-amd64-cygwin\jdk8u60\4407\hotspot\src\share\vm\prims\jni.cpp, line 709]
Event: 234.463 Thread 0x0000000023932800 Exception <a 'java/io/FileNotFoundException'> (0x0000000759e777b8) thrown at [C:\re\workspace\8-2-build-windows-amd64-cygwin\jdk8u60\4407\hotspot\src\share\vm\prims\jni.cpp, line 709]
Event: 234.621 Thread 0x0000000023932800 Exception <a 'java/io/FileNotFoundException'> (0x0000000759e8db18) thrown at [C:\re\workspace\8-2-build-windows-amd64-cygwin\jdk8u60\4407\hotspot\src\share\vm\prims\jni.cpp, line 709]
Event: 254.283 Thread 0x0000000024043000 Exception <a 'java/io/FileNotFoundException'> (0x000000075af94750) thrown at [C:\re\workspace\8-2-build-windows-amd64-cygwin\jdk8u60\4407\hotspot\src\share\vm\prims\jni.cpp, line 709]
Event: 254.446 Thread 0x0000000024043000 Exception <a 'java/io/FileNotFoundException'> (0x000000075afaaab0) thrown at [C:\re\workspace\8-2-build-windows-amd64-cygwin\jdk8u60\4407\hotspot\src\share\vm\prims\jni.cpp, line 709]
Event: 254.817 Thread 0x0000000023932800 Exception <a 'java/io/FileNotFoundException'> (0x000000075a15d7c0) thrown at [C:\re\workspace\8-2-build-windows-amd64-cygwin\jdk8u60\4407\hotspot\src\share\vm\prims\jni.cpp, line 709]
Event: 254.958 Thread 0x0000000023932800 Exception <a 'java/io/FileNotFoundException'> (0x000000075a173b20) thrown at [C:\re\workspace\8-2-build-windows-amd64-cygwin\jdk8u60\4407\hotspot\src\share\vm\prims\jni.cpp, line 709]

Events (10 events):
Event: 256.285 Thread 0x000000001dfd8800 flushing nmethod 0x0000000002af1d90
Event: 256.285 Thread 0x000000001dfd8800 flushing nmethod 0x0000000002affbd0
Event: 256.285 Thread 0x000000001dfd8800 flushing nmethod 0x0000000002b00e90
Event: 256.285 Thread 0x000000001dfd8800 flushing nmethod 0x0000000002b01450
Event: 256.285 Thread 0x000000001dfd8800 flushing nmethod 0x0000000002b01910
Event: 256.285 Thread 0x000000001dfd8800 flushing nmethod 0x0000000002b02610
Event: 256.285 Thread 0x000000001dfd8800 flushing nmethod 0x0000000002b039d0
Event: 256.959 Thread 0x000000002bb5d800 Thread added: 0x000000002bb5d800
Event: 259.965 Thread 0x000000002bb5d800 Thread exited: 0x000000002bb5d800
Event: 260.002 Thread 0x000000002bb5d800 Thread added: 0x000000002bb5d800


Dynamic libraries:
0x000000013f7a0000 - 0x000000013f7d7000 	C:\Program Files\Java\jdk1.8.0_60\jre\bin\java.exe
0x0000000077ac0000 - 0x0000000077c69000 	C:\windows\SYSTEM32\ntdll.dll
0x00000000779a0000 - 0x0000000077abf000 	C:\windows\system32\kernel32.dll
0x000007fefdb20000 - 0x000007fefdb8c000 	C:\windows\system32\KERNELBASE.dll
0x000007fefe7d0000 - 0x000007fefe8ab000 	C:\windows\system32\ADVAPI32.dll
0x000007fefdf10000 - 0x000007fefdfaf000 	C:\windows\system32\msvcrt.dll
0x000007fefe620000 - 0x000007fefe63f000 	C:\windows\SYSTEM32\sechost.dll
0x000007fefdde0000 - 0x000007fefdf0d000 	C:\windows\system32\RPCRT4.dll
0x00000000778a0000 - 0x000000007799a000 	C:\windows\system32\USER32.dll
0x000007fefeda0000 - 0x000007fefee07000 	C:\windows\system32\GDI32.dll
0x000007feffca0000 - 0x000007feffcae000 	C:\windows\system32\LPK.dll
0x000007fefdd10000 - 0x000007fefddd9000 	C:\windows\system32\USP10.dll
0x000007fefc1e0000 - 0x000007fefc3d4000 	C:\windows\WinSxS\amd64_microsoft.windows.common-controls_6595b64144ccf1df_6.0.7601.17514_none_fa396087175ac9ac\COMCTL32.dll
0x000007feffcb0000 - 0x000007feffd21000 	C:\windows\system32\SHLWAPI.dll
0x000007fefe3e0000 - 0x000007fefe40e000 	C:\windows\system32\IMM32.DLL
0x000007fefec80000 - 0x000007fefed89000 	C:\windows\system32\MSCTF.dll
0x0000000072ee0000 - 0x0000000072fb2000 	C:\Program Files\Java\jdk1.8.0_60\jre\bin\msvcr100.dll
0x00000000681c0000 - 0x0000000068a49000 	C:\Program Files\Java\jdk1.8.0_60\jre\bin\server\jvm.dll
0x000007fef4e10000 - 0x000007fef4e19000 	C:\windows\system32\WSOCK32.dll
0x000007fefdcc0000 - 0x000007fefdd0d000 	C:\windows\system32\WS2_32.dll
0x000007fefed90000 - 0x000007fefed98000 	C:\windows\system32\NSI.dll
0x000007fefa440000 - 0x000007fefa47b000 	C:\windows\system32\WINMM.dll
0x000007fefc7c0000 - 0x000007fefc7cc000 	C:\windows\system32\VERSION.dll
0x0000000077c80000 - 0x0000000077c87000 	C:\windows\system32\PSAPI.DLL
0x0000000072ed0000 - 0x0000000072edf000 	C:\Program Files\Java\jdk1.8.0_60\jre\bin\verify.dll
0x0000000072ea0000 - 0x0000000072ec9000 	C:\Program Files\Java\jdk1.8.0_60\jre\bin\java.dll
0x0000000072990000 - 0x00000000729a6000 	C:\Program Files\Java\jdk1.8.0_60\jre\bin\zip.dll
0x000007fefeeb0000 - 0x000007feffc39000 	C:\windows\system32\SHELL32.dll
0x000007fefe410000 - 0x000007fefe613000 	C:\windows\system32\ole32.dll
0x000007fefd890000 - 0x000007fefd89f000 	C:\windows\system32\profapi.dll
0x000007fee9920000 - 0x000007fee9a0f000 	C:\Program Files\Java\jdk1.8.0_60\jre\bin\msvcr120.dll
0x000007feeadf0000 - 0x000007feeae96000 	C:\Program Files\Java\jdk1.8.0_60\jre\bin\msvcp120.dll
0x00000000731b0000 - 0x00000000731d3000 	C:\Program Files\Java\jdk1.8.0_60\jre\bin\prism_d3d.dll
0x000007feed030000 - 0x000007feed22f000 	C:\windows\system32\d3d9.dll
0x000007fefb620000 - 0x000007fefb627000 	C:\windows\system32\d3d8thk.dll
0x000007fefbbd0000 - 0x000007fefbbe8000 	C:\windows\system32\dwmapi.dll
0x000007fefc000000 - 0x000007fefc056000 	C:\windows\system32\uxtheme.dll
0x000007feed7f0000 - 0x000007feee041000 	C:\windows\system32\igdumdim64.dll
0x000007fef5330000 - 0x000007fef5763000 	C:\windows\system32\igdusc64.dll
0x000000006e690000 - 0x000000006e6d3000 	C:\Program Files\Java\jdk1.8.0_60\jre\bin\glass.dll
0x000007fefee10000 - 0x000007fefeea7000 	C:\windows\system32\COMDLG32.dll
0x000007fefe8b0000 - 0x000007fefe987000 	C:\windows\system32\OLEAUT32.dll
0x000007fefd720000 - 0x000007fefd72f000 	C:\windows\system32\CRYPTBASE.dll
0x00000000731f0000 - 0x0000000073204000 	C:\Program Files\Java\jdk1.8.0_60\jre\bin\javafx_font.dll
0x000007feee480000 - 0x000007feee616000 	C:\windows\system32\dwrite.dll
0x000007feffd30000 - 0x000007feffdc9000 	C:\windows\system32\CLBCatQ.DLL
0x000007fefba20000 - 0x000007fefbb81000 	C:\windows\system32\WindowsCodecs.dll
0x000007fefd6c0000 - 0x000007fefd717000 	C:\windows\system32\apphelp.dll
0x000007fef5210000 - 0x000007fef52d0000 	C:\Program Files (x86)\Google\Drive\googledrivesync64.dll
0x0000000071f10000 - 0x0000000071fe3000 	C:\Program Files (x86)\Google\Drive\Microsoft.VC90.CRT\MSVCP90.dll
0x0000000071e60000 - 0x0000000071f03000 	C:\Program Files (x86)\Google\Drive\Microsoft.VC90.CRT\MSVCR90.dll
0x000007fef51d0000 - 0x000007fef5205000 	C:\windows\system32\EhStorShell.dll
0x000007fefe200000 - 0x000007fefe3d7000 	C:\windows\system32\SETUPAPI.dll
0x000007fefdbc0000 - 0x000007fefdbf6000 	C:\windows\system32\CFGMGR32.dll
0x000007fefdb00000 - 0x000007fefdb1a000 	C:\windows\system32\DEVOBJ.dll
0x000007fefc060000 - 0x000007fefc18c000 	C:\windows\system32\PROPSYS.dll
0x000007fef3dc0000 - 0x000007fef442f000 	C:\PROGRA~1\MICROS~2\Office14\GROOVEEX.DLL
0x0000000071dc0000 - 0x0000000071e5d000 	C:\windows\WinSxS\amd64_microsoft.vc90.crt_1fc8b3b9a1e18e3b_9.0.30729.4940_none_08e4299fa83d7e3c\MSVCR90.dll
0x0000000071ce0000 - 0x0000000071db3000 	C:\windows\WinSxS\amd64_microsoft.vc90.crt_1fc8b3b9a1e18e3b_9.0.30729.4940_none_08e4299fa83d7e3c\MSVCP90.dll
0x0000000072200000 - 0x000000007222f000 	C:\windows\WinSxS\amd64_microsoft.vc90.atl_1fc8b3b9a1e18e3b_9.0.30729.4148_none_0a1d2fcba76b3f00\ATL90.DLL
0x000007fef39a0000 - 0x000007fef3dba000 	C:\PROGRA~1\COMMON~1\MICROS~1\OFFICE14\Cultures\office.odf
0x000007fef3120000 - 0x000007fef399b000 	C:\PROGRA~1\MICROS~2\Office14\1046\GrooveIntlResource.dll
0x000007fef5150000 - 0x000007fef51ce000 	C:\windows\System32\cscui.dll
0x000007fef6420000 - 0x000007fef642c000 	C:\windows\System32\CSCDLL.dll
0x000007fef8720000 - 0x000007fef872f000 	C:\windows\system32\CSCAPI.dll
0x000007fef50d0000 - 0x000007fef5150000 	C:\windows\system32\ntshrui.dll
0x000007fefd420000 - 0x000007fefd443000 	C:\windows\system32\srvcli.dll
0x000007fefa0a0000 - 0x000007fefa0ab000 	C:\windows\system32\slc.dll
0x000007fef0c30000 - 0x000007fef0c5d000 	C:\Program Files\Common Files\Microsoft Shared\Ink\rtscom.dll
0x0000000073190000 - 0x00000000731a1000 	C:\Program Files\Java\jdk1.8.0_60\jre\bin\prism_common.dll
0x0000000072970000 - 0x000000007298a000 	C:\Program Files\Java\jdk1.8.0_60\jre\bin\net.dll
0x000007fefd060000 - 0x000007fefd0b5000 	C:\windows\system32\mswsock.dll
0x000007fefd050000 - 0x000007fefd057000 	C:\windows\System32\wship6.dll
0x0000000072950000 - 0x0000000072961000 	C:\Program Files\Java\jdk1.8.0_60\jre\bin\nio.dll
0x0000000070670000 - 0x0000000070694000 	C:\Program Files\Java\jdk1.8.0_60\jre\bin\sunec.dll
0x000007fefa230000 - 0x000007fefa245000 	C:\windows\system32\NLAapi.dll
0x000007fef82b0000 - 0x000007fef82c5000 	C:\windows\system32\napinsp.dll
0x000007fef8290000 - 0x000007fef82a9000 	C:\windows\system32\pnrpnsp.dll
0x000007fefcee0000 - 0x000007fefcf3b000 	C:\windows\system32\DNSAPI.dll
0x000007fef8280000 - 0x000007fef828b000 	C:\windows\System32\winrnr.dll
0x000007fefca40000 - 0x000007fefca47000 	C:\windows\System32\wshtcpip.dll
0x000007fef9e80000 - 0x000007fef9ea7000 	C:\windows\system32\IPHLPAPI.DLL
0x000007fef9e60000 - 0x000007fef9e6b000 	C:\windows\system32\WINNSI.DLL
0x000007fef8cd0000 - 0x000007fef8cd8000 	C:\windows\system32\rasadhlp.dll
0x000007fef9cf0000 - 0x000007fef9d43000 	C:\windows\System32\fwpuclnt.dll
0x000007fefd0c0000 - 0x000007fefd0d8000 	C:\windows\system32\CRYPTSP.dll
0x000007fefcdc0000 - 0x000007fefce07000 	C:\windows\system32\rsaenh.dll
0x000007fefda40000 - 0x000007fefda5e000 	C:\windows\system32\USERENV.dll
0x000007fef9c70000 - 0x000007fef9c81000 	C:\windows\system32\dhcpcsvc6.DLL
0x000007fef9c50000 - 0x000007fef9c68000 	C:\windows\system32\dhcpcsvc.DLL
0x000007feee620000 - 0x000007feee9e4000 	C:\windows\system32\d2d1.dll
0x000007fef5940000 - 0x000007fef5b15000 	C:\windows\system32\d3d11.dll
0x000007fef5b20000 - 0x000007fef5b7d000 	C:\windows\system32\dxgi.dll
0x000007feee200000 - 0x000007feee479000 	C:\windows\system32\D3D10Warp.dll
0x000007fefdc00000 - 0x000007fefdc3b000 	C:\windows\system32\WINTRUST.dll
0x000007fefd8b0000 - 0x000007fefda1d000 	C:\windows\system32\CRYPT32.dll
0x000007fefd880000 - 0x000007fefd88f000 	C:\windows\system32\MSASN1.dll
0x0000000180000000 - 0x0000000180025000 	C:\Users\OCTI01\Projetos\NetBeansProjects 10 Simulado\QuadroDeHorarioFX\rxtxSerial.dll
0x0000000001d80000 - 0x0000000001d9a000 	C:\Users\OCTI01\Projetos\NetBeansProjects 10 Simulado\QuadroDeHorarioFX\rxtxParallel.dll
0x000007fef85f0000 - 0x000007fef8715000 	C:\windows\system32\dbghelp.dll

VM Arguments:
jvm_args: -Dfile.encoding=UTF-8 
java_command: C:\Users\OCTI01\Projetos\NetBeansProjects 10 Simulado\QuadroDeHorarioFX\dist\run2077099296\QuadroDeHorarioFX.jar
java_class_path (initial): C:\Users\OCTI01\Projetos\NetBeansProjects 10 Simulado\QuadroDeHorarioFX\dist\run2077099296\QuadroDeHorarioFX.jar
Launcher Type: SUN_STANDARD

Environment Variables:
JAVA_HOME=C:\Program Files\Java\jdk1.8.0_40
CLASSPATH=.;JAVA_HOME
PATH=C:\ProgramData\Oracle\Java\javapath;C:\Program Files (x86)\Intel\iCLS Client\;C:\Program Files\Intel\iCLS Client\;C:\windows\system32;C:\windows;C:\windows\System32\Wbem;C:\windows\System32\WindowsPowerShell\v1.0\;C:\Program Files\Intel\Intel(R) Management Engine Components\DAL;C:\Program Files\Intel\Intel(R) Management Engine Components\IPT;C:\Program Files (x86)\Intel\Intel(R) Management Engine Components\DAL;C:\Program Files (x86)\Intel\Intel(R) Management Engine Components\IPT;C:\Program Files (x86)\Intel\OpenCL SDK\2.0\bin\x86;C:\Program Files (x86)\Intel\OpenCL SDK\2.0\bin\x64;C:\Program Files\MySQL\MySQL Server 5.6\bin;C:\Program Files\Java\jre1.8.0_40\bin;C:\Program Files\Java\jdk1.8.0_40\bin;C:\Program Files (x86)\MySQL\MySQL Utilities 1.4.4\;C:\Program Files (x86)\MySQL\MySQL Utilities 1.4.4\Doctrine extensions for PHP\;C:\Program Files\Java\jdk1.8.0_40\bin
USERNAME=OCTI01
OS=Windows_NT
PROCESSOR_IDENTIFIER=Intel64 Family 6 Model 58 Stepping 9, GenuineIntel



---------------  S Y S T E M  ---------------

OS: Windows 7 , 64 bit Build 7601 (6.1.7601.18409)

CPU:total 4 (4 cores per cpu, 1 threads per core) family 6 model 58 stepping 9, cmov, cx8, fxsr, mmx, sse, sse2, sse3, ssse3, sse4.1, sse4.2, popcnt, avx, aes, clmul, erms, tsc, tscinvbit, tscinv

Memory: 4k page, physical 20384892k(14410888k free), swap 40767928k(33991372k free)

vm_info: Java HotSpot(TM) 64-Bit Server VM (25.60-b23) for windows-amd64 JRE (1.8.0_60-b27), built on Aug  4 2015 11:06:27 by "java_re" with MS VC++ 10.0 (VS2010)

time: Wed Sep 30 15:11:39 2015
elapsed time: 260 seconds (0d 0h 4m 20s)

