#
# A fatal error has been detected by the Java Runtime Environment:
#
#  EXCEPTION_ACCESS_VIOLATION (0xc0000005) at pc=0x0000000180005b6b, pid=5968, tid=3996
#
# JRE version: Java(TM) SE Runtime Environment (8.0_60-b27) (build 1.8.0_60-b27)
# Java VM: Java HotSpot(TM) 64-Bit Server VM (25.60-b23 mixed mode windows-amd64 compressed oops)
# Problematic frame:
# C  [rxtxSerial.dll+0x5b6b]
#
# Failed to write core dump. Minidumps are not enabled by default on client versions of Windows
#
# If you would like to submit a bug report, please visit:
#   http://bugreport.java.com/bugreport/crash.jsp
# The crash happened outside the Java Virtual Machine in native code.
# See problematic frame for where to report the bug.
#

---------------  T H R E A D  ---------------

Current thread (0x0000000023126800):  JavaThread "Thread-7" [_thread_in_native, id=3996, stack(0x000000002c1d0000,0x000000002c2d0000)]

siginfo: ExceptionCode=0xc0000005, writing address 0x000000002ca4f388

Registers:
RAX=0x0000000000000000, RBX=0x0000000000000000, RCX=0x0000000077b115fa, RDX=0x0000000000000000
RSP=0x000000002c2ce1e0, RBP=0x00000000ffffffff, RSI=0x0000000000000015, RDI=0x0000000000000001
R8 =0x000000002c2ce138, R9 =0x00000000ffffffff, R10=0x0000000000000000, R11=0x0000000000000246
R12=0x000000002ca4f380, R13=0x0000000000000001, R14=0x0000000000000001, R15=0x0000000000000000
RIP=0x0000000180005b6b, EFLAGS=0x0000000000010246

Top of Stack: (sp=0x000000002c2ce1e0)
0x000000002c2ce1e0:   0000000000000000 0000000000000000
0x000000002c2ce1f0:   0000000000000000 0000000000000000
0x000000002c2ce200:   0000000023126800 000000002c2ce638
0x000000002c2ce210:   000000002c2ce4a0 000000002c2ce310
0x000000002c2ce220:   ffffffffffffffff 0000000000000002
0x000000002c2ce230:   0000000028a946c8 0000000180005f3f
0x000000002c2ce240:   00000000231269f8 00000000231269f8
0x000000002c2ce250:   0000000000000002 000000002c2ce270
0x000000002c2ce260:   0000000700000001 00000007ffffffff
0x000000002c2ce270:   000000075b0c8b90 000000002c2ce310
0x000000002c2ce280:   00000000eb619182 000000075b0c8d18
0x000000002c2ce290:   0000000000000002 000000002c2ce2b0
0x000000002c2ce2a0:   0000000000000000 000000000368d63c
0x000000002c2ce2b0:   00000007c00a4958 000000075b0c8ce8
0x000000002c2ce2c0:   0000fbabd1d66da0 000000075b0c8b90
0x000000002c2ce2d0:   0000000000000000 00000000ffffffff 

Instructions: (pc=0x0000000180005b6b)
0x0000000180005b4b:   31 00 00 85 c0 78 33 74 06 03 d8 2b f8 eb 0a b9
0x0000000180005b5b:   e8 03 00 00 e8 1c 1c 00 00 41 3b dd 7c b7 8b c3
0x0000000180005b6b:   45 89 74 24 08 48 8b 5c 24 60 48 83 c4 20 41 5f
0x0000000180005b7b:   41 5e 41 5d 41 5c 5f 5e 5d c3 e8 1e 61 00 00 83 


Register to memory mapping:

RAX=0x0000000000000000 is an unknown value
RBX=0x0000000000000000 is an unknown value
RCX=0x0000000077b115fa is an unknown value
RDX=0x0000000000000000 is an unknown value
RSP=0x000000002c2ce1e0 is pointing into the stack for thread: 0x0000000023126800
RBP=0x00000000ffffffff is an unknown value
RSI=0x0000000000000015 is an unknown value
RDI=0x0000000000000001 is an unknown value
R8 =0x000000002c2ce138 is pointing into the stack for thread: 0x0000000023126800
R9 =0x00000000ffffffff is an unknown value
R10=0x0000000000000000 is an unknown value
R11=0x0000000000000246 is an unknown value
R12=0x000000002ca4f380 is an unknown value
R13=0x0000000000000001 is an unknown value
R14=0x0000000000000001 is an unknown value
R15=0x0000000000000000 is an unknown value


Stack: [0x000000002c1d0000,0x000000002c2d0000],  sp=0x000000002c2ce1e0,  free space=1016k
Native frames: (J=compiled Java code, j=interpreted, Vv=VM code, C=native code)
C  [rxtxSerial.dll+0x5b6b]
C  [rxtxSerial.dll+0x5f3f]
C  0x000000000367cbf9

Java frames: (J=compiled Java code, j=interpreted, Vv=VM code)
J 4725  gnu.io.RXTXPort.readByte()I (0 bytes) @ 0x000000000367cb7b [0x000000000367cb40+0x3b]
J 4748 C2 gnu.io.RXTXPort$SerialInputStream.read()I (167 bytes) @ 0x0000000002b00b74 [0x0000000002b00a40+0x134]
J 4749 C2 gnu.io.RXTXPort.sendEvent(IZ)Z (412 bytes) @ 0x000000000368f3d0 [0x000000000368e9e0+0x9f0]
v  ~StubRoutines::call_stub
j  gnu.io.RXTXPort.eventLoop()V+0
j  gnu.io.RXTXPort$MonitorThread.run()V+12
v  ~StubRoutines::call_stub

---------------  P R O C E S S  ---------------

Java Threads: ( => current thread )
  0x0000000023128800 JavaThread "Thread-8" [_thread_blocked, id=1760, stack(0x0000000022680000,0x0000000022780000)]
=>0x0000000023126800 JavaThread "Thread-7" [_thread_in_native, id=3996, stack(0x000000002c1d0000,0x000000002c2d0000)]
  0x0000000023124000 JavaThread "pool-2-thread-1" [_thread_blocked, id=5408, stack(0x0000000028010000,0x0000000028110000)]
  0x0000000023123800 JavaThread "Abandoned connection cleanup thread" daemon [_thread_blocked, id=4252, stack(0x0000000027620000,0x0000000027720000)]
  0x0000000022ff4000 JavaThread "Prism Font Disposer" daemon [_thread_blocked, id=3352, stack(0x0000000025de0000,0x0000000025ee0000)]
  0x00000000202cd800 JavaThread "Thread-3" daemon [_thread_in_native, id=4412, stack(0x00000000229d0000,0x0000000022ad0000)]
  0x00000000202e5800 JavaThread "JavaFX-Launcher" [_thread_blocked, id=5764, stack(0x0000000022c80000,0x0000000022d80000)]
  0x0000000020276000 JavaThread "JavaFX Application Thread" [_thread_blocked, id=4476, stack(0x0000000021020000,0x0000000021120000)]
  0x000000002027e800 JavaThread "Thread-1" daemon [_thread_blocked, id=3620, stack(0x0000000020dc0000,0x0000000020ec0000)]
  0x000000001f606800 JavaThread "Service Thread" daemon [_thread_blocked, id=6124, stack(0x0000000020020000,0x0000000020120000)]
  0x000000001e428000 JavaThread "C1 CompilerThread2" daemon [_thread_blocked, id=5880, stack(0x000000001fe20000,0x000000001ff20000)]
  0x000000001f58a800 JavaThread "C2 CompilerThread1" daemon [_thread_blocked, id=3632, stack(0x000000001ff20000,0x0000000020020000)]
  0x000000001f583000 JavaThread "C2 CompilerThread0" daemon [_thread_blocked, id=2576, stack(0x000000001fcd0000,0x000000001fdd0000)]
  0x000000001e427800 JavaThread "Attach Listener" daemon [_thread_blocked, id=1640, stack(0x000000001fae0000,0x000000001fbe0000)]
  0x000000001e425000 JavaThread "Signal Dispatcher" daemon [_thread_blocked, id=5228, stack(0x000000001f350000,0x000000001f450000)]
  0x000000001e3cc000 JavaThread "Finalizer" daemon [_thread_blocked, id=4512, stack(0x000000001f480000,0x000000001f580000)]
  0x000000001e3c3000 JavaThread "Reference Handler" daemon [_thread_blocked, id=5780, stack(0x000000001f0f0000,0x000000001f1f0000)]
  0x000000000229f000 JavaThread "main" [_thread_blocked, id=5776, stack(0x00000000024d0000,0x00000000025d0000)]

Other Threads:
  0x000000001e3bd800 VMThread [stack: 0x000000001f1f0000,0x000000001f2f0000] [id=5468]
  0x000000001f62f800 WatcherThread [stack: 0x0000000020120000,0x0000000020220000] [id=2312]

VM state:not at safepoint (normal execution)

VM Mutex/Monitor currently owned by a thread: None

Heap:
 PSYoungGen      total 135680K, used 48267K [0x0000000758500000, 0x0000000764a00000, 0x00000007c0000000)
  eden space 122368K, 39% used [0x0000000758500000,0x000000075b422e90,0x000000075fc80000)
  from space 13312K, 0% used [0x000000075fc80000,0x000000075fc80000,0x0000000760980000)
  to   space 12800K, 0% used [0x0000000763d80000,0x0000000763d80000,0x0000000764a00000)
 ParOldGen       total 177664K, used 16501K [0x0000000688e00000, 0x0000000693b80000, 0x0000000758500000)
  object space 177664K, 9% used [0x0000000688e00000,0x0000000689e1d4f0,0x0000000693b80000)
 Metaspace       used 37234K, capacity 38529K, committed 38696K, reserved 1083392K
  class space    used 5052K, capacity 5316K, committed 5416K, reserved 1048576K

Card table byte_map: [0x0000000011c60000,0x0000000012620000] byte_map_base: 0x000000000e819000

Marking Bits: (ParMarkBitMap*) 0x00000000689ca5b0
 Begin Bits: [0x00000000134e0000, 0x00000000182a8000)
 End Bits:   [0x00000000182a8000, 0x000000001d070000)

Polling page: 0x0000000000230000

CodeCache: size=245760Kb used=13662Kb max_used=14220Kb free=232098Kb
 bounds [0x00000000028a0000, 0x00000000036a0000, 0x00000000118a0000]
 total_blobs=5413 nmethods=4560 adapters=764
 compilation: enabled

Compilation events (10 events):
Event: 373.899 Thread 0x000000001e428000 4760       3       com.sun.javafx.event.EventDispatchChainImpl::ensureCapacity (89 bytes)
Event: 373.900 Thread 0x000000001e428000 nmethod 4760 0x00000000029d7ed0 code [0x00000000029d8060, 0x00000000029d85b8]
Event: 373.931 Thread 0x000000001e428000 4761       3       java.util.EnumMap::unmaskNull (13 bytes)
Event: 373.931 Thread 0x000000001e428000 nmethod 4761 0x00000000029b9410 code [0x00000000029b9560, 0x00000000029b9710]
Event: 374.539 Thread 0x000000001e428000 4762       3       sun.util.locale.LocaleUtils::isAlphaNumeric (20 bytes)
Event: 374.540 Thread 0x000000001e428000 nmethod 4762 0x0000000002b49610 code [0x0000000002b49780, 0x0000000002b49b90]
Event: 374.668 Thread 0x000000001e428000 4763       1       java.util.logging.Logger::getName (5 bytes)
Event: 374.669 Thread 0x000000001e428000 nmethod 4763 0x0000000002a7f750 code [0x0000000002a7f8a0, 0x0000000002a7f9b0]
Event: 374.670 Thread 0x000000001f583000 4764       4       java.util.concurrent.locks.ReentrantLock::unlock (10 bytes)
Event: 374.673 Thread 0x000000001f583000 nmethod 4764 0x0000000002b075d0 code [0x0000000002b07720, 0x0000000002b078a8]

GC Heap History (10 events):
Event: 1.309 GC heap before
{Heap before GC invocations=3 (full 1):
 PSYoungGen      total 93184K, used 9763K [0x0000000758500000, 0x0000000763b00000, 0x00000007c0000000)
  eden space 79872K, 0% used [0x0000000758500000,0x0000000758500000,0x000000075d300000)
  from space 13312K, 73% used [0x000000075e000000,0x000000075e988f50,0x000000075ed00000)
  to   space 13312K, 0% used [0x000000075d300000,0x000000075d300000,0x000000075e000000)
 ParOldGen       total 212992K, used 96K [0x0000000688e00000, 0x0000000695e00000, 0x0000000758500000)
  object space 212992K, 0% used [0x0000000688e00000,0x0000000688e18020,0x0000000695e00000)
 Metaspace       used 20643K, capacity 21222K, committed 21296K, reserved 1067008K
  class space    used 2785K, capacity 2940K, committed 2944K, reserved 1048576K
Event: 1.339 GC heap after
Heap after GC invocations=3 (full 1):
 PSYoungGen      total 93184K, used 0K [0x0000000758500000, 0x0000000763b00000, 0x00000007c0000000)
  eden space 79872K, 0% used [0x0000000758500000,0x0000000758500000,0x000000075d300000)
  from space 13312K, 0% used [0x000000075e000000,0x000000075e000000,0x000000075ed00000)
  to   space 13312K, 0% used [0x000000075d300000,0x000000075d300000,0x000000075e000000)
 ParOldGen       total 120320K, used 9558K [0x0000000688e00000, 0x0000000690380000, 0x0000000758500000)
  object space 120320K, 7% used [0x0000000688e00000,0x0000000689755948,0x0000000690380000)
 Metaspace       used 20643K, capacity 21222K, committed 21296K, reserved 1067008K
  class space    used 2785K, capacity 2940K, committed 2944K, reserved 1048576K
}
Event: 2.198 GC heap before
{Heap before GC invocations=4 (full 1):
 PSYoungGen      total 93184K, used 79872K [0x0000000758500000, 0x0000000763b00000, 0x00000007c0000000)
  eden space 79872K, 100% used [0x0000000758500000,0x000000075d300000,0x000000075d300000)
  from space 13312K, 0% used [0x000000075e000000,0x000000075e000000,0x000000075ed00000)
  to   space 13312K, 0% used [0x000000075d300000,0x000000075d300000,0x000000075e000000)
 ParOldGen       total 120320K, used 9569K [0x0000000688e00000, 0x0000000690380000, 0x0000000758500000)
  object space 120320K, 7% used [0x0000000688e00000,0x0000000689758698,0x0000000690380000)
 Metaspace       used 29138K, capacity 29816K, committed 30208K, reserved 1075200K
  class space    used 3879K, capacity 4077K, committed 4096K, reserved 1048576K
Event: 2.205 GC heap after
Heap after GC invocations=4 (full 1):
 PSYoungGen      total 93184K, used 8615K [0x0000000758500000, 0x0000000761800000, 0x00000007c0000000)
  eden space 79872K, 0% used [0x0000000758500000,0x0000000758500000,0x000000075d300000)
  from space 13312K, 64% used [0x000000075d300000,0x000000075db69ef0,0x000000075e000000)
  to   space 13312K, 0% used [0x0000000760b00000,0x0000000760b00000,0x0000000761800000)
 ParOldGen       total 120320K, used 9577K [0x0000000688e00000, 0x0000000690380000, 0x0000000758500000)
  object space 120320K, 7% used [0x0000000688e00000,0x000000068975a698,0x0000000690380000)
 Metaspace       used 29138K, capacity 29816K, committed 30208K, reserved 1075200K
  class space    used 3879K, capacity 4077K, committed 4096K, reserved 1048576K
}
Event: 5.032 GC heap before
{Heap before GC invocations=5 (full 1):
 PSYoungGen      total 93184K, used 87338K [0x0000000758500000, 0x0000000761800000, 0x00000007c0000000)
  eden space 79872K, 98% used [0x0000000758500000,0x000000075d1e0ab8,0x000000075d300000)
  from space 13312K, 64% used [0x000000075d300000,0x000000075db69ef0,0x000000075e000000)
  to   space 13312K, 0% used [0x0000000760b00000,0x0000000760b00000,0x0000000761800000)
 ParOldGen       total 120320K, used 9577K [0x0000000688e00000, 0x0000000690380000, 0x0000000758500000)
  object space 120320K, 7% used [0x0000000688e00000,0x000000068975a698,0x0000000690380000)
 Metaspace       used 33764K, capacity 34540K, committed 34944K, reserved 1079296K
  class space    used 4420K, capacity 4621K, committed 4736K, reserved 1048576K
Event: 5.044 GC heap after
Heap after GC invocations=5 (full 1):
 PSYoungGen      total 130560K, used 11681K [0x0000000758500000, 0x0000000761680000, 0x00000007c0000000)
  eden space 118784K, 0% used [0x0000000758500000,0x0000000758500000,0x000000075f900000)
  from space 11776K, 99% used [0x0000000760b00000,0x0000000761668668,0x0000000761680000)
  to   space 13312K, 0% used [0x000000075fc80000,0x000000075fc80000,0x0000000760980000)
 ParOldGen       total 120320K, used 9593K [0x0000000688e00000, 0x0000000690380000, 0x0000000758500000)
  object space 120320K, 7% used [0x0000000688e00000,0x000000068975e698,0x0000000690380000)
 Metaspace       used 33764K, capacity 34540K, committed 34944K, reserved 1079296K
  class space    used 4420K, capacity 4621K, committed 4736K, reserved 1048576K
}
Event: 5.470 GC heap before
{Heap before GC invocations=6 (full 1):
 PSYoungGen      total 130560K, used 23493K [0x0000000758500000, 0x0000000761680000, 0x00000007c0000000)
  eden space 118784K, 9% used [0x0000000758500000,0x0000000759088e78,0x000000075f900000)
  from space 11776K, 99% used [0x0000000760b00000,0x0000000761668668,0x0000000761680000)
  to   space 13312K, 0% used [0x000000075fc80000,0x000000075fc80000,0x0000000760980000)
 ParOldGen       total 120320K, used 9593K [0x0000000688e00000, 0x0000000690380000, 0x0000000758500000)
  object space 120320K, 7% used [0x0000000688e00000,0x000000068975e698,0x0000000690380000)
 Metaspace       used 34470K, capacity 35323K, committed 35496K, reserved 1079296K
  class space    used 4551K, capacity 4776K, committed 4776K, reserved 1048576K
Event: 5.479 GC heap after
Heap after GC invocations=6 (full 1):
 PSYoungGen      total 135680K, used 11653K [0x0000000758500000, 0x0000000764a00000, 0x00000007c0000000)
  eden space 122368K, 0% used [0x0000000758500000,0x0000000758500000,0x000000075fc80000)
  from space 13312K, 87% used [0x000000075fc80000,0x00000007607e15e8,0x0000000760980000)
  to   space 12800K, 0% used [0x0000000763d80000,0x0000000763d80000,0x0000000764a00000)
 ParOldGen       total 120320K, used 9601K [0x0000000688e00000, 0x0000000690380000, 0x0000000758500000)
  object space 120320K, 7% used [0x0000000688e00000,0x0000000689760698,0x0000000690380000)
 Metaspace       used 34470K, capacity 35323K, committed 35496K, reserved 1079296K
  class space    used 4551K, capacity 4776K, committed 4776K, reserved 1048576K
}
Event: 5.479 GC heap before
{Heap before GC invocations=7 (full 2):
 PSYoungGen      total 135680K, used 11653K [0x0000000758500000, 0x0000000764a00000, 0x00000007c0000000)
  eden space 122368K, 0% used [0x0000000758500000,0x0000000758500000,0x000000075fc80000)
  from space 13312K, 87% used [0x000000075fc80000,0x00000007607e15e8,0x0000000760980000)
  to   space 12800K, 0% used [0x0000000763d80000,0x0000000763d80000,0x0000000764a00000)
 ParOldGen       total 120320K, used 9601K [0x0000000688e00000, 0x0000000690380000, 0x0000000758500000)
  object space 120320K, 7% used [0x0000000688e00000,0x0000000689760698,0x0000000690380000)
 Metaspace       used 34470K, capacity 35323K, committed 35496K, reserved 1079296K
  class space    used 4551K, capacity 4776K, committed 4776K, reserved 1048576K
Event: 5.530 GC heap after
Heap after GC invocations=7 (full 2):
 PSYoungGen      total 135680K, used 0K [0x0000000758500000, 0x0000000764a00000, 0x00000007c0000000)
  eden space 122368K, 0% used [0x0000000758500000,0x0000000758500000,0x000000075fc80000)
  from space 13312K, 0% used [0x000000075fc80000,0x000000075fc80000,0x0000000760980000)
  to   space 12800K, 0% used [0x0000000763d80000,0x0000000763d80000,0x0000000764a00000)
 ParOldGen       total 177664K, used 16501K [0x0000000688e00000, 0x0000000693b80000, 0x0000000758500000)
  object space 177664K, 9% used [0x0000000688e00000,0x0000000689e1d4f0,0x0000000693b80000)
 Metaspace       used 34470K, capacity 35323K, committed 35496K, reserved 1079296K
  class space    used 4551K, capacity 4776K, committed 4776K, reserved 1048576K
}

Deoptimization events (10 events):
Event: 3.228 Thread 0x0000000020276000 Uncommon trap: reason=class_check action=maybe_recompile pc=0x000000000335d30c method=java.util.Hashtable.put(Ljava/lang/Object;Ljava/lang/Object;)Ljava/lang/Object; @ 60
Event: 3.228 Thread 0x0000000020276000 Uncommon trap: reason=class_check action=maybe_recompile pc=0x000000000335d30c method=java.util.Hashtable.put(Ljava/lang/Object;Ljava/lang/Object;)Ljava/lang/Object; @ 60
Event: 5.305 Thread 0x000000001f97d800 Uncommon trap: reason=class_check action=maybe_recompile pc=0x0000000002cf26a0 method=java.util.concurrent.ConcurrentHashMap.putVal(Ljava/lang/Object;Ljava/lang/Object;Z)Ljava/lang/Object; @ 192
Event: 5.599 Thread 0x0000000020276000 Uncommon trap: reason=unstable_if action=reinterpret pc=0x000000000337f984 method=java.net.URL.<init>(Ljava/net/URL;Ljava/lang/String;Ljava/net/URLStreamHandler;)V @ 347
Event: 5.658 Thread 0x0000000020276000 Uncommon trap: reason=unstable_if action=reinterpret pc=0x000000000350a550 method=com.sun.javafx.css.BitSet.add(Ljava/lang/Object;)Z @ 91
Event: 5.721 Thread 0x0000000020276000 Uncommon trap: reason=unstable_if action=reinterpret pc=0x00000000035b9f7c method=java.lang.StrictMath.floorOrCeil(DDDD)D @ 14
Event: 5.733 Thread 0x0000000020276000 Uncommon trap: reason=unstable_if action=reinterpret pc=0x0000000003571ce4 method=jdk.internal.org.objectweb.asm.Item.isEqualTo(Ljdk/internal/org/objectweb/asm/Item;)Z @ 331
Event: 5.743 Thread 0x000000001f97d800 Uncommon trap: reason=unstable_if action=reinterpret pc=0x00000000031fd100 method=com.sun.javafx.geom.transform.AffineBase.updateState2D()V @ 51
Event: 5.743 Thread 0x000000001f97d800 Uncommon trap: reason=unstable_if action=reinterpret pc=0x0000000002f14e00 method=com.sun.javafx.geom.transform.AffineBase.updateState2D()V @ 51
Event: 374.670 Thread 0x0000000023129800 Uncommon trap: reason=unstable_if action=reinterpret pc=0x0000000003622e44 method=java.util.concurrent.locks.ReentrantLock$Sync.tryRelease(I)Z @ 28

Internal exceptions (10 events):
Event: 0.930 Thread 0x00000000209c5000 Exception <a 'java/lang/ClassNotFoundException': org/apache/log4j/ConsoleAppenderCustomizer> (0x000000075c2090f0) thrown at [C:\re\workspace\8-2-build-windows-amd64-cygwin\jdk8u60\4407\hotspot\src\share\vm\classfile\systemDictionary.cpp, line 210]
Event: 0.934 Thread 0x00000000209c5000 Implicit null exception at 0x0000000002ab51d6 to 0x0000000002ab5519
Event: 1.491 Thread 0x00000000209c5000 Implicit null exception at 0x0000000002cca117 to 0x0000000002cca4a5
Event: 1.717 Thread 0x00000000209c5000 Exception <a 'java/lang/NullPointerException'> (0x000000075a1ee868) thrown at [C:\re\workspace\8-2-build-windows-amd64-cygwin\jdk8u60\4407\hotspot\src\share\vm\runtime\reflection.cpp, line 922]
Event: 3.218 Thread 0x0000000020276000 Implicit null exception at 0x0000000002bcc5f5 to 0x0000000002bcc821
Event: 5.820 Thread 0x0000000023125800 Exception <a 'java/io/FileNotFoundException'> (0x0000000758def908) thrown at [C:\re\workspace\8-2-build-windows-amd64-cygwin\jdk8u60\4407\hotspot\src\share\vm\prims\jni.cpp, line 709]
Event: 5.977 Thread 0x0000000023125800 Exception <a 'java/io/FileNotFoundException'> (0x0000000758e06208) thrown at [C:\re\workspace\8-2-build-windows-amd64-cygwin\jdk8u60\4407\hotspot\src\share\vm\prims\jni.cpp, line 709]
Event: 9.033 Thread 0x0000000023125800 Exception <a 'java/io/FileNotFoundException'> (0x0000000758e35ee0) thrown at [C:\re\workspace\8-2-build-windows-amd64-cygwin\jdk8u60\4407\hotspot\src\share\vm\prims\jni.cpp, line 709]
Event: 9.058 Thread 0x0000000023125800 Exception <a 'java/io/FileNotFoundException'> (0x000000075921a4c0) thrown at [C:\re\workspace\8-2-build-windows-amd64-cygwin\jdk8u60\4407\hotspot\src\share\vm\prims\jni.cpp, line 709]
Event: 374.670 Thread 0x0000000023129800 Exception <a 'java/lang/IllegalStateException'> (0x000000075b3903e0) thrown at [C:\re\workspace\8-2-build-windows-amd64-cygwin\jdk8u60\4407\hotspot\src\share\vm\prims\jvm.cpp, line 1390]

Events (10 events):
Event: 374.670 Thread 0x0000000023129800 Uncommon trap: trap_request=0xffffff65 fr.pc=0x0000000003622e44
Event: 374.670 Thread 0x0000000023129800 DEOPT PACKING pc=0x0000000003622e44 sp=0x000000002288e190
Event: 374.670 Thread 0x0000000023129800 DEOPT UNPACKING pc=0x00000000028e582a sp=0x000000002288e118 mode 2
Event: 374.670 loading class com/sun/javafx/tk/quantum/QuantumToolkit
Event: 374.670 loading class com/sun/javafx/tk/quantum/QuantumToolkit done
Event: 374.670 Thread 0x0000000023129800 Thread exited: 0x0000000023129800
Event: 374.677 Thread 0x0000000023127000 Thread exited: 0x0000000023127000
Event: 374.677 Executing VM operation: RevokeBias
Event: 374.677 Executing VM operation: RevokeBias done
Event: 374.685 Thread 0x000000001f97d800 Thread exited: 0x000000001f97d800


Dynamic libraries:
0x000000013f840000 - 0x000000013f877000 	C:\Program Files\Java\jdk1.8.0_60\jre\bin\java.exe
0x0000000077ac0000 - 0x0000000077c69000 	C:\windows\SYSTEM32\ntdll.dll
0x00000000779a0000 - 0x0000000077abf000 	C:\windows\system32\kernel32.dll
0x000007fefdb20000 - 0x000007fefdb8c000 	C:\windows\system32\KERNELBASE.dll
0x000007fefe7d0000 - 0x000007fefe8ab000 	C:\windows\system32\ADVAPI32.dll
0x000007fefdf10000 - 0x000007fefdfaf000 	C:\windows\system32\msvcrt.dll
0x000007fefe620000 - 0x000007fefe63f000 	C:\windows\SYSTEM32\sechost.dll
0x000007fefdde0000 - 0x000007fefdf0d000 	C:\windows\system32\RPCRT4.dll
0x00000000778a0000 - 0x000000007799a000 	C:\windows\system32\USER32.dll
0x000007fefeda0000 - 0x000007fefee07000 	C:\windows\system32\GDI32.dll
0x000007feffca0000 - 0x000007feffcae000 	C:\windows\system32\LPK.dll
0x000007fefdd10000 - 0x000007fefddd9000 	C:\windows\system32\USP10.dll
0x000007fefc1e0000 - 0x000007fefc3d4000 	C:\windows\WinSxS\amd64_microsoft.windows.common-controls_6595b64144ccf1df_6.0.7601.17514_none_fa396087175ac9ac\COMCTL32.dll
0x000007feffcb0000 - 0x000007feffd21000 	C:\windows\system32\SHLWAPI.dll
0x000007fefe3e0000 - 0x000007fefe40e000 	C:\windows\system32\IMM32.DLL
0x000007fefec80000 - 0x000007fefed89000 	C:\windows\system32\MSCTF.dll
0x0000000072ee0000 - 0x0000000072fb2000 	C:\Program Files\Java\jdk1.8.0_60\jre\bin\msvcr100.dll
0x00000000681c0000 - 0x0000000068a49000 	C:\Program Files\Java\jdk1.8.0_60\jre\bin\server\jvm.dll
0x000007fef4e10000 - 0x000007fef4e19000 	C:\windows\system32\WSOCK32.dll
0x000007fefdcc0000 - 0x000007fefdd0d000 	C:\windows\system32\WS2_32.dll
0x000007fefed90000 - 0x000007fefed98000 	C:\windows\system32\NSI.dll
0x000007fefa440000 - 0x000007fefa47b000 	C:\windows\system32\WINMM.dll
0x000007fefc7c0000 - 0x000007fefc7cc000 	C:\windows\system32\VERSION.dll
0x0000000077c80000 - 0x0000000077c87000 	C:\windows\system32\PSAPI.DLL
0x0000000072ed0000 - 0x0000000072edf000 	C:\Program Files\Java\jdk1.8.0_60\jre\bin\verify.dll
0x0000000072ea0000 - 0x0000000072ec9000 	C:\Program Files\Java\jdk1.8.0_60\jre\bin\java.dll
0x0000000072990000 - 0x00000000729a6000 	C:\Program Files\Java\jdk1.8.0_60\jre\bin\zip.dll
0x000007fefeeb0000 - 0x000007feffc39000 	C:\windows\system32\SHELL32.dll
0x000007fefe410000 - 0x000007fefe613000 	C:\windows\system32\ole32.dll
0x000007fefd890000 - 0x000007fefd89f000 	C:\windows\system32\profapi.dll
0x000007feebfe0000 - 0x000007feec0cf000 	C:\Program Files\Java\jdk1.8.0_60\jre\bin\msvcr120.dll
0x000007feec380000 - 0x000007feec426000 	C:\Program Files\Java\jdk1.8.0_60\jre\bin\msvcp120.dll
0x00000000731b0000 - 0x00000000731d3000 	C:\Program Files\Java\jdk1.8.0_60\jre\bin\prism_d3d.dll
0x000007feed030000 - 0x000007feed22f000 	C:\windows\system32\d3d9.dll
0x000007fefb620000 - 0x000007fefb627000 	C:\windows\system32\d3d8thk.dll
0x000007fefbbd0000 - 0x000007fefbbe8000 	C:\windows\system32\dwmapi.dll
0x000007fefc000000 - 0x000007fefc056000 	C:\windows\system32\uxtheme.dll
0x000000006f900000 - 0x000000006f943000 	C:\Program Files\Java\jdk1.8.0_60\jre\bin\glass.dll
0x000007fefee10000 - 0x000007fefeea7000 	C:\windows\system32\COMDLG32.dll
0x000007fefe8b0000 - 0x000007fefe987000 	C:\windows\system32\OLEAUT32.dll
0x000007fefd720000 - 0x000007fefd72f000 	C:\windows\system32\CRYPTBASE.dll
0x00000000731f0000 - 0x0000000073204000 	C:\Program Files\Java\jdk1.8.0_60\jre\bin\javafx_font.dll
0x000007feee480000 - 0x000007feee616000 	C:\windows\system32\dwrite.dll
0x000007feffd30000 - 0x000007feffdc9000 	C:\windows\system32\CLBCatQ.DLL
0x000007fefba20000 - 0x000007fefbb81000 	C:\windows\system32\WindowsCodecs.dll
0x000007fefd6c0000 - 0x000007fefd717000 	C:\windows\system32\apphelp.dll
0x000007fef5210000 - 0x000007fef52d0000 	C:\Program Files (x86)\Google\Drive\googledrivesync64.dll
0x0000000071f10000 - 0x0000000071fe3000 	C:\Program Files (x86)\Google\Drive\Microsoft.VC90.CRT\MSVCP90.dll
0x0000000071e60000 - 0x0000000071f03000 	C:\Program Files (x86)\Google\Drive\Microsoft.VC90.CRT\MSVCR90.dll
0x000007fef51d0000 - 0x000007fef5205000 	C:\windows\system32\EhStorShell.dll
0x000007fefe200000 - 0x000007fefe3d7000 	C:\windows\system32\SETUPAPI.dll
0x000007fefdbc0000 - 0x000007fefdbf6000 	C:\windows\system32\CFGMGR32.dll
0x000007fefdb00000 - 0x000007fefdb1a000 	C:\windows\system32\DEVOBJ.dll
0x000007fefc060000 - 0x000007fefc18c000 	C:\windows\system32\PROPSYS.dll
0x000007fef3dc0000 - 0x000007fef442f000 	C:\PROGRA~1\MICROS~2\Office14\GROOVEEX.DLL
0x0000000071dc0000 - 0x0000000071e5d000 	C:\windows\WinSxS\amd64_microsoft.vc90.crt_1fc8b3b9a1e18e3b_9.0.30729.4940_none_08e4299fa83d7e3c\MSVCR90.dll
0x0000000071ce0000 - 0x0000000071db3000 	C:\windows\WinSxS\amd64_microsoft.vc90.crt_1fc8b3b9a1e18e3b_9.0.30729.4940_none_08e4299fa83d7e3c\MSVCP90.dll
0x0000000072200000 - 0x000000007222f000 	C:\windows\WinSxS\amd64_microsoft.vc90.atl_1fc8b3b9a1e18e3b_9.0.30729.4148_none_0a1d2fcba76b3f00\ATL90.DLL
0x000007fef39a0000 - 0x000007fef3dba000 	C:\PROGRA~1\COMMON~1\MICROS~1\OFFICE14\Cultures\office.odf
0x000007fef3120000 - 0x000007fef399b000 	C:\PROGRA~1\MICROS~2\Office14\1046\GrooveIntlResource.dll
0x000007fef5150000 - 0x000007fef51ce000 	C:\windows\System32\cscui.dll
0x000007fef6420000 - 0x000007fef642c000 	C:\windows\System32\CSCDLL.dll
0x000007fef8720000 - 0x000007fef872f000 	C:\windows\system32\CSCAPI.dll
0x000007fef50d0000 - 0x000007fef5150000 	C:\windows\system32\ntshrui.dll
0x000007fefd420000 - 0x000007fefd443000 	C:\windows\system32\srvcli.dll
0x000007fefa0a0000 - 0x000007fefa0ab000 	C:\windows\system32\slc.dll
0x000007fef0c30000 - 0x000007fef0c5d000 	C:\Program Files\Common Files\Microsoft Shared\Ink\rtscom.dll
0x0000000073190000 - 0x00000000731a1000 	C:\Program Files\Java\jdk1.8.0_60\jre\bin\prism_common.dll
0x0000000072970000 - 0x000000007298a000 	C:\Program Files\Java\jdk1.8.0_60\jre\bin\net.dll
0x000007fefd060000 - 0x000007fefd0b5000 	C:\windows\system32\mswsock.dll
0x000007fefd050000 - 0x000007fefd057000 	C:\windows\System32\wship6.dll
0x0000000072950000 - 0x0000000072961000 	C:\Program Files\Java\jdk1.8.0_60\jre\bin\nio.dll
0x0000000070670000 - 0x0000000070694000 	C:\Program Files\Java\jdk1.8.0_60\jre\bin\sunec.dll
0x000007fefa230000 - 0x000007fefa245000 	C:\windows\system32\NLAapi.dll
0x000007fef82b0000 - 0x000007fef82c5000 	C:\windows\system32\napinsp.dll
0x000007fef8290000 - 0x000007fef82a9000 	C:\windows\system32\pnrpnsp.dll
0x000007fefcee0000 - 0x000007fefcf3b000 	C:\windows\system32\DNSAPI.dll
0x000007fef8280000 - 0x000007fef828b000 	C:\windows\System32\winrnr.dll
0x000007fefca40000 - 0x000007fefca47000 	C:\windows\System32\wshtcpip.dll
0x000007fef9e80000 - 0x000007fef9ea7000 	C:\windows\system32\IPHLPAPI.DLL
0x000007fef9e60000 - 0x000007fef9e6b000 	C:\windows\system32\WINNSI.DLL
0x000007fef8cd0000 - 0x000007fef8cd8000 	C:\windows\system32\rasadhlp.dll
0x000007fef9cf0000 - 0x000007fef9d43000 	C:\windows\System32\fwpuclnt.dll
0x000007fefd0c0000 - 0x000007fefd0d8000 	C:\windows\system32\CRYPTSP.dll
0x000007fefcdc0000 - 0x000007fefce07000 	C:\windows\system32\rsaenh.dll
0x000007fefda40000 - 0x000007fefda5e000 	C:\windows\system32\USERENV.dll
0x000007fef9c70000 - 0x000007fef9c81000 	C:\windows\system32\dhcpcsvc6.DLL
0x000007fef9c50000 - 0x000007fef9c68000 	C:\windows\system32\dhcpcsvc.DLL
0x000007feee620000 - 0x000007feee9e4000 	C:\windows\system32\d2d1.dll
0x000007fef5940000 - 0x000007fef5b15000 	C:\windows\system32\d3d11.dll
0x000007fef5b20000 - 0x000007fef5b7d000 	C:\windows\system32\dxgi.dll
0x000007feee200000 - 0x000007feee479000 	C:\windows\system32\D3D10Warp.dll
0x000007fefdc00000 - 0x000007fefdc3b000 	C:\windows\system32\WINTRUST.dll
0x000007fefd8b0000 - 0x000007fefda1d000 	C:\windows\system32\CRYPT32.dll
0x000007fefd880000 - 0x000007fefd88f000 	C:\windows\system32\MSASN1.dll
0x0000000180000000 - 0x0000000180025000 	C:\Users\OCTI01\Projetos\NetBeansProjects 10 Simulado\QuadroDeHorarioFX\rxtxSerial.dll
0x000007fef85f0000 - 0x000007fef8715000 	C:\windows\system32\dbghelp.dll

VM Arguments:
jvm_args: -Dfile.encoding=UTF-8 
java_command: C:\Users\OCTI01\Projetos\NetBeansProjects 10 Simulado\QuadroDeHorarioFX\dist\run1737839802\QuadroDeHorarioFX.jar
java_class_path (initial): C:\Users\OCTI01\Projetos\NetBeansProjects 10 Simulado\QuadroDeHorarioFX\dist\run1737839802\QuadroDeHorarioFX.jar
Launcher Type: SUN_STANDARD

Environment Variables:
JAVA_HOME=C:\Program Files\Java\jdk1.8.0_40
CLASSPATH=.;JAVA_HOME
PATH=C:\ProgramData\Oracle\Java\javapath;C:\Program Files (x86)\Intel\iCLS Client\;C:\Program Files\Intel\iCLS Client\;C:\windows\system32;C:\windows;C:\windows\System32\Wbem;C:\windows\System32\WindowsPowerShell\v1.0\;C:\Program Files\Intel\Intel(R) Management Engine Components\DAL;C:\Program Files\Intel\Intel(R) Management Engine Components\IPT;C:\Program Files (x86)\Intel\Intel(R) Management Engine Components\DAL;C:\Program Files (x86)\Intel\Intel(R) Management Engine Components\IPT;C:\Program Files (x86)\Intel\OpenCL SDK\2.0\bin\x86;C:\Program Files (x86)\Intel\OpenCL SDK\2.0\bin\x64;C:\Program Files\MySQL\MySQL Server 5.6\bin;C:\Program Files\Java\jre1.8.0_40\bin;C:\Program Files\Java\jdk1.8.0_40\bin;C:\Program Files (x86)\MySQL\MySQL Utilities 1.4.4\;C:\Program Files (x86)\MySQL\MySQL Utilities 1.4.4\Doctrine extensions for PHP\;C:\Program Files\Java\jdk1.8.0_40\bin
USERNAME=OCTI01
OS=Windows_NT
PROCESSOR_IDENTIFIER=Intel64 Family 6 Model 58 Stepping 9, GenuineIntel



---------------  S Y S T E M  ---------------

OS: Windows 7 , 64 bit Build 7601 (6.1.7601.18409)

CPU:total 4 (4 cores per cpu, 1 threads per core) family 6 model 58 stepping 9, cmov, cx8, fxsr, mmx, sse, sse2, sse3, ssse3, sse4.1, sse4.2, popcnt, avx, aes, clmul, erms, tsc, tscinvbit, tscinv

Memory: 4k page, physical 20384892k(14419980k free), swap 40767928k(34006692k free)

vm_info: Java HotSpot(TM) 64-Bit Server VM (25.60-b23) for windows-amd64 JRE (1.8.0_60-b27), built on Aug  4 2015 11:06:27 by "java_re" with MS VC++ 10.0 (VS2010)

time: Wed Sep 30 17:31:25 2015
elapsed time: 374 seconds (0d 0h 6m 14s)

