#
# A fatal error has been detected by the Java Runtime Environment:
#
#  EXCEPTION_ACCESS_VIOLATION (0xc0000005) at pc=0x0000000180008790, pid=4220, tid=5768
#
# JRE version: Java(TM) SE Runtime Environment (8.0_60-b27) (build 1.8.0_60-b27)
# Java VM: Java HotSpot(TM) 64-Bit Server VM (25.60-b23 mixed mode windows-amd64 compressed oops)
# Problematic frame:
# C  [rxtxSerial.dll+0x8790]
#
# Failed to write core dump. Minidumps are not enabled by default on client versions of Windows
#
# If you would like to submit a bug report, please visit:
#   http://bugreport.java.com/bugreport/crash.jsp
# The crash happened outside the Java Virtual Machine in native code.
# See problematic frame for where to report the bug.
#

---------------  T H R E A D  ---------------

Current thread (0x0000000022d4b800):  JavaThread "Thread-20" [_thread_in_native, id=5768, stack(0x000000002d070000,0x000000002d170000)]

siginfo: ExceptionCode=0xc0000005, reading address 0x00000000000000f8

Registers:
RAX=0x0000000000000002, RBX=0x0000000029347eb0, RCX=0x0000000000000001, RDX=0x0000000000000000
RSP=0x000000002d16e850, RBP=0x000000002d16eac0, RSI=0x0000000020bd04da, RDI=0x0000000000000000
R8 =0x0000000000000000, R9 =0x0000000000000000, R10=0x0000000000000004, R11=0x0000000000000002
R12=0x000000002d16eac8, R13=0x000000002a4ce8a8, R14=0x000000002d16eac8, R15=0x0000000022d4b800
RIP=0x0000000180008790, EFLAGS=0x0000000000010206

Top of Stack: (sp=0x000000002d16e850)
0x000000002d16e850:   0000000029347eb0 0000000020bd04d0
0x000000002d16e860:   0000000022d4b800 000000000000000a
0x000000002d16e870:   0000000020bd04d0 000000018000aab4
0x000000002d16e880:   0000000022d4b9f8 0000000000000106
0x000000002d16e890:   000000002a4ce8a8 000000002d16eac8
0x000000002d16e8a0:   0000000028426eb0 0000000020bd04d0
0x000000002d16e8b0:   000000002d16eac0 000000018000b7fe
0x000000002d16e8c0:   0000000000000009 000000002a4ce8a8
0x000000002d16e8d0:   0000000022d4b9f8 0000000000000000
0x000000002d16e8e0:   0000000022d4b800 0000000000000000
0x000000002d16e8f0:   0000fbbe1da0e0d4 000000007fffffdb
0x000000002d16e900:   000000002d16e990 0000000000000042
0x000000002d16e910:   0000000022d4b9f8 0000000000000000
0x000000002d16e920:   0000000020bd04d0 000000018000213d
0x000000002d16e930:   000000002d16eac0 000000018001c0b0
0x000000002d16e940:   0000000000000000 0000000180000000 

Instructions: (pc=0x0000000180008790)
0x0000000180008770:   89 83 00 01 00 00 48 89 1d 73 6f 01 00 48 8b c3
0x0000000180008780:   48 8b 5c 24 30 48 8b 74 24 38 48 83 c4 20 5f c3
0x0000000180008790:   39 87 f8 00 00 00 7d 20 0f 1f 84 00 00 00 00 00
0x00000001800087a0:   48 8b 87 00 01 00 00 48 85 c0 74 0c 44 39 98 f8 


Register to memory mapping:

RAX=0x0000000000000002 is an unknown value
RBX=0x0000000029347eb0 is an unknown value
RCX=0x0000000000000001 is an unknown value
RDX=0x0000000000000000 is an unknown value
RSP=0x000000002d16e850 is pointing into the stack for thread: 0x0000000022d4b800
RBP=0x000000002d16eac0 is pointing into the stack for thread: 0x0000000022d4b800
RSI=0x0000000020bd04da is an unknown value
RDI=0x0000000000000000 is an unknown value
R8 =0x0000000000000000 is an unknown value
R9 =0x0000000000000000 is an unknown value
R10=0x0000000000000004 is an unknown value
R11=0x0000000000000002 is an unknown value
R12=0x000000002d16eac8 is pointing into the stack for thread: 0x0000000022d4b800
R13=0x000000002a4ce8a8 is pointing into metadata
R14=0x000000002d16eac8 is pointing into the stack for thread: 0x0000000022d4b800
R15=0x0000000022d4b800 is a thread


Stack: [0x000000002d070000,0x000000002d170000],  sp=0x000000002d16e850,  free space=1018k
Native frames: (J=compiled Java code, j=interpreted, Vv=VM code, C=native code)
C  [rxtxSerial.dll+0x8790]
C  [rxtxSerial.dll+0xaab4]
C  [rxtxSerial.dll+0x213d]
C  0x0000000002806937

Java frames: (J=compiled Java code, j=interpreted, Vv=VM code)
j  gnu.io.RXTXPort.open(Ljava/lang/String;)I+0
j  gnu.io.RXTXPort.<init>(Ljava/lang/String;)V+125
j  gnu.io.RXTXCommDriver.getCommPort(Ljava/lang/String;I)Lgnu/io/CommPort;+78
j  gnu.io.CommPortIdentifier.open(Ljava/lang/String;I)Lgnu/io/CommPort;+171
j  br.com.QuadroDeHorario.control.SerialConnection.abrirPorta(Lgnu/io/CommPortIdentifier;)Lgnu/io/SerialPort;+11
j  br.com.QuadroDeHorario.control.SerialCommunication.encontrarPorta()V+43
j  br.com.QuadroDeHorario.control.SerialCommunication.run()V+1
j  java.lang.Thread.run()V+11
v  ~StubRoutines::call_stub

---------------  P R O C E S S  ---------------

Java Threads: ( => current thread )
  0x0000000022d4c800 JavaThread "Thread-22" [_thread_in_native, id=5760, stack(0x000000002bf60000,0x000000002c060000)]
=>0x0000000022d4b800 JavaThread "Thread-20" [_thread_in_native, id=5768, stack(0x000000002d070000,0x000000002d170000)]
  0x0000000022d4b000 JavaThread "Thread-19" [_thread_in_native, id=2660, stack(0x000000002cf40000,0x000000002d040000)]
  0x0000000022d4a000 JavaThread "Thread-18" [_thread_in_native, id=6068, stack(0x000000002cc10000,0x000000002cd10000)]
  0x000000002337a000 JavaThread "Thread-17" [_thread_in_native, id=5400, stack(0x000000002caa0000,0x000000002cba0000)]
  0x0000000022d49800 JavaThread "Thread-16" [_thread_in_native, id=5512, stack(0x000000002ea20000,0x000000002eb20000)]
  0x000000002337f800 JavaThread "Thread-15" [_thread_in_native, id=6116, stack(0x000000002e560000,0x000000002e660000)]
  0x000000002337e800 JavaThread "Thread-14" [_thread_in_native, id=4560, stack(0x000000002e750000,0x000000002e850000)]
  0x000000002337e000 JavaThread "Thread-13" [_thread_in_native, id=1852, stack(0x000000002c660000,0x000000002c760000)]
  0x000000002337d000 JavaThread "Thread-12" [_thread_in_native, id=4492, stack(0x000000002ad10000,0x000000002ae10000)]
  0x000000002337b800 JavaThread "Thread-11" [_thread_in_native, id=5216, stack(0x000000002c160000,0x000000002c260000)]
  0x000000002337c800 JavaThread "Thread-9" [_thread_blocked, id=4432, stack(0x000000002e460000,0x000000002e560000)]
  0x0000000023379800 JavaThread "pool-2-thread-1" [_thread_blocked, id=4736, stack(0x0000000027830000,0x0000000027930000)]
  0x0000000023378800 JavaThread "Abandoned connection cleanup thread" daemon [_thread_blocked, id=5876, stack(0x0000000027c40000,0x0000000027d40000)]
  0x0000000022dcc000 JavaThread "Prism Font Disposer" daemon [_thread_blocked, id=2252, stack(0x0000000025dc0000,0x0000000025ec0000)]
  0x00000000204a4800 JavaThread "Thread-3" daemon [_thread_in_native, id=5456, stack(0x0000000022c00000,0x0000000022d00000)]
  0x0000000020496000 JavaThread "JavaFX-Launcher" [_thread_blocked, id=4940, stack(0x0000000022aa0000,0x0000000022ba0000)]
  0x0000000020477000 JavaThread "JavaFX Application Thread" [_thread_in_native, id=5388, stack(0x0000000021220000,0x0000000021320000)]
  0x000000001f892000 JavaThread "Thread-1" daemon [_thread_blocked, id=3740, stack(0x0000000020f30000,0x0000000021030000)]
  0x000000001f8a5000 JavaThread "QuantumRenderer-0" daemon [_thread_blocked, id=4072, stack(0x000000001fb50000,0x000000001fc50000)]
  0x000000001f536800 JavaThread "Service Thread" daemon [_thread_blocked, id=2016, stack(0x0000000020150000,0x0000000020250000)]
  0x000000001df56000 JavaThread "C1 CompilerThread2" daemon [_thread_blocked, id=3776, stack(0x000000001ffc0000,0x00000000200c0000)]
  0x000000001f4ca800 JavaThread "C2 CompilerThread1" daemon [_thread_blocked, id=5180, stack(0x000000001fdd0000,0x000000001fed0000)]
  0x000000001f4c3000 JavaThread "C2 CompilerThread0" daemon [_thread_blocked, id=4996, stack(0x000000001fca0000,0x000000001fda0000)]
  0x000000001df55800 JavaThread "Attach Listener" daemon [_thread_blocked, id=5376, stack(0x000000001f9f0000,0x000000001faf0000)]
  0x000000001df53000 JavaThread "Signal Dispatcher" daemon [_thread_blocked, id=5980, stack(0x000000001f0a0000,0x000000001f1a0000)]
  0x000000001defb000 JavaThread "Finalizer" daemon [_thread_blocked, id=4884, stack(0x000000001f3c0000,0x000000001f4c0000)]
  0x000000001def4000 JavaThread "Reference Handler" daemon [_thread_blocked, id=5744, stack(0x000000001f220000,0x000000001f320000)]
  0x000000000203f000 JavaThread "main" [_thread_blocked, id=3408, stack(0x0000000002420000,0x0000000002520000)]

Other Threads:
  0x000000001deee800 VMThread [stack: 0x000000001ef70000,0x000000001f070000] [id=4756]
  0x000000001f559800 WatcherThread [stack: 0x0000000020320000,0x0000000020420000] [id=5264]

VM state:not at safepoint (normal execution)

VM Mutex/Monitor currently owned by a thread: None

Heap:
 PSYoungGen      total 121344K, used 37617K [0x0000000758500000, 0x0000000762580000, 0x00000007c0000000)
  eden space 108032K, 34% used [0x0000000758500000,0x000000075a9bc628,0x000000075ee80000)
  from space 13312K, 0% used [0x000000075ee80000,0x000000075ee80000,0x000000075fb80000)
  to   space 12800K, 0% used [0x0000000761900000,0x0000000761900000,0x0000000762580000)
 ParOldGen       total 212992K, used 16382K [0x0000000688e00000, 0x0000000695e00000, 0x0000000758500000)
  object space 212992K, 7% used [0x0000000688e00000,0x0000000689dff900,0x0000000695e00000)
 Metaspace       used 37653K, capacity 38966K, committed 39168K, reserved 1083392K
  class space    used 5056K, capacity 5322K, committed 5376K, reserved 1048576K

Card table byte_map: [0x0000000011bb0000,0x0000000012570000] byte_map_base: 0x000000000e769000

Marking Bits: (ParMarkBitMap*) 0x00000000689ca5b0
 Begin Bits: [0x0000000013010000, 0x0000000017dd8000)
 End Bits:   [0x0000000017dd8000, 0x000000001cba0000)

Polling page: 0x0000000000430000

CodeCache: size=245760Kb used=14325Kb max_used=14610Kb free=231434Kb
 bounds [0x00000000027f0000, 0x00000000036a0000, 0x00000000117f0000]
 total_blobs=5646 nmethods=4793 adapters=764
 compilation: enabled

Compilation events (10 events):
Event: 71.570 Thread 0x000000001f4c3000 nmethod 5158 0x00000000036859d0 code [0x0000000003685f00, 0x000000000368a730]
Event: 71.570 Thread 0x000000001f4ca800 nmethod 5184 0x0000000002e169d0 code [0x0000000002e16b20, 0x0000000002e170c8]
Event: 72.068 Thread 0x000000001df56000 5316       3       javafx.animation.Animation$1$$Lambda$160/1387801896::run (12 bytes)
Event: 72.068 Thread 0x000000001df56000 nmethod 5316 0x0000000002e16490 code [0x0000000002e16600, 0x0000000002e16888]
Event: 73.396 Thread 0x000000001f4c3000 5317       4       javafx.scene.Parent::layout (139 bytes)
Event: 73.408 Thread 0x000000001f4c3000 nmethod 5317 0x0000000002b3e290 code [0x0000000002b3e480, 0x0000000002b3ed48]
Event: 73.665 Thread 0x000000001df56000 5318       3       java.util.regex.Pattern$Slice::match (79 bytes)
Event: 73.665 Thread 0x000000001df56000 nmethod 5318 0x000000000298b050 code [0x000000000298b1e0, 0x000000000298b678]
Event: 73.665 Thread 0x000000001df56000 5319       3       java.util.regex.Matcher::find (69 bytes)
Event: 73.666 Thread 0x000000001df56000 nmethod 5319 0x000000000298aa50 code [0x000000000298abc0, 0x000000000298af68]

GC Heap History (10 events):
Event: 1.493 GC heap before
{Heap before GC invocations=3 (full 1):
 PSYoungGen      total 93184K, used 9723K [0x0000000758500000, 0x0000000763b00000, 0x00000007c0000000)
  eden space 79872K, 0% used [0x0000000758500000,0x0000000758500000,0x000000075d300000)
  from space 13312K, 73% used [0x000000075e000000,0x000000075e97ed00,0x000000075ed00000)
  to   space 13312K, 0% used [0x000000075d300000,0x000000075d300000,0x000000075e000000)
 ParOldGen       total 212992K, used 88K [0x0000000688e00000, 0x0000000695e00000, 0x0000000758500000)
  object space 212992K, 0% used [0x0000000688e00000,0x0000000688e16010,0x0000000695e00000)
 Metaspace       used 20662K, capacity 21242K, committed 21296K, reserved 1067008K
  class space    used 2780K, capacity 2940K, committed 2944K, reserved 1048576K
Event: 1.557 GC heap after
Heap after GC invocations=3 (full 1):
 PSYoungGen      total 93184K, used 0K [0x0000000758500000, 0x0000000763b00000, 0x00000007c0000000)
  eden space 79872K, 0% used [0x0000000758500000,0x0000000758500000,0x000000075d300000)
  from space 13312K, 0% used [0x000000075e000000,0x000000075e000000,0x000000075ed00000)
  to   space 13312K, 0% used [0x000000075d300000,0x000000075d300000,0x000000075e000000)
 ParOldGen       total 134144K, used 9550K [0x0000000688e00000, 0x0000000691100000, 0x0000000758500000)
  object space 134144K, 7% used [0x0000000688e00000,0x0000000689753bf8,0x0000000691100000)
 Metaspace       used 20662K, capacity 21242K, committed 21296K, reserved 1067008K
  class space    used 2780K, capacity 2940K, committed 2944K, reserved 1048576K
}
Event: 2.529 GC heap before
{Heap before GC invocations=4 (full 1):
 PSYoungGen      total 93184K, used 79872K [0x0000000758500000, 0x0000000763b00000, 0x00000007c0000000)
  eden space 79872K, 100% used [0x0000000758500000,0x000000075d300000,0x000000075d300000)
  from space 13312K, 0% used [0x000000075e000000,0x000000075e000000,0x000000075ed00000)
  to   space 13312K, 0% used [0x000000075d300000,0x000000075d300000,0x000000075e000000)
 ParOldGen       total 134144K, used 9550K [0x0000000688e00000, 0x0000000691100000, 0x0000000758500000)
  object space 134144K, 7% used [0x0000000688e00000,0x0000000689753bf8,0x0000000691100000)
 Metaspace       used 29117K, capacity 29760K, committed 29952K, reserved 1075200K
  class space    used 3875K, capacity 4077K, committed 4096K, reserved 1048576K
Event: 2.535 GC heap after
Heap after GC invocations=4 (full 1):
 PSYoungGen      total 93184K, used 8528K [0x0000000758500000, 0x0000000760a00000, 0x00000007c0000000)
  eden space 79872K, 0% used [0x0000000758500000,0x0000000758500000,0x000000075d300000)
  from space 13312K, 64% used [0x000000075d300000,0x000000075db541a8,0x000000075e000000)
  to   space 13312K, 0% used [0x000000075fd00000,0x000000075fd00000,0x0000000760a00000)
 ParOldGen       total 134144K, used 9623K [0x0000000688e00000, 0x0000000691100000, 0x0000000758500000)
  object space 134144K, 7% used [0x0000000688e00000,0x0000000689765c08,0x0000000691100000)
 Metaspace       used 29117K, capacity 29760K, committed 29952K, reserved 1075200K
  class space    used 3875K, capacity 4077K, committed 4096K, reserved 1048576K
}
Event: 5.483 GC heap before
{Heap before GC invocations=5 (full 1):
 PSYoungGen      total 93184K, used 87876K [0x0000000758500000, 0x0000000760a00000, 0x00000007c0000000)
  eden space 79872K, 99% used [0x0000000758500000,0x000000075d27d128,0x000000075d300000)
  from space 13312K, 64% used [0x000000075d300000,0x000000075db541a8,0x000000075e000000)
  to   space 13312K, 0% used [0x000000075fd00000,0x000000075fd00000,0x0000000760a00000)
 ParOldGen       total 134144K, used 9623K [0x0000000688e00000, 0x0000000691100000, 0x0000000758500000)
  object space 134144K, 7% used [0x0000000688e00000,0x0000000689765c08,0x0000000691100000)
 Metaspace       used 33777K, capacity 34556K, committed 34944K, reserved 1079296K
  class space    used 4413K, capacity 4621K, committed 4736K, reserved 1048576K
Event: 5.492 GC heap after
Heap after GC invocations=5 (full 1):
 PSYoungGen      total 116736K, used 11569K [0x0000000758500000, 0x0000000760880000, 0x00000007c0000000)
  eden space 104960K, 0% used [0x0000000758500000,0x0000000758500000,0x000000075eb80000)
  from space 11776K, 98% used [0x000000075fd00000,0x000000076084c598,0x0000000760880000)
  to   space 13312K, 0% used [0x000000075ee80000,0x000000075ee80000,0x000000075fb80000)
 ParOldGen       total 134144K, used 9639K [0x0000000688e00000, 0x0000000691100000, 0x0000000758500000)
  object space 134144K, 7% used [0x0000000688e00000,0x0000000689769c08,0x0000000691100000)
 Metaspace       used 33777K, capacity 34556K, committed 34944K, reserved 1079296K
  class space    used 4413K, capacity 4621K, committed 4736K, reserved 1048576K
}
Event: 5.855 GC heap before
{Heap before GC invocations=6 (full 1):
 PSYoungGen      total 116736K, used 23811K [0x0000000758500000, 0x0000000760880000, 0x00000007c0000000)
  eden space 104960K, 11% used [0x0000000758500000,0x00000007590f4978,0x000000075eb80000)
  from space 11776K, 98% used [0x000000075fd00000,0x000000076084c598,0x0000000760880000)
  to   space 13312K, 0% used [0x000000075ee80000,0x000000075ee80000,0x000000075fb80000)
 ParOldGen       total 134144K, used 9639K [0x0000000688e00000, 0x0000000691100000, 0x0000000758500000)
  object space 134144K, 7% used [0x0000000688e00000,0x0000000689769c08,0x0000000691100000)
 Metaspace       used 34578K, capacity 35352K, committed 35496K, reserved 1079296K
  class space    used 4561K, capacity 4779K, committed 4864K, reserved 1048576K
Event: 5.863 GC heap after
Heap after GC invocations=6 (full 1):
 PSYoungGen      total 121344K, used 11517K [0x0000000758500000, 0x0000000762580000, 0x00000007c0000000)
  eden space 108032K, 0% used [0x0000000758500000,0x0000000758500000,0x000000075ee80000)
  from space 13312K, 86% used [0x000000075ee80000,0x000000075f9bf5c8,0x000000075fb80000)
  to   space 12800K, 0% used [0x0000000761900000,0x0000000761900000,0x0000000762580000)
 ParOldGen       total 134144K, used 9647K [0x0000000688e00000, 0x0000000691100000, 0x0000000758500000)
  object space 134144K, 7% used [0x0000000688e00000,0x000000068976bc08,0x0000000691100000)
 Metaspace       used 34578K, capacity 35352K, committed 35496K, reserved 1079296K
  class space    used 4561K, capacity 4779K, committed 4864K, reserved 1048576K
}
Event: 5.863 GC heap before
{Heap before GC invocations=7 (full 2):
 PSYoungGen      total 121344K, used 11517K [0x0000000758500000, 0x0000000762580000, 0x00000007c0000000)
  eden space 108032K, 0% used [0x0000000758500000,0x0000000758500000,0x000000075ee80000)
  from space 13312K, 86% used [0x000000075ee80000,0x000000075f9bf5c8,0x000000075fb80000)
  to   space 12800K, 0% used [0x0000000761900000,0x0000000761900000,0x0000000762580000)
 ParOldGen       total 134144K, used 9647K [0x0000000688e00000, 0x0000000691100000, 0x0000000758500000)
  object space 134144K, 7% used [0x0000000688e00000,0x000000068976bc08,0x0000000691100000)
 Metaspace       used 34578K, capacity 35352K, committed 35496K, reserved 1079296K
  class space    used 4561K, capacity 4779K, committed 4864K, reserved 1048576K
Event: 5.913 GC heap after
Heap after GC invocations=7 (full 2):
 PSYoungGen      total 121344K, used 0K [0x0000000758500000, 0x0000000762580000, 0x00000007c0000000)
  eden space 108032K, 0% used [0x0000000758500000,0x0000000758500000,0x000000075ee80000)
  from space 13312K, 0% used [0x000000075ee80000,0x000000075ee80000,0x000000075fb80000)
  to   space 12800K, 0% used [0x0000000761900000,0x0000000761900000,0x0000000762580000)
 ParOldGen       total 212992K, used 16382K [0x0000000688e00000, 0x0000000695e00000, 0x0000000758500000)
  object space 212992K, 7% used [0x0000000688e00000,0x0000000689dff900,0x0000000695e00000)
 Metaspace       used 34578K, capacity 35352K, committed 35496K, reserved 1079296K
  class space    used 4561K, capacity 4779K, committed 4864K, reserved 1048576K
}

Deoptimization events (10 events):
Event: 67.829 Thread 0x0000000020477000 Uncommon trap: reason=unstable_if action=reinterpret pc=0x0000000002995b2c method=javafx.scene.Scene$MouseHandler.updateCursorFrame()V @ 4
Event: 69.133 Thread 0x0000000020477000 Uncommon trap: reason=array_check action=maybe_recompile pc=0x0000000002914298 method=com.sun.javafx.css.SimpleSelector.applies(Ljavafx/css/Styleable;[Ljava/util/Set;I)Z @ 37
Event: 69.133 Thread 0x0000000020477000 Uncommon trap: reason=array_check action=maybe_recompile pc=0x0000000002914298 method=com.sun.javafx.css.SimpleSelector.applies(Ljavafx/css/Styleable;[Ljava/util/Set;I)Z @ 37
Event: 69.133 Thread 0x0000000020477000 Uncommon trap: reason=array_check action=maybe_recompile pc=0x0000000002914298 method=com.sun.javafx.css.SimpleSelector.applies(Ljavafx/css/Styleable;[Ljava/util/Set;I)Z @ 37
Event: 69.133 Thread 0x0000000020477000 Uncommon trap: reason=array_check action=maybe_recompile pc=0x0000000002914298 method=com.sun.javafx.css.SimpleSelector.applies(Ljavafx/css/Styleable;[Ljava/util/Set;I)Z @ 37
Event: 69.150 Thread 0x000000001f8a5000 Uncommon trap: reason=bimorphic action=maybe_recompile pc=0x000000000352716c method=java.util.WeakHashMap.eq(Ljava/lang/Object;Ljava/lang/Object;)Z @ 7
Event: 71.044 Thread 0x0000000020477000 Uncommon trap: reason=unstable_if action=reinterpret pc=0x0000000003625548 method=com.sun.scenario.animation.shared.InfiniteClipEnvelope.timePulse(J)V @ 245
Event: 71.393 Thread 0x0000000020477000 Uncommon trap: reason=unstable_if action=reinterpret pc=0x000000000346af3c method=com.sun.javafx.image.impl.ByteBgra$ToByteBgraPreConv.doConvert([BII[BIIII)V @ 31
Event: 71.394 Thread 0x0000000020477000 Uncommon trap: reason=unstable_if action=reinterpret pc=0x000000000346a10c method=com.sun.javafx.image.impl.BaseByteToByteConverter$FourByteReorderer.doConvert([BII[BIIII)V @ 31
Event: 71.496 Thread 0x000000001f8a5000 Uncommon trap: reason=bimorphic action=maybe_recompile pc=0x000000000352716c method=java.util.WeakHashMap.eq(Ljava/lang/Object;Ljava/lang/Object;)Z @ 7

Internal exceptions (10 events):
Event: 16.807 Thread 0x000000002337c800 Exception <a 'java/io/FileNotFoundException'> (0x000000075925c490) thrown at [C:\re\workspace\8-2-build-windows-amd64-cygwin\jdk8u60\4407\hotspot\src\share\vm\prims\jni.cpp, line 709]
Event: 16.831 Thread 0x000000002337c800 Exception <a 'java/io/FileNotFoundException'> (0x00000007592727c0) thrown at [C:\re\workspace\8-2-build-windows-amd64-cygwin\jdk8u60\4407\hotspot\src\share\vm\prims\jni.cpp, line 709]
Event: 28.870 Thread 0x000000002337c800 Exception <a 'java/io/FileNotFoundException'> (0x000000075928d118) thrown at [C:\re\workspace\8-2-build-windows-amd64-cygwin\jdk8u60\4407\hotspot\src\share\vm\prims\jni.cpp, line 709]
Event: 29.104 Thread 0x000000002337c800 Exception <a 'java/io/FileNotFoundException'> (0x00000007592a3478) thrown at [C:\re\workspace\8-2-build-windows-amd64-cygwin\jdk8u60\4407\hotspot\src\share\vm\prims\jni.cpp, line 709]
Event: 49.297 Thread 0x000000002337c800 Exception <a 'java/io/FileNotFoundException'> (0x00000007592b5f38) thrown at [C:\re\workspace\8-2-build-windows-amd64-cygwin\jdk8u60\4407\hotspot\src\share\vm\prims\jni.cpp, line 709]
Event: 49.454 Thread 0x000000002337c800 Exception <a 'java/io/FileNotFoundException'> (0x00000007592cc298) thrown at [C:\re\workspace\8-2-build-windows-amd64-cygwin\jdk8u60\4407\hotspot\src\share\vm\prims\jni.cpp, line 709]
Event: 69.651 Thread 0x000000002337c800 Exception <a 'java/io/FileNotFoundException'> (0x00000007598e83a0) thrown at [C:\re\workspace\8-2-build-windows-amd64-cygwin\jdk8u60\4407\hotspot\src\share\vm\prims\jni.cpp, line 709]
Event: 69.808 Thread 0x000000002337c800 Exception <a 'java/io/FileNotFoundException'> (0x00000007598fe700) thrown at [C:\re\workspace\8-2-build-windows-amd64-cygwin\jdk8u60\4407\hotspot\src\share\vm\prims\jni.cpp, line 709]
Event: 71.516 Thread 0x0000000022d4b800 Exception <a 'java/io/FileNotFoundException'> (0x000000075a899318) thrown at [C:\re\workspace\8-2-build-windows-amd64-cygwin\jdk8u60\4407\hotspot\src\share\vm\prims\jni.cpp, line 709]
Event: 71.660 Thread 0x0000000022d4b800 Exception <a 'java/io/FileNotFoundException'> (0x000000075a8af678) thrown at [C:\re\workspace\8-2-build-windows-amd64-cygwin\jdk8u60\4407\hotspot\src\share\vm\prims\jni.cpp, line 709]

Events (10 events):
Event: 71.496 Thread 0x000000001f8a5000 Uncommon trap: trap_request=0xffffffc6 fr.pc=0x000000000352716c
Event: 71.496 Thread 0x000000001f8a5000 DEOPT PACKING pc=0x000000000352716c sp=0x000000001fc4db20
Event: 71.496 Thread 0x000000001f8a5000 DEOPT UNPACKING pc=0x000000000283582a sp=0x000000001fc4da48 mode 2
Event: 71.500 Thread 0x000000001f8a5000 DEOPT PACKING pc=0x0000000003621865 sp=0x000000001fc4dbe0
Event: 71.500 Thread 0x000000001f8a5000 DEOPT UNPACKING pc=0x000000000283787f sp=0x000000001fc4d978 mode 0
Event: 71.508 Executing VM operation: RevokeBias
Event: 71.510 Executing VM operation: RevokeBias done
Event: 71.513 Thread 0x0000000022d4b800 Thread added: 0x0000000022d4b800
Event: 73.660 Thread 0x0000000022d4c800 Thread added: 0x0000000022d4c800
Event: 76.669 Thread 0x0000000022d4c800 Thread exited: 0x0000000022d4c800


Dynamic libraries:
0x000000013fa60000 - 0x000000013fa97000 	C:\Program Files\Java\jdk1.8.0_60\jre\bin\java.exe
0x0000000077ac0000 - 0x0000000077c69000 	C:\windows\SYSTEM32\ntdll.dll
0x00000000779a0000 - 0x0000000077abf000 	C:\windows\system32\kernel32.dll
0x000007fefdb20000 - 0x000007fefdb8c000 	C:\windows\system32\KERNELBASE.dll
0x000007fefe7d0000 - 0x000007fefe8ab000 	C:\windows\system32\ADVAPI32.dll
0x000007fefdf10000 - 0x000007fefdfaf000 	C:\windows\system32\msvcrt.dll
0x000007fefe620000 - 0x000007fefe63f000 	C:\windows\SYSTEM32\sechost.dll
0x000007fefdde0000 - 0x000007fefdf0d000 	C:\windows\system32\RPCRT4.dll
0x00000000778a0000 - 0x000000007799a000 	C:\windows\system32\USER32.dll
0x000007fefeda0000 - 0x000007fefee07000 	C:\windows\system32\GDI32.dll
0x000007feffca0000 - 0x000007feffcae000 	C:\windows\system32\LPK.dll
0x000007fefdd10000 - 0x000007fefddd9000 	C:\windows\system32\USP10.dll
0x000007fefc1e0000 - 0x000007fefc3d4000 	C:\windows\WinSxS\amd64_microsoft.windows.common-controls_6595b64144ccf1df_6.0.7601.17514_none_fa396087175ac9ac\COMCTL32.dll
0x000007feffcb0000 - 0x000007feffd21000 	C:\windows\system32\SHLWAPI.dll
0x000007fefe3e0000 - 0x000007fefe40e000 	C:\windows\system32\IMM32.DLL
0x000007fefec80000 - 0x000007fefed89000 	C:\windows\system32\MSCTF.dll
0x0000000072ee0000 - 0x0000000072fb2000 	C:\Program Files\Java\jdk1.8.0_60\jre\bin\msvcr100.dll
0x00000000681c0000 - 0x0000000068a49000 	C:\Program Files\Java\jdk1.8.0_60\jre\bin\server\jvm.dll
0x000007fef4e10000 - 0x000007fef4e19000 	C:\windows\system32\WSOCK32.dll
0x000007fefdcc0000 - 0x000007fefdd0d000 	C:\windows\system32\WS2_32.dll
0x000007fefed90000 - 0x000007fefed98000 	C:\windows\system32\NSI.dll
0x000007fefa440000 - 0x000007fefa47b000 	C:\windows\system32\WINMM.dll
0x000007fefc7c0000 - 0x000007fefc7cc000 	C:\windows\system32\VERSION.dll
0x0000000077c80000 - 0x0000000077c87000 	C:\windows\system32\PSAPI.DLL
0x0000000072ed0000 - 0x0000000072edf000 	C:\Program Files\Java\jdk1.8.0_60\jre\bin\verify.dll
0x0000000072ea0000 - 0x0000000072ec9000 	C:\Program Files\Java\jdk1.8.0_60\jre\bin\java.dll
0x0000000072990000 - 0x00000000729a6000 	C:\Program Files\Java\jdk1.8.0_60\jre\bin\zip.dll
0x000007fefeeb0000 - 0x000007feffc39000 	C:\windows\system32\SHELL32.dll
0x000007fefe410000 - 0x000007fefe613000 	C:\windows\system32\ole32.dll
0x000007fefd890000 - 0x000007fefd89f000 	C:\windows\system32\profapi.dll
0x000007fee9250000 - 0x000007fee933f000 	C:\Program Files\Java\jdk1.8.0_60\jre\bin\msvcr120.dll
0x000007feea7a0000 - 0x000007feea846000 	C:\Program Files\Java\jdk1.8.0_60\jre\bin\msvcp120.dll
0x0000000070670000 - 0x0000000070693000 	C:\Program Files\Java\jdk1.8.0_60\jre\bin\prism_d3d.dll
0x000007feed030000 - 0x000007feed22f000 	C:\windows\system32\d3d9.dll
0x000007fefb620000 - 0x000007fefb627000 	C:\windows\system32\d3d8thk.dll
0x000007fefbbd0000 - 0x000007fefbbe8000 	C:\windows\system32\dwmapi.dll
0x000007fefc000000 - 0x000007fefc056000 	C:\windows\system32\uxtheme.dll
0x000007feed7f0000 - 0x000007feee041000 	C:\windows\system32\igdumdim64.dll
0x000007fef5330000 - 0x000007fef5763000 	C:\windows\system32\igdusc64.dll
0x0000000073190000 - 0x00000000731d3000 	C:\Program Files\Java\jdk1.8.0_60\jre\bin\glass.dll
0x000007fefee10000 - 0x000007fefeea7000 	C:\windows\system32\COMDLG32.dll
0x000007fefe8b0000 - 0x000007fefe987000 	C:\windows\system32\OLEAUT32.dll
0x000007fefd720000 - 0x000007fefd72f000 	C:\windows\system32\CRYPTBASE.dll
0x000000006e950000 - 0x000000006e964000 	C:\Program Files\Java\jdk1.8.0_60\jre\bin\javafx_font.dll
0x000007feee480000 - 0x000007feee616000 	C:\windows\system32\dwrite.dll
0x000007feffd30000 - 0x000007feffdc9000 	C:\windows\system32\CLBCatQ.DLL
0x000007fefba20000 - 0x000007fefbb81000 	C:\windows\system32\WindowsCodecs.dll
0x000007fefd6c0000 - 0x000007fefd717000 	C:\windows\system32\apphelp.dll
0x000007fef5210000 - 0x000007fef52d0000 	C:\Program Files (x86)\Google\Drive\googledrivesync64.dll
0x0000000071f10000 - 0x0000000071fe3000 	C:\Program Files (x86)\Google\Drive\Microsoft.VC90.CRT\MSVCP90.dll
0x0000000071e60000 - 0x0000000071f03000 	C:\Program Files (x86)\Google\Drive\Microsoft.VC90.CRT\MSVCR90.dll
0x000007fef51d0000 - 0x000007fef5205000 	C:\windows\system32\EhStorShell.dll
0x000007fefe200000 - 0x000007fefe3d7000 	C:\windows\system32\SETUPAPI.dll
0x000007fefdbc0000 - 0x000007fefdbf6000 	C:\windows\system32\CFGMGR32.dll
0x000007fefdb00000 - 0x000007fefdb1a000 	C:\windows\system32\DEVOBJ.dll
0x000007fefc060000 - 0x000007fefc18c000 	C:\windows\system32\PROPSYS.dll
0x000007fef3dc0000 - 0x000007fef442f000 	C:\PROGRA~1\MICROS~2\Office14\GROOVEEX.DLL
0x0000000071dc0000 - 0x0000000071e5d000 	C:\windows\WinSxS\amd64_microsoft.vc90.crt_1fc8b3b9a1e18e3b_9.0.30729.4940_none_08e4299fa83d7e3c\MSVCR90.dll
0x0000000071ce0000 - 0x0000000071db3000 	C:\windows\WinSxS\amd64_microsoft.vc90.crt_1fc8b3b9a1e18e3b_9.0.30729.4940_none_08e4299fa83d7e3c\MSVCP90.dll
0x0000000072200000 - 0x000000007222f000 	C:\windows\WinSxS\amd64_microsoft.vc90.atl_1fc8b3b9a1e18e3b_9.0.30729.4148_none_0a1d2fcba76b3f00\ATL90.DLL
0x000007fef39a0000 - 0x000007fef3dba000 	C:\PROGRA~1\COMMON~1\MICROS~1\OFFICE14\Cultures\office.odf
0x000007fef3120000 - 0x000007fef399b000 	C:\PROGRA~1\MICROS~2\Office14\1046\GrooveIntlResource.dll
0x000007fef5150000 - 0x000007fef51ce000 	C:\windows\System32\cscui.dll
0x000007fef6420000 - 0x000007fef642c000 	C:\windows\System32\CSCDLL.dll
0x000007fef8720000 - 0x000007fef872f000 	C:\windows\system32\CSCAPI.dll
0x000007fef50d0000 - 0x000007fef5150000 	C:\windows\system32\ntshrui.dll
0x000007fefd420000 - 0x000007fefd443000 	C:\windows\system32\srvcli.dll
0x000007fefa0a0000 - 0x000007fefa0ab000 	C:\windows\system32\slc.dll
0x000007fef0c30000 - 0x000007fef0c5d000 	C:\Program Files\Common Files\Microsoft Shared\Ink\rtscom.dll
0x00000000731f0000 - 0x0000000073201000 	C:\Program Files\Java\jdk1.8.0_60\jre\bin\prism_common.dll
0x0000000072970000 - 0x000000007298a000 	C:\Program Files\Java\jdk1.8.0_60\jre\bin\net.dll
0x000007fefd060000 - 0x000007fefd0b5000 	C:\windows\system32\mswsock.dll
0x000007fefd050000 - 0x000007fefd057000 	C:\windows\System32\wship6.dll
0x0000000072950000 - 0x0000000072961000 	C:\Program Files\Java\jdk1.8.0_60\jre\bin\nio.dll
0x000000006e920000 - 0x000000006e944000 	C:\Program Files\Java\jdk1.8.0_60\jre\bin\sunec.dll
0x000007fefa230000 - 0x000007fefa245000 	C:\windows\system32\NLAapi.dll
0x000007fef82b0000 - 0x000007fef82c5000 	C:\windows\system32\napinsp.dll
0x000007fef8290000 - 0x000007fef82a9000 	C:\windows\system32\pnrpnsp.dll
0x000007fefcee0000 - 0x000007fefcf3b000 	C:\windows\system32\DNSAPI.dll
0x000007fef8280000 - 0x000007fef828b000 	C:\windows\System32\winrnr.dll
0x000007fefca40000 - 0x000007fefca47000 	C:\windows\System32\wshtcpip.dll
0x000007fef9e80000 - 0x000007fef9ea7000 	C:\windows\system32\IPHLPAPI.DLL
0x000007fef9e60000 - 0x000007fef9e6b000 	C:\windows\system32\WINNSI.DLL
0x000007fef8cd0000 - 0x000007fef8cd8000 	C:\windows\system32\rasadhlp.dll
0x000007fef9cf0000 - 0x000007fef9d43000 	C:\windows\System32\fwpuclnt.dll
0x000007fefd0c0000 - 0x000007fefd0d8000 	C:\windows\system32\CRYPTSP.dll
0x000007fefcdc0000 - 0x000007fefce07000 	C:\windows\system32\rsaenh.dll
0x000007fefda40000 - 0x000007fefda5e000 	C:\windows\system32\USERENV.dll
0x000007fef9c70000 - 0x000007fef9c81000 	C:\windows\system32\dhcpcsvc6.DLL
0x000007fef9c50000 - 0x000007fef9c68000 	C:\windows\system32\dhcpcsvc.DLL
0x000007feee620000 - 0x000007feee9e4000 	C:\windows\system32\d2d1.dll
0x000007fef5940000 - 0x000007fef5b15000 	C:\windows\system32\d3d11.dll
0x000007fef5b20000 - 0x000007fef5b7d000 	C:\windows\system32\dxgi.dll
0x000007feee200000 - 0x000007feee479000 	C:\windows\system32\D3D10Warp.dll
0x000007fefdc00000 - 0x000007fefdc3b000 	C:\windows\system32\WINTRUST.dll
0x000007fefd8b0000 - 0x000007fefda1d000 	C:\windows\system32\CRYPT32.dll
0x000007fefd880000 - 0x000007fefd88f000 	C:\windows\system32\MSASN1.dll
0x0000000180000000 - 0x0000000180025000 	C:\Users\OCTI01\Projetos\NetBeansProjects 10 Simulado\QuadroDeHorarioFX\rxtxSerial.dll
0x00000000023f0000 - 0x000000000240a000 	C:\Users\OCTI01\Projetos\NetBeansProjects 10 Simulado\QuadroDeHorarioFX\rxtxParallel.dll
0x000007fef85f0000 - 0x000007fef8715000 	C:\windows\system32\dbghelp.dll

VM Arguments:
jvm_args: -Dfile.encoding=UTF-8 
java_command: C:\Users\OCTI01\Projetos\NetBeansProjects 10 Simulado\QuadroDeHorarioFX\dist\run144132209\QuadroDeHorarioFX.jar
java_class_path (initial): C:\Users\OCTI01\Projetos\NetBeansProjects 10 Simulado\QuadroDeHorarioFX\dist\run144132209\QuadroDeHorarioFX.jar
Launcher Type: SUN_STANDARD

Environment Variables:
JAVA_HOME=C:\Program Files\Java\jdk1.8.0_40
CLASSPATH=.;JAVA_HOME
PATH=C:\ProgramData\Oracle\Java\javapath;C:\Program Files (x86)\Intel\iCLS Client\;C:\Program Files\Intel\iCLS Client\;C:\windows\system32;C:\windows;C:\windows\System32\Wbem;C:\windows\System32\WindowsPowerShell\v1.0\;C:\Program Files\Intel\Intel(R) Management Engine Components\DAL;C:\Program Files\Intel\Intel(R) Management Engine Components\IPT;C:\Program Files (x86)\Intel\Intel(R) Management Engine Components\DAL;C:\Program Files (x86)\Intel\Intel(R) Management Engine Components\IPT;C:\Program Files (x86)\Intel\OpenCL SDK\2.0\bin\x86;C:\Program Files (x86)\Intel\OpenCL SDK\2.0\bin\x64;C:\Program Files\MySQL\MySQL Server 5.6\bin;C:\Program Files\Java\jre1.8.0_40\bin;C:\Program Files\Java\jdk1.8.0_40\bin;C:\Program Files (x86)\MySQL\MySQL Utilities 1.4.4\;C:\Program Files (x86)\MySQL\MySQL Utilities 1.4.4\Doctrine extensions for PHP\;C:\Program Files\Java\jdk1.8.0_40\bin
USERNAME=OCTI01
OS=Windows_NT
PROCESSOR_IDENTIFIER=Intel64 Family 6 Model 58 Stepping 9, GenuineIntel



---------------  S Y S T E M  ---------------

OS: Windows 7 , 64 bit Build 7601 (6.1.7601.18409)

CPU:total 4 (4 cores per cpu, 1 threads per core) family 6 model 58 stepping 9, cmov, cx8, fxsr, mmx, sse, sse2, sse3, ssse3, sse4.1, sse4.2, popcnt, avx, aes, clmul, erms, tsc, tscinvbit, tscinv

Memory: 4k page, physical 20384892k(14357980k free), swap 40767928k(33970328k free)

vm_info: Java HotSpot(TM) 64-Bit Server VM (25.60-b23) for windows-amd64 JRE (1.8.0_60-b27), built on Aug  4 2015 11:06:27 by "java_re" with MS VC++ 10.0 (VS2010)

time: Wed Sep 30 15:42:15 2015
elapsed time: 76 seconds (0d 0h 1m 16s)

